Dec 19, 2014 4:58:17 PM org.apache.catalina.core.AprLifecycleListener init
INFO: The APR based Apache Tomcat Native library which allows optimal performance in production environments was not found on the java.library.path: /usr/lib
Dec 19, 2014 4:58:17 PM org.apache.tomcat.util.digester.SetPropertiesRule begin
WARNING: [SetPropertiesRule]{Server/Service/Engine/Host} Setting property 'appBabe' to 'webapps' did not find a matching property.
Dec 19, 2014 4:58:18 PM org.apache.coyote.http11.Http11Protocol init
INFO: Initializing Coyote HTTP/1.1 on http-8080
Dec 19, 2014 4:58:18 PM org.apache.coyote.http11.Http11Protocol init
INFO: Initializing Coyote HTTP/1.1 on http-8443
Dec 19, 2014 4:58:18 PM org.apache.catalina.startup.Catalina load
INFO: Initialization processed in 2051 ms
Dec 19, 2014 4:58:19 PM org.apache.catalina.core.StandardService start
INFO: Starting service Catalina
Dec 19, 2014 4:58:19 PM org.apache.catalina.core.StandardEngine start
INFO: Starting Servlet Engine: Apache Tomcat/6.0.43
Dec 19, 2014 4:58:19 PM org.apache.catalina.startup.HostConfig deployDescriptor
INFO: Deploying configuration descriptor manager.xml
Dec 19, 2014 4:58:19 PM org.apache.catalina.startup.HostConfig deployDescriptor
INFO: Deploying configuration descriptor host-manager.xml
Dec 19, 2014 4:58:20 PM org.apache.catalina.startup.HostConfig deployDirectory
INFO: Deploying web application directory docs
Dec 19, 2014 4:58:20 PM org.apache.catalina.startup.HostConfig deployDirectory
INFO: Deploying web application directory indexer-webservice
Dec 19, 2014 4:58:25 PM org.apache.catalina.startup.HostConfig deployDirectory
INFO: Deploying web application directory escenic-admin
Dec 19, 2014 4:58:26 PM org.apache.catalina.startup.HostConfig deployDirectory
INFO: Deploying web application directory solr
Dec 19, 2014 4:58:32 PM org.apache.catalina.startup.HostConfig deployDirectory
INFO: Deploying web application directory studio
Dec 19, 2014 4:58:33 PM org.apache.catalina.startup.HostConfig deployDirectory
INFO: Deploying web application directory ROOT
Dec 19, 2014 4:58:33 PM org.apache.catalina.startup.HostConfig deployDirectory
INFO: Deploying web application directory escenic
Dec 19, 2014 4:58:34 PM org.apache.catalina.startup.HostConfig deployDirectory
INFO: Deploying web application directory webservice-extensions
Dec 19, 2014 4:58:34 PM org.apache.catalina.startup.HostConfig deployDirectory
INFO: Deploying web application directory webservice
Dec 19, 2014 4:58:35 PM com.sun.jersey.api.core.PackagesResourceConfig init
INFO: Scanning for root resource and provider classes in the packages:
  com.escenic.webservice.resource
  com.escenic.webservice.resource.classification
  com.escenic.webservice.integration.jersey
  com.escenic.webservice.integration.jersey.exception
Dec 19, 2014 4:58:36 PM com.sun.jersey.api.core.ScanningResourceConfig logClasses
INFO: Root resource classes found:
  class com.escenic.webservice.resource.PageFeed
  class com.escenic.webservice.resource.classification.StructureResource
  class com.escenic.webservice.resource.URIExistsResource
  class com.escenic.webservice.resource.ListPoolResource
  class com.escenic.webservice.resource.ModelResource
  class com.escenic.webservice.resource.ListFeed
  class com.escenic.webservice.resource.SubsectionFeed
  class com.escenic.webservice.resource.ContentBySourceResource
  class com.escenic.webservice.resource.InboxFeed
  class com.escenic.webservice.resource.classification.TagResource
  class com.escenic.webservice.resource.ContentItemFeed
  class com.escenic.webservice.resource.PublicationResource
  class com.escenic.webservice.resource.ProxyResource
  class com.escenic.webservice.resource.SectionResource
  class com.escenic.webservice.resource.BinaryResource
  class com.escenic.webservice.resource.ContentStateResource
  class com.escenic.webservice.resource.classification.MergeTagsResource
  class com.escenic.webservice.resource.classification.TagSearchResource
  class com.escenic.webservice.resource.LicenseResource
  class com.escenic.webservice.resource.ContentEntry
  class com.escenic.webservice.resource.classification.ClassificationResource
  class com.escenic.webservice.resource.LockResource
  class com.escenic.webservice.resource.ScriptResource
  class com.escenic.webservice.resource.ChangelogFeed
  class com.escenic.webservice.resource.PersonResource
Dec 19, 2014 4:58:36 PM com.sun.jersey.api.core.ScanningResourceConfig logClasses
INFO: Provider classes found:
  class com.escenic.webservice.integration.jersey.exception.AccessControlExceptionMapper
  class com.escenic.webservice.resource.XStreamContentReader
  class com.escenic.webservice.integration.jersey.exception.ConflictExceptionMapper
  class com.escenic.webservice.integration.jersey.exception.WebApplicationExceptionMapper
  class com.escenic.webservice.integration.jersey.ModelProvider
  class com.escenic.webservice.resource.PayloadReader
  class com.escenic.webservice.integration.jersey.exception.BadRequestForFilterExceptionMapper
  class com.escenic.webservice.integration.jersey.exception.NoSuchObjectExceptionMapper
  class com.escenic.webservice.integration.jersey.exception.BadRequestExceptionMapper
  class com.escenic.webservice.integration.jersey.RequestAttributeInjector
  class com.escenic.webservice.integration.jersey.exception.InternalServerExceptionMapper
Dec 19, 2014 4:58:36 PM com.sun.jersey.server.impl.application.WebApplicationImpl _initiate
INFO: Initiating Jersey application, version 'Jersey: 1.10 11/02/2011 03:53 PM'
Dec 19, 2014 4:58:38 PM org.apache.catalina.startup.HostConfig deployDirectory
INFO: Deploying web application directory indexer-webapp
Dec 19, 2014 4:58:39 PM org.apache.catalina.startup.HostConfig deployDirectory
INFO: Deploying web application directory examples
Dec 19, 2014 4:58:40 PM org.apache.catalina.core.ApplicationContext log
INFO: imageVersionFilter: init (oncePerRequest=false, attribRunOnce=imageVersionFilter.REQUEST_HANDLED)
Dec 19, 2014 4:58:40 PM org.apache.catalina.core.ApplicationContext log
INFO: cache: init (oncePerRequest=false, attribRunOnce=cache.REQUEST_HANDLED)
Dec 19, 2014 4:58:40 PM org.apache.catalina.core.ApplicationContext log
INFO: BootstrapFilter: init (oncePerRequest=false, attribRunOnce=BootstrapFilter.REQUEST_HANDLED)
Dec 19, 2014 4:58:40 PM org.apache.catalina.startup.HostConfig deployDescriptor
INFO: Deploying configuration descriptor manager.xml
Dec 19, 2014 4:58:40 PM org.apache.catalina.core.StandardContext resourcesStart
SEVERE: Error starting static Resources
java.lang.IllegalArgumentException: Document base /opt/tomcat/webapps-demo/manager does not exist or is not a readable directory
	at org.apache.naming.resources.FileDirContext.setDocBase(FileDirContext.java:142)
	at org.apache.catalina.core.StandardContext.resourcesStart(StandardContext.java:4324)
	at org.apache.catalina.core.StandardContext.start(StandardContext.java:4493)
	at org.apache.catalina.core.ContainerBase.addChildInternal(ContainerBase.java:802)
	at org.apache.catalina.core.ContainerBase.addChild(ContainerBase.java:779)
	at org.apache.catalina.core.StandardHost.addChild(StandardHost.java:583)
	at org.apache.catalina.startup.HostConfig.deployDescriptor(HostConfig.java:675)
	at org.apache.catalina.startup.HostConfig.deployDescriptors(HostConfig.java:601)
	at org.apache.catalina.startup.HostConfig.deployApps(HostConfig.java:502)
	at org.apache.catalina.startup.HostConfig.start(HostConfig.java:1317)
	at org.apache.catalina.startup.HostConfig.lifecycleEvent(HostConfig.java:324)
	at org.apache.catalina.util.LifecycleSupport.fireLifecycleEvent(LifecycleSupport.java:142)
	at org.apache.catalina.core.ContainerBase.start(ContainerBase.java:1068)
	at org.apache.catalina.core.StandardHost.start(StandardHost.java:822)
	at org.apache.catalina.core.ContainerBase.start(ContainerBase.java:1060)
	at org.apache.catalina.core.StandardEngine.start(StandardEngine.java:463)
	at org.apache.catalina.core.StandardService.start(StandardService.java:525)
	at org.apache.catalina.core.StandardServer.start(StandardServer.java:759)
	at org.apache.catalina.startup.Catalina.start(Catalina.java:595)
	at sun.reflect.NativeMethodAccessorImpl.invoke0(Native Method)
	at sun.reflect.NativeMethodAccessorImpl.invoke(NativeMethodAccessorImpl.java:62)
	at sun.reflect.DelegatingMethodAccessorImpl.invoke(DelegatingMethodAccessorImpl.java:43)
	at java.lang.reflect.Method.invoke(Method.java:483)
	at org.apache.catalina.startup.Bootstrap.start(Bootstrap.java:289)
	at org.apache.catalina.startup.Bootstrap.main(Bootstrap.java:414)

Dec 19, 2014 4:58:40 PM org.apache.catalina.core.StandardContext start
SEVERE: Error in resourceStart()
Dec 19, 2014 4:58:40 PM org.apache.catalina.core.StandardContext start
SEVERE: Error getConfigured
Dec 19, 2014 4:58:40 PM org.apache.catalina.core.StandardContext start
SEVERE: Context [/manager] startup failed due to previous errors
Dec 19, 2014 4:58:40 PM org.apache.catalina.core.StandardContext stop
INFO: Container org.apache.catalina.core.ContainerBase.[Catalina].[local.raiyaan.com].[/manager] has not been started
Dec 19, 2014 4:58:40 PM org.apache.catalina.startup.HostConfig deployDescriptor
INFO: Deploying configuration descriptor host-manager.xml
Dec 19, 2014 4:58:40 PM org.apache.catalina.core.StandardContext resourcesStart
SEVERE: Error starting static Resources
java.lang.IllegalArgumentException: Document base /opt/tomcat/webapps-demo/host-manager does not exist or is not a readable directory
	at org.apache.naming.resources.FileDirContext.setDocBase(FileDirContext.java:142)
	at org.apache.catalina.core.StandardContext.resourcesStart(StandardContext.java:4324)
	at org.apache.catalina.core.StandardContext.start(StandardContext.java:4493)
	at org.apache.catalina.core.ContainerBase.addChildInternal(ContainerBase.java:802)
	at org.apache.catalina.core.ContainerBase.addChild(ContainerBase.java:779)
	at org.apache.catalina.core.StandardHost.addChild(StandardHost.java:583)
	at org.apache.catalina.startup.HostConfig.deployDescriptor(HostConfig.java:675)
	at org.apache.catalina.startup.HostConfig.deployDescriptors(HostConfig.java:601)
	at org.apache.catalina.startup.HostConfig.deployApps(HostConfig.java:502)
	at org.apache.catalina.startup.HostConfig.start(HostConfig.java:1317)
	at org.apache.catalina.startup.HostConfig.lifecycleEvent(HostConfig.java:324)
	at org.apache.catalina.util.LifecycleSupport.fireLifecycleEvent(LifecycleSupport.java:142)
	at org.apache.catalina.core.ContainerBase.start(ContainerBase.java:1068)
	at org.apache.catalina.core.StandardHost.start(StandardHost.java:822)
	at org.apache.catalina.core.ContainerBase.start(ContainerBase.java:1060)
	at org.apache.catalina.core.StandardEngine.start(StandardEngine.java:463)
	at org.apache.catalina.core.StandardService.start(StandardService.java:525)
	at org.apache.catalina.core.StandardServer.start(StandardServer.java:759)
	at org.apache.catalina.startup.Catalina.start(Catalina.java:595)
	at sun.reflect.NativeMethodAccessorImpl.invoke0(Native Method)
	at sun.reflect.NativeMethodAccessorImpl.invoke(NativeMethodAccessorImpl.java:62)
	at sun.reflect.DelegatingMethodAccessorImpl.invoke(DelegatingMethodAccessorImpl.java:43)
	at java.lang.reflect.Method.invoke(Method.java:483)
	at org.apache.catalina.startup.Bootstrap.start(Bootstrap.java:289)
	at org.apache.catalina.startup.Bootstrap.main(Bootstrap.java:414)

Dec 19, 2014 4:58:40 PM org.apache.catalina.core.StandardContext start
SEVERE: Error in resourceStart()
Dec 19, 2014 4:58:40 PM org.apache.catalina.core.StandardContext start
SEVERE: Error getConfigured
Dec 19, 2014 4:58:40 PM org.apache.catalina.core.StandardContext start
SEVERE: Context [/host-manager] startup failed due to previous errors
Dec 19, 2014 4:58:40 PM org.apache.catalina.core.StandardContext stop
INFO: Container org.apache.catalina.core.ContainerBase.[Catalina].[local.raiyaan.com].[/host-manager] has not been started
Dec 19, 2014 4:58:40 PM org.apache.catalina.startup.HostConfig deployDirectory
INFO: Deploying web application directory demo
Dec 19, 2014 4:58:40 PM org.apache.catalina.core.ApplicationContext log
INFO: imageVersionFilter: init (oncePerRequest=false, attribRunOnce=imageVersionFilter.REQUEST_HANDLED)
Dec 19, 2014 4:58:40 PM org.apache.catalina.core.ApplicationContext log
INFO: cache: init (oncePerRequest=false, attribRunOnce=cache.REQUEST_HANDLED)
Dec 19, 2014 4:58:40 PM org.apache.catalina.core.ApplicationContext log
INFO: BootstrapFilter: init (oncePerRequest=false, attribRunOnce=BootstrapFilter.REQUEST_HANDLED)
Dec 19, 2014 4:58:40 PM org.apache.coyote.http11.Http11Protocol start
INFO: Starting Coyote HTTP/1.1 on http-8080
Dec 19, 2014 4:58:40 PM org.apache.coyote.http11.Http11Protocol start
INFO: Starting Coyote HTTP/1.1 on http-8443
Dec 19, 2014 4:58:40 PM org.apache.jk.common.ChannelSocket init
INFO: JK: ajp13 listening on /0.0.0.0:8009
Dec 19, 2014 4:58:40 PM org.apache.jk.server.JkMain start
INFO: Jk running ID=0 time=0/36  config=null
Dec 19, 2014 4:58:40 PM org.apache.catalina.startup.Catalina start
INFO: Server startup in 22060 ms
Dec 19, 2014 6:55:54 PM org.apache.catalina.core.AprLifecycleListener init
INFO: The APR based Apache Tomcat Native library which allows optimal performance in production environments was not found on the java.library.path: /usr/lib
Dec 19, 2014 6:55:54 PM org.apache.tomcat.util.digester.SetPropertiesRule begin
WARNING: [SetPropertiesRule]{Server/Service/Engine/Host} Setting property 'appBabe' to 'webapps' did not find a matching property.
Dec 19, 2014 6:55:55 PM org.apache.coyote.http11.Http11Protocol init
INFO: Initializing Coyote HTTP/1.1 on http-8080
Dec 19, 2014 6:55:55 PM org.apache.coyote.http11.Http11Protocol init
INFO: Initializing Coyote HTTP/1.1 on http-8443
Dec 19, 2014 6:55:55 PM org.apache.catalina.startup.Catalina load
INFO: Initialization processed in 747 ms
Dec 19, 2014 6:55:55 PM org.apache.catalina.core.StandardService start
INFO: Starting service Catalina
Dec 19, 2014 6:55:55 PM org.apache.catalina.core.StandardEngine start
INFO: Starting Servlet Engine: Apache Tomcat/6.0.43
Dec 19, 2014 6:55:55 PM org.apache.catalina.startup.HostConfig deployDescriptor
INFO: Deploying configuration descriptor manager.xml
Dec 19, 2014 6:55:55 PM org.apache.catalina.startup.HostConfig deployDescriptor
INFO: Deploying configuration descriptor host-manager.xml
Dec 19, 2014 6:55:55 PM org.apache.catalina.startup.HostConfig deployDirectory
INFO: Deploying web application directory docs
Dec 19, 2014 6:55:55 PM org.apache.catalina.startup.HostConfig deployDirectory
INFO: Deploying web application directory indexer-webservice
Dec 19, 2014 6:55:58 PM org.apache.catalina.startup.HostConfig deployDirectory
INFO: Deploying web application directory escenic-admin
Dec 19, 2014 6:55:59 PM org.apache.catalina.startup.HostConfig deployDirectory
INFO: Deploying web application directory solr
Dec 19, 2014 6:56:00 PM org.apache.catalina.startup.HostConfig deployDirectory
INFO: Deploying web application directory studio
Dec 19, 2014 6:56:01 PM org.apache.catalina.startup.HostConfig deployDirectory
INFO: Deploying web application directory ROOT
Dec 19, 2014 6:56:01 PM org.apache.catalina.startup.HostConfig deployDirectory
INFO: Deploying web application directory escenic
Dec 19, 2014 6:56:01 PM org.apache.catalina.startup.HostConfig deployDirectory
INFO: Deploying web application directory webservice-extensions
Dec 19, 2014 6:56:02 PM org.apache.catalina.startup.HostConfig deployDirectory
INFO: Deploying web application directory webservice
Dec 19, 2014 6:56:02 PM com.sun.jersey.api.core.PackagesResourceConfig init
INFO: Scanning for root resource and provider classes in the packages:
  com.escenic.webservice.resource
  com.escenic.webservice.resource.classification
  com.escenic.webservice.integration.jersey
  com.escenic.webservice.integration.jersey.exception
Dec 19, 2014 6:56:02 PM com.sun.jersey.api.core.ScanningResourceConfig logClasses
INFO: Root resource classes found:
  class com.escenic.webservice.resource.PageFeed
  class com.escenic.webservice.resource.classification.StructureResource
  class com.escenic.webservice.resource.URIExistsResource
  class com.escenic.webservice.resource.ListPoolResource
  class com.escenic.webservice.resource.ModelResource
  class com.escenic.webservice.resource.ListFeed
  class com.escenic.webservice.resource.SubsectionFeed
  class com.escenic.webservice.resource.ContentBySourceResource
  class com.escenic.webservice.resource.InboxFeed
  class com.escenic.webservice.resource.classification.TagResource
  class com.escenic.webservice.resource.ContentItemFeed
  class com.escenic.webservice.resource.PublicationResource
  class com.escenic.webservice.resource.ProxyResource
  class com.escenic.webservice.resource.SectionResource
  class com.escenic.webservice.resource.BinaryResource
  class com.escenic.webservice.resource.ContentStateResource
  class com.escenic.webservice.resource.classification.MergeTagsResource
  class com.escenic.webservice.resource.classification.TagSearchResource
  class com.escenic.webservice.resource.LicenseResource
  class com.escenic.webservice.resource.ContentEntry
  class com.escenic.webservice.resource.classification.ClassificationResource
  class com.escenic.webservice.resource.LockResource
  class com.escenic.webservice.resource.ScriptResource
  class com.escenic.webservice.resource.ChangelogFeed
  class com.escenic.webservice.resource.PersonResource
Dec 19, 2014 6:56:02 PM com.sun.jersey.api.core.ScanningResourceConfig logClasses
INFO: Provider classes found:
  class com.escenic.webservice.integration.jersey.exception.AccessControlExceptionMapper
  class com.escenic.webservice.resource.XStreamContentReader
  class com.escenic.webservice.integration.jersey.exception.ConflictExceptionMapper
  class com.escenic.webservice.integration.jersey.exception.WebApplicationExceptionMapper
  class com.escenic.webservice.integration.jersey.ModelProvider
  class com.escenic.webservice.resource.PayloadReader
  class com.escenic.webservice.integration.jersey.exception.BadRequestForFilterExceptionMapper
  class com.escenic.webservice.integration.jersey.exception.NoSuchObjectExceptionMapper
  class com.escenic.webservice.integration.jersey.exception.BadRequestExceptionMapper
  class com.escenic.webservice.integration.jersey.RequestAttributeInjector
  class com.escenic.webservice.integration.jersey.exception.InternalServerExceptionMapper
Dec 19, 2014 6:56:02 PM com.sun.jersey.server.impl.application.WebApplicationImpl _initiate
INFO: Initiating Jersey application, version 'Jersey: 1.10 11/02/2011 03:53 PM'
Dec 19, 2014 6:56:04 PM org.apache.catalina.startup.HostConfig deployDirectory
INFO: Deploying web application directory indexer-webapp
Dec 19, 2014 6:56:04 PM org.apache.catalina.startup.HostConfig deployDirectory
INFO: Deploying web application directory examples
Dec 19, 2014 6:56:04 PM org.apache.catalina.core.ApplicationContext log
INFO: imageVersionFilter: init (oncePerRequest=false, attribRunOnce=imageVersionFilter.REQUEST_HANDLED)
Dec 19, 2014 6:56:04 PM org.apache.catalina.core.ApplicationContext log
INFO: cache: init (oncePerRequest=false, attribRunOnce=cache.REQUEST_HANDLED)
Dec 19, 2014 6:56:04 PM org.apache.catalina.core.ApplicationContext log
INFO: BootstrapFilter: init (oncePerRequest=false, attribRunOnce=BootstrapFilter.REQUEST_HANDLED)
Dec 19, 2014 6:56:04 PM org.apache.catalina.startup.HostConfig deployDescriptor
INFO: Deploying configuration descriptor manager.xml
Dec 19, 2014 6:56:04 PM org.apache.catalina.core.StandardContext resourcesStart
SEVERE: Error starting static Resources
java.lang.IllegalArgumentException: Document base /opt/tomcat/webapps-demo/manager does not exist or is not a readable directory
	at org.apache.naming.resources.FileDirContext.setDocBase(FileDirContext.java:142)
	at org.apache.catalina.core.StandardContext.resourcesStart(StandardContext.java:4324)
	at org.apache.catalina.core.StandardContext.start(StandardContext.java:4493)
	at org.apache.catalina.core.ContainerBase.addChildInternal(ContainerBase.java:802)
	at org.apache.catalina.core.ContainerBase.addChild(ContainerBase.java:779)
	at org.apache.catalina.core.StandardHost.addChild(StandardHost.java:583)
	at org.apache.catalina.startup.HostConfig.deployDescriptor(HostConfig.java:675)
	at org.apache.catalina.startup.HostConfig.deployDescriptors(HostConfig.java:601)
	at org.apache.catalina.startup.HostConfig.deployApps(HostConfig.java:502)
	at org.apache.catalina.startup.HostConfig.start(HostConfig.java:1317)
	at org.apache.catalina.startup.HostConfig.lifecycleEvent(HostConfig.java:324)
	at org.apache.catalina.util.LifecycleSupport.fireLifecycleEvent(LifecycleSupport.java:142)
	at org.apache.catalina.core.ContainerBase.start(ContainerBase.java:1068)
	at org.apache.catalina.core.StandardHost.start(StandardHost.java:822)
	at org.apache.catalina.core.ContainerBase.start(ContainerBase.java:1060)
	at org.apache.catalina.core.StandardEngine.start(StandardEngine.java:463)
	at org.apache.catalina.core.StandardService.start(StandardService.java:525)
	at org.apache.catalina.core.StandardServer.start(StandardServer.java:759)
	at org.apache.catalina.startup.Catalina.start(Catalina.java:595)
	at sun.reflect.NativeMethodAccessorImpl.invoke0(Native Method)
	at sun.reflect.NativeMethodAccessorImpl.invoke(NativeMethodAccessorImpl.java:62)
	at sun.reflect.DelegatingMethodAccessorImpl.invoke(DelegatingMethodAccessorImpl.java:43)
	at java.lang.reflect.Method.invoke(Method.java:483)
	at org.apache.catalina.startup.Bootstrap.start(Bootstrap.java:289)
	at org.apache.catalina.startup.Bootstrap.main(Bootstrap.java:414)

Dec 19, 2014 6:56:04 PM org.apache.catalina.core.StandardContext start
SEVERE: Error in resourceStart()
Dec 19, 2014 6:56:04 PM org.apache.catalina.core.StandardContext start
SEVERE: Error getConfigured
Dec 19, 2014 6:56:04 PM org.apache.catalina.core.StandardContext start
SEVERE: Context [/manager] startup failed due to previous errors
Dec 19, 2014 6:56:04 PM org.apache.catalina.core.StandardContext stop
INFO: Container org.apache.catalina.core.ContainerBase.[Catalina].[local.raiyaan.com].[/manager] has not been started
Dec 19, 2014 6:56:04 PM org.apache.catalina.startup.HostConfig deployDescriptor
INFO: Deploying configuration descriptor host-manager.xml
Dec 19, 2014 6:56:04 PM org.apache.catalina.core.StandardContext resourcesStart
SEVERE: Error starting static Resources
java.lang.IllegalArgumentException: Document base /opt/tomcat/webapps-demo/host-manager does not exist or is not a readable directory
	at org.apache.naming.resources.FileDirContext.setDocBase(FileDirContext.java:142)
	at org.apache.catalina.core.StandardContext.resourcesStart(StandardContext.java:4324)
	at org.apache.catalina.core.StandardContext.start(StandardContext.java:4493)
	at org.apache.catalina.core.ContainerBase.addChildInternal(ContainerBase.java:802)
	at org.apache.catalina.core.ContainerBase.addChild(ContainerBase.java:779)
	at org.apache.catalina.core.StandardHost.addChild(StandardHost.java:583)
	at org.apache.catalina.startup.HostConfig.deployDescriptor(HostConfig.java:675)
	at org.apache.catalina.startup.HostConfig.deployDescriptors(HostConfig.java:601)
	at org.apache.catalina.startup.HostConfig.deployApps(HostConfig.java:502)
	at org.apache.catalina.startup.HostConfig.start(HostConfig.java:1317)
	at org.apache.catalina.startup.HostConfig.lifecycleEvent(HostConfig.java:324)
	at org.apache.catalina.util.LifecycleSupport.fireLifecycleEvent(LifecycleSupport.java:142)
	at org.apache.catalina.core.ContainerBase.start(ContainerBase.java:1068)
	at org.apache.catalina.core.StandardHost.start(StandardHost.java:822)
	at org.apache.catalina.core.ContainerBase.start(ContainerBase.java:1060)
	at org.apache.catalina.core.StandardEngine.start(StandardEngine.java:463)
	at org.apache.catalina.core.StandardService.start(StandardService.java:525)
	at org.apache.catalina.core.StandardServer.start(StandardServer.java:759)
	at org.apache.catalina.startup.Catalina.start(Catalina.java:595)
	at sun.reflect.NativeMethodAccessorImpl.invoke0(Native Method)
	at sun.reflect.NativeMethodAccessorImpl.invoke(NativeMethodAccessorImpl.java:62)
	at sun.reflect.DelegatingMethodAccessorImpl.invoke(DelegatingMethodAccessorImpl.java:43)
	at java.lang.reflect.Method.invoke(Method.java:483)
	at org.apache.catalina.startup.Bootstrap.start(Bootstrap.java:289)
	at org.apache.catalina.startup.Bootstrap.main(Bootstrap.java:414)

Dec 19, 2014 6:56:04 PM org.apache.catalina.core.StandardContext start
SEVERE: Error in resourceStart()
Dec 19, 2014 6:56:04 PM org.apache.catalina.core.StandardContext start
SEVERE: Error getConfigured
Dec 19, 2014 6:56:04 PM org.apache.catalina.core.StandardContext start
SEVERE: Context [/host-manager] startup failed due to previous errors
Dec 19, 2014 6:56:04 PM org.apache.catalina.core.StandardContext stop
INFO: Container org.apache.catalina.core.ContainerBase.[Catalina].[local.raiyaan.com].[/host-manager] has not been started
Dec 19, 2014 6:56:04 PM org.apache.catalina.startup.HostConfig deployDirectory
INFO: Deploying web application directory demo
Dec 19, 2014 6:56:05 PM org.apache.catalina.core.ApplicationContext log
INFO: imageVersionFilter: init (oncePerRequest=false, attribRunOnce=imageVersionFilter.REQUEST_HANDLED)
Dec 19, 2014 6:56:05 PM org.apache.catalina.core.ApplicationContext log
INFO: cache: init (oncePerRequest=false, attribRunOnce=cache.REQUEST_HANDLED)
Dec 19, 2014 6:56:05 PM org.apache.catalina.core.ApplicationContext log
INFO: BootstrapFilter: init (oncePerRequest=false, attribRunOnce=BootstrapFilter.REQUEST_HANDLED)
Dec 19, 2014 6:56:05 PM org.apache.coyote.http11.Http11Protocol start
INFO: Starting Coyote HTTP/1.1 on http-8080
Dec 19, 2014 6:56:05 PM org.apache.coyote.http11.Http11Protocol start
INFO: Starting Coyote HTTP/1.1 on http-8443
Dec 19, 2014 6:56:05 PM org.apache.jk.common.ChannelSocket init
INFO: JK: ajp13 listening on /0.0.0.0:8009
Dec 19, 2014 6:56:05 PM org.apache.jk.server.JkMain start
INFO: Jk running ID=0 time=0/16  config=null
Dec 19, 2014 6:56:05 PM org.apache.catalina.startup.Catalina start
INFO: Server startup in 10094 ms
Dec 19, 2014 6:56:31 PM org.apache.coyote.http11.Http11Protocol pause
INFO: Pausing Coyote HTTP/1.1 on http-8080
Dec 19, 2014 6:56:31 PM org.apache.coyote.http11.Http11Protocol pause
INFO: Pausing Coyote HTTP/1.1 on http-8443
Dec 19, 2014 6:56:32 PM org.apache.catalina.core.StandardService stop
INFO: Stopping service Catalina
Dec 19, 2014 6:56:34 PM org.apache.catalina.core.ApplicationContext log
INFO: imageVersionFilter: destroy
Dec 19, 2014 6:56:34 PM org.apache.catalina.core.ApplicationContext log
INFO: BootstrapFilter: destroy
Dec 19, 2014 6:56:34 PM org.apache.catalina.core.ApplicationContext log
INFO: imageVersionFilter: destroy
Dec 19, 2014 6:56:34 PM org.apache.catalina.core.ApplicationContext log
INFO: BootstrapFilter: destroy
Dec 19, 2014 6:56:34 PM org.apache.coyote.http11.Http11Protocol destroy
INFO: Stopping Coyote HTTP/1.1 on http-8080
Dec 19, 2014 6:56:34 PM org.apache.coyote.http11.Http11Protocol destroy
INFO: Stopping Coyote HTTP/1.1 on http-8443
Dec 19, 2014 8:50:15 PM org.apache.catalina.core.AprLifecycleListener init
INFO: The APR based Apache Tomcat Native library which allows optimal performance in production environments was not found on the java.library.path: /usr/lib
Dec 19, 2014 8:50:15 PM org.apache.tomcat.util.digester.SetPropertiesRule begin
WARNING: [SetPropertiesRule]{Server/Service/Engine/Host} Setting property 'appBabe' to 'webapps' did not find a matching property.
Dec 19, 2014 8:50:15 PM org.apache.coyote.http11.Http11Protocol init
INFO: Initializing Coyote HTTP/1.1 on http-8080
Dec 19, 2014 8:50:15 PM org.apache.coyote.http11.Http11Protocol init
INFO: Initializing Coyote HTTP/1.1 on http-8443
Dec 19, 2014 8:50:15 PM org.apache.catalina.startup.Catalina load
INFO: Initialization processed in 699 ms
Dec 19, 2014 8:50:16 PM org.apache.catalina.core.StandardService start
INFO: Starting service Catalina
Dec 19, 2014 8:50:16 PM org.apache.catalina.core.StandardEngine start
INFO: Starting Servlet Engine: Apache Tomcat/6.0.43
Dec 19, 2014 8:50:16 PM org.apache.catalina.startup.HostConfig deployDescriptor
INFO: Deploying configuration descriptor manager.xml
Dec 19, 2014 8:50:16 PM org.apache.catalina.startup.HostConfig deployDescriptor
INFO: Deploying configuration descriptor host-manager.xml
Dec 19, 2014 8:50:16 PM org.apache.catalina.startup.HostConfig deployDirectory
INFO: Deploying web application directory docs
Dec 19, 2014 8:50:16 PM org.apache.catalina.startup.HostConfig deployDirectory
INFO: Deploying web application directory indexer-webservice
Dec 19, 2014 8:50:19 PM org.apache.catalina.startup.HostConfig deployDirectory
INFO: Deploying web application directory escenic-admin
Dec 19, 2014 8:50:20 PM org.apache.catalina.startup.HostConfig deployDirectory
INFO: Deploying web application directory solr
Dec 19, 2014 8:50:22 PM org.apache.catalina.startup.HostConfig deployDirectory
INFO: Deploying web application directory studio
Dec 19, 2014 8:50:22 PM org.apache.catalina.startup.HostConfig deployDirectory
INFO: Deploying web application directory ROOT
Dec 19, 2014 8:50:22 PM org.apache.catalina.startup.HostConfig deployDirectory
INFO: Deploying web application directory escenic
Dec 19, 2014 8:50:23 PM org.apache.catalina.startup.HostConfig deployDirectory
INFO: Deploying web application directory webservice-extensions
Dec 19, 2014 8:50:23 PM org.apache.catalina.startup.HostConfig deployDirectory
INFO: Deploying web application directory webservice
Dec 19, 2014 8:50:24 PM com.sun.jersey.api.core.PackagesResourceConfig init
INFO: Scanning for root resource and provider classes in the packages:
  com.escenic.webservice.resource
  com.escenic.webservice.resource.classification
  com.escenic.webservice.integration.jersey
  com.escenic.webservice.integration.jersey.exception
Dec 19, 2014 8:50:24 PM com.sun.jersey.api.core.ScanningResourceConfig logClasses
INFO: Root resource classes found:
  class com.escenic.webservice.resource.PageFeed
  class com.escenic.webservice.resource.classification.StructureResource
  class com.escenic.webservice.resource.URIExistsResource
  class com.escenic.webservice.resource.ListPoolResource
  class com.escenic.webservice.resource.ModelResource
  class com.escenic.webservice.resource.ListFeed
  class com.escenic.webservice.resource.SubsectionFeed
  class com.escenic.webservice.resource.ContentBySourceResource
  class com.escenic.webservice.resource.InboxFeed
  class com.escenic.webservice.resource.classification.TagResource
  class com.escenic.webservice.resource.ContentItemFeed
  class com.escenic.webservice.resource.PublicationResource
  class com.escenic.webservice.resource.ProxyResource
  class com.escenic.webservice.resource.SectionResource
  class com.escenic.webservice.resource.BinaryResource
  class com.escenic.webservice.resource.ContentStateResource
  class com.escenic.webservice.resource.classification.MergeTagsResource
  class com.escenic.webservice.resource.classification.TagSearchResource
  class com.escenic.webservice.resource.LicenseResource
  class com.escenic.webservice.resource.ContentEntry
  class com.escenic.webservice.resource.classification.ClassificationResource
  class com.escenic.webservice.resource.LockResource
  class com.escenic.webservice.resource.ScriptResource
  class com.escenic.webservice.resource.ChangelogFeed
  class com.escenic.webservice.resource.PersonResource
Dec 19, 2014 8:50:24 PM com.sun.jersey.api.core.ScanningResourceConfig logClasses
INFO: Provider classes found:
  class com.escenic.webservice.integration.jersey.exception.AccessControlExceptionMapper
  class com.escenic.webservice.resource.XStreamContentReader
  class com.escenic.webservice.integration.jersey.exception.ConflictExceptionMapper
  class com.escenic.webservice.integration.jersey.exception.WebApplicationExceptionMapper
  class com.escenic.webservice.integration.jersey.ModelProvider
  class com.escenic.webservice.resource.PayloadReader
  class com.escenic.webservice.integration.jersey.exception.BadRequestForFilterExceptionMapper
  class com.escenic.webservice.integration.jersey.exception.NoSuchObjectExceptionMapper
  class com.escenic.webservice.integration.jersey.exception.BadRequestExceptionMapper
  class com.escenic.webservice.integration.jersey.RequestAttributeInjector
  class com.escenic.webservice.integration.jersey.exception.InternalServerExceptionMapper
Dec 19, 2014 8:50:24 PM com.sun.jersey.server.impl.application.WebApplicationImpl _initiate
INFO: Initiating Jersey application, version 'Jersey: 1.10 11/02/2011 03:53 PM'
Dec 19, 2014 8:50:26 PM org.apache.catalina.startup.HostConfig deployDirectory
INFO: Deploying web application directory indexer-webapp
Dec 19, 2014 8:50:26 PM org.apache.catalina.startup.HostConfig deployDirectory
INFO: Deploying web application directory examples
Dec 19, 2014 8:50:27 PM org.apache.catalina.core.ApplicationContext log
INFO: imageVersionFilter: init (oncePerRequest=false, attribRunOnce=imageVersionFilter.REQUEST_HANDLED)
Dec 19, 2014 8:50:27 PM org.apache.catalina.core.ApplicationContext log
INFO: cache: init (oncePerRequest=false, attribRunOnce=cache.REQUEST_HANDLED)
Dec 19, 2014 8:50:27 PM org.apache.catalina.core.ApplicationContext log
INFO: BootstrapFilter: init (oncePerRequest=false, attribRunOnce=BootstrapFilter.REQUEST_HANDLED)
Dec 19, 2014 8:50:27 PM org.apache.catalina.startup.HostConfig deployDescriptor
INFO: Deploying configuration descriptor manager.xml
Dec 19, 2014 8:50:27 PM org.apache.catalina.core.StandardContext resourcesStart
SEVERE: Error starting static Resources
java.lang.IllegalArgumentException: Document base /opt/tomcat/webapps-demo/manager does not exist or is not a readable directory
	at org.apache.naming.resources.FileDirContext.setDocBase(FileDirContext.java:142)
	at org.apache.catalina.core.StandardContext.resourcesStart(StandardContext.java:4324)
	at org.apache.catalina.core.StandardContext.start(StandardContext.java:4493)
	at org.apache.catalina.core.ContainerBase.addChildInternal(ContainerBase.java:802)
	at org.apache.catalina.core.ContainerBase.addChild(ContainerBase.java:779)
	at org.apache.catalina.core.StandardHost.addChild(StandardHost.java:583)
	at org.apache.catalina.startup.HostConfig.deployDescriptor(HostConfig.java:675)
	at org.apache.catalina.startup.HostConfig.deployDescriptors(HostConfig.java:601)
	at org.apache.catalina.startup.HostConfig.deployApps(HostConfig.java:502)
	at org.apache.catalina.startup.HostConfig.start(HostConfig.java:1317)
	at org.apache.catalina.startup.HostConfig.lifecycleEvent(HostConfig.java:324)
	at org.apache.catalina.util.LifecycleSupport.fireLifecycleEvent(LifecycleSupport.java:142)
	at org.apache.catalina.core.ContainerBase.start(ContainerBase.java:1068)
	at org.apache.catalina.core.StandardHost.start(StandardHost.java:822)
	at org.apache.catalina.core.ContainerBase.start(ContainerBase.java:1060)
	at org.apache.catalina.core.StandardEngine.start(StandardEngine.java:463)
	at org.apache.catalina.core.StandardService.start(StandardService.java:525)
	at org.apache.catalina.core.StandardServer.start(StandardServer.java:759)
	at org.apache.catalina.startup.Catalina.start(Catalina.java:595)
	at sun.reflect.NativeMethodAccessorImpl.invoke0(Native Method)
	at sun.reflect.NativeMethodAccessorImpl.invoke(NativeMethodAccessorImpl.java:62)
	at sun.reflect.DelegatingMethodAccessorImpl.invoke(DelegatingMethodAccessorImpl.java:43)
	at java.lang.reflect.Method.invoke(Method.java:483)
	at org.apache.catalina.startup.Bootstrap.start(Bootstrap.java:289)
	at org.apache.catalina.startup.Bootstrap.main(Bootstrap.java:414)

Dec 19, 2014 8:50:27 PM org.apache.catalina.core.StandardContext start
SEVERE: Error in resourceStart()
Dec 19, 2014 8:50:27 PM org.apache.catalina.core.StandardContext start
SEVERE: Error getConfigured
Dec 19, 2014 8:50:27 PM org.apache.catalina.core.StandardContext start
SEVERE: Context [/manager] startup failed due to previous errors
Dec 19, 2014 8:50:27 PM org.apache.catalina.core.StandardContext stop
INFO: Container org.apache.catalina.core.ContainerBase.[Catalina].[local.raiyaan.com].[/manager] has not been started
Dec 19, 2014 8:50:27 PM org.apache.catalina.startup.HostConfig deployDescriptor
INFO: Deploying configuration descriptor host-manager.xml
Dec 19, 2014 8:50:27 PM org.apache.catalina.core.StandardContext resourcesStart
SEVERE: Error starting static Resources
java.lang.IllegalArgumentException: Document base /opt/tomcat/webapps-demo/host-manager does not exist or is not a readable directory
	at org.apache.naming.resources.FileDirContext.setDocBase(FileDirContext.java:142)
	at org.apache.catalina.core.StandardContext.resourcesStart(StandardContext.java:4324)
	at org.apache.catalina.core.StandardContext.start(StandardContext.java:4493)
	at org.apache.catalina.core.ContainerBase.addChildInternal(ContainerBase.java:802)
	at org.apache.catalina.core.ContainerBase.addChild(ContainerBase.java:779)
	at org.apache.catalina.core.StandardHost.addChild(StandardHost.java:583)
	at org.apache.catalina.startup.HostConfig.deployDescriptor(HostConfig.java:675)
	at org.apache.catalina.startup.HostConfig.deployDescriptors(HostConfig.java:601)
	at org.apache.catalina.startup.HostConfig.deployApps(HostConfig.java:502)
	at org.apache.catalina.startup.HostConfig.start(HostConfig.java:1317)
	at org.apache.catalina.startup.HostConfig.lifecycleEvent(HostConfig.java:324)
	at org.apache.catalina.util.LifecycleSupport.fireLifecycleEvent(LifecycleSupport.java:142)
	at org.apache.catalina.core.ContainerBase.start(ContainerBase.java:1068)
	at org.apache.catalina.core.StandardHost.start(StandardHost.java:822)
	at org.apache.catalina.core.ContainerBase.start(ContainerBase.java:1060)
	at org.apache.catalina.core.StandardEngine.start(StandardEngine.java:463)
	at org.apache.catalina.core.StandardService.start(StandardService.java:525)
	at org.apache.catalina.core.StandardServer.start(StandardServer.java:759)
	at org.apache.catalina.startup.Catalina.start(Catalina.java:595)
	at sun.reflect.NativeMethodAccessorImpl.invoke0(Native Method)
	at sun.reflect.NativeMethodAccessorImpl.invoke(NativeMethodAccessorImpl.java:62)
	at sun.reflect.DelegatingMethodAccessorImpl.invoke(DelegatingMethodAccessorImpl.java:43)
	at java.lang.reflect.Method.invoke(Method.java:483)
	at org.apache.catalina.startup.Bootstrap.start(Bootstrap.java:289)
	at org.apache.catalina.startup.Bootstrap.main(Bootstrap.java:414)

Dec 19, 2014 8:50:27 PM org.apache.catalina.core.StandardContext start
SEVERE: Error in resourceStart()
Dec 19, 2014 8:50:27 PM org.apache.catalina.core.StandardContext start
SEVERE: Error getConfigured
Dec 19, 2014 8:50:27 PM org.apache.catalina.core.StandardContext start
SEVERE: Context [/host-manager] startup failed due to previous errors
Dec 19, 2014 8:50:27 PM org.apache.catalina.core.StandardContext stop
INFO: Container org.apache.catalina.core.ContainerBase.[Catalina].[local.raiyaan.com].[/host-manager] has not been started
Dec 19, 2014 8:50:27 PM org.apache.catalina.startup.HostConfig deployDirectory
INFO: Deploying web application directory demo
Dec 19, 2014 8:50:27 PM org.apache.catalina.core.ApplicationContext log
INFO: imageVersionFilter: init (oncePerRequest=false, attribRunOnce=imageVersionFilter.REQUEST_HANDLED)
Dec 19, 2014 8:50:27 PM org.apache.catalina.core.ApplicationContext log
INFO: cache: init (oncePerRequest=false, attribRunOnce=cache.REQUEST_HANDLED)
Dec 19, 2014 8:50:27 PM org.apache.catalina.core.ApplicationContext log
INFO: BootstrapFilter: init (oncePerRequest=false, attribRunOnce=BootstrapFilter.REQUEST_HANDLED)
Dec 19, 2014 8:50:27 PM org.apache.coyote.http11.Http11Protocol start
INFO: Starting Coyote HTTP/1.1 on http-8080
Dec 19, 2014 8:50:27 PM org.apache.coyote.http11.Http11Protocol start
INFO: Starting Coyote HTTP/1.1 on http-8443
Dec 19, 2014 8:50:27 PM org.apache.jk.common.ChannelSocket init
INFO: JK: ajp13 listening on /0.0.0.0:8009
Dec 19, 2014 8:50:27 PM org.apache.jk.server.JkMain start
INFO: Jk running ID=0 time=0/20  config=null
Dec 19, 2014 8:50:27 PM org.apache.catalina.startup.Catalina start
INFO: Server startup in 11952 ms
Dec 19, 2014 8:51:48 PM org.apache.catalina.core.AprLifecycleListener init
INFO: The APR based Apache Tomcat Native library which allows optimal performance in production environments was not found on the java.library.path: /usr/lib
Dec 19, 2014 8:51:48 PM org.apache.tomcat.util.digester.SetPropertiesRule begin
WARNING: [SetPropertiesRule]{Server/Service/Engine/Host} Setting property 'appBabe' to 'webapps' did not find a matching property.
Dec 19, 2014 8:51:48 PM org.apache.coyote.http11.Http11Protocol init
INFO: Initializing Coyote HTTP/1.1 on http-8080
Dec 19, 2014 8:51:48 PM org.apache.coyote.http11.Http11Protocol init
INFO: Initializing Coyote HTTP/1.1 on http-8443
Dec 19, 2014 8:51:48 PM org.apache.catalina.startup.Catalina load
INFO: Initialization processed in 771 ms
Dec 19, 2014 8:51:48 PM org.apache.catalina.core.StandardService start
INFO: Starting service Catalina
Dec 19, 2014 8:51:48 PM org.apache.catalina.core.StandardEngine start
INFO: Starting Servlet Engine: Apache Tomcat/6.0.43
Dec 19, 2014 8:51:48 PM org.apache.catalina.startup.HostConfig deployDescriptor
INFO: Deploying configuration descriptor manager.xml
Dec 19, 2014 8:51:49 PM org.apache.catalina.startup.HostConfig deployDescriptor
INFO: Deploying configuration descriptor host-manager.xml
Dec 19, 2014 8:51:49 PM org.apache.catalina.startup.HostConfig deployDirectory
INFO: Deploying web application directory docs
Dec 19, 2014 8:51:49 PM org.apache.catalina.startup.HostConfig deployDirectory
INFO: Deploying web application directory indexer-webservice
Dec 19, 2014 8:51:52 PM org.apache.catalina.startup.HostConfig deployDirectory
INFO: Deploying web application directory escenic-admin
Dec 19, 2014 8:51:52 PM org.apache.catalina.startup.HostConfig deployDirectory
INFO: Deploying web application directory solr
Dec 19, 2014 8:51:55 PM org.apache.catalina.startup.HostConfig deployDirectory
INFO: Deploying web application directory studio
Dec 19, 2014 8:51:55 PM org.apache.catalina.startup.HostConfig deployDirectory
INFO: Deploying web application directory ROOT
Dec 19, 2014 8:51:55 PM org.apache.catalina.startup.HostConfig deployDirectory
INFO: Deploying web application directory escenic
Dec 19, 2014 8:51:56 PM org.apache.catalina.startup.HostConfig deployDirectory
INFO: Deploying web application directory webservice-extensions
Dec 19, 2014 8:51:56 PM org.apache.catalina.startup.HostConfig deployDirectory
INFO: Deploying web application directory webservice
Dec 19, 2014 8:51:56 PM com.sun.jersey.api.core.PackagesResourceConfig init
INFO: Scanning for root resource and provider classes in the packages:
  com.escenic.webservice.resource
  com.escenic.webservice.resource.classification
  com.escenic.webservice.integration.jersey
  com.escenic.webservice.integration.jersey.exception
Dec 19, 2014 8:51:56 PM com.sun.jersey.api.core.ScanningResourceConfig logClasses
INFO: Root resource classes found:
  class com.escenic.webservice.resource.BinaryResource
  class com.escenic.webservice.resource.SubsectionFeed
  class com.escenic.webservice.resource.ContentBySourceResource
  class com.escenic.webservice.resource.classification.MergeTagsResource
  class com.escenic.webservice.resource.ListFeed
  class com.escenic.webservice.resource.ContentStateResource
  class com.escenic.webservice.resource.classification.ClassificationResource
  class com.escenic.webservice.resource.PersonResource
  class com.escenic.webservice.resource.PageFeed
  class com.escenic.webservice.resource.ContentEntry
  class com.escenic.webservice.resource.InboxFeed
  class com.escenic.webservice.resource.classification.TagSearchResource
  class com.escenic.webservice.resource.ChangelogFeed
  class com.escenic.webservice.resource.ProxyResource
  class com.escenic.webservice.resource.PublicationResource
  class com.escenic.webservice.resource.SectionResource
  class com.escenic.webservice.resource.classification.TagResource
  class com.escenic.webservice.resource.ScriptResource
  class com.escenic.webservice.resource.ListPoolResource
  class com.escenic.webservice.resource.classification.StructureResource
  class com.escenic.webservice.resource.LicenseResource
  class com.escenic.webservice.resource.LockResource
  class com.escenic.webservice.resource.ModelResource
  class com.escenic.webservice.resource.ContentItemFeed
  class com.escenic.webservice.resource.URIExistsResource
Dec 19, 2014 8:51:56 PM com.sun.jersey.api.core.ScanningResourceConfig logClasses
INFO: Provider classes found:
  class com.escenic.webservice.resource.XStreamContentReader
  class com.escenic.webservice.integration.jersey.exception.InternalServerExceptionMapper
  class com.escenic.webservice.integration.jersey.exception.AccessControlExceptionMapper
  class com.escenic.webservice.integration.jersey.exception.NoSuchObjectExceptionMapper
  class com.escenic.webservice.integration.jersey.exception.BadRequestExceptionMapper
  class com.escenic.webservice.integration.jersey.exception.BadRequestForFilterExceptionMapper
  class com.escenic.webservice.integration.jersey.exception.ConflictExceptionMapper
  class com.escenic.webservice.integration.jersey.ModelProvider
  class com.escenic.webservice.integration.jersey.exception.WebApplicationExceptionMapper
  class com.escenic.webservice.resource.PayloadReader
  class com.escenic.webservice.integration.jersey.RequestAttributeInjector
Dec 19, 2014 8:51:56 PM com.sun.jersey.server.impl.application.WebApplicationImpl _initiate
INFO: Initiating Jersey application, version 'Jersey: 1.10 11/02/2011 03:53 PM'
Dec 19, 2014 8:51:58 PM org.apache.catalina.startup.HostConfig deployDirectory
INFO: Deploying web application directory indexer-webapp
Dec 19, 2014 8:51:58 PM org.apache.catalina.startup.HostConfig deployDirectory
INFO: Deploying web application directory examples
Dec 19, 2014 8:51:58 PM org.apache.catalina.core.ApplicationContext log
INFO: imageVersionFilter: init (oncePerRequest=false, attribRunOnce=imageVersionFilter.REQUEST_HANDLED)
Dec 19, 2014 8:51:58 PM org.apache.catalina.core.ApplicationContext log
INFO: cache: init (oncePerRequest=false, attribRunOnce=cache.REQUEST_HANDLED)
Dec 19, 2014 8:51:59 PM org.apache.catalina.core.ApplicationContext log
INFO: BootstrapFilter: init (oncePerRequest=false, attribRunOnce=BootstrapFilter.REQUEST_HANDLED)
Dec 19, 2014 8:51:59 PM org.apache.catalina.startup.HostConfig deployDescriptor
INFO: Deploying configuration descriptor manager.xml
Dec 19, 2014 8:51:59 PM org.apache.catalina.core.StandardContext resourcesStart
SEVERE: Error starting static Resources
java.lang.IllegalArgumentException: Document base /opt/tomcat/webapps-demo/manager does not exist or is not a readable directory
	at org.apache.naming.resources.FileDirContext.setDocBase(FileDirContext.java:142)
	at org.apache.catalina.core.StandardContext.resourcesStart(StandardContext.java:4324)
	at org.apache.catalina.core.StandardContext.start(StandardContext.java:4493)
	at org.apache.catalina.core.ContainerBase.addChildInternal(ContainerBase.java:802)
	at org.apache.catalina.core.ContainerBase.addChild(ContainerBase.java:779)
	at org.apache.catalina.core.StandardHost.addChild(StandardHost.java:583)
	at org.apache.catalina.startup.HostConfig.deployDescriptor(HostConfig.java:675)
	at org.apache.catalina.startup.HostConfig.deployDescriptors(HostConfig.java:601)
	at org.apache.catalina.startup.HostConfig.deployApps(HostConfig.java:502)
	at org.apache.catalina.startup.HostConfig.start(HostConfig.java:1317)
	at org.apache.catalina.startup.HostConfig.lifecycleEvent(HostConfig.java:324)
	at org.apache.catalina.util.LifecycleSupport.fireLifecycleEvent(LifecycleSupport.java:142)
	at org.apache.catalina.core.ContainerBase.start(ContainerBase.java:1068)
	at org.apache.catalina.core.StandardHost.start(StandardHost.java:822)
	at org.apache.catalina.core.ContainerBase.start(ContainerBase.java:1060)
	at org.apache.catalina.core.StandardEngine.start(StandardEngine.java:463)
	at org.apache.catalina.core.StandardService.start(StandardService.java:525)
	at org.apache.catalina.core.StandardServer.start(StandardServer.java:759)
	at org.apache.catalina.startup.Catalina.start(Catalina.java:595)
	at sun.reflect.NativeMethodAccessorImpl.invoke0(Native Method)
	at sun.reflect.NativeMethodAccessorImpl.invoke(NativeMethodAccessorImpl.java:62)
	at sun.reflect.DelegatingMethodAccessorImpl.invoke(DelegatingMethodAccessorImpl.java:43)
	at java.lang.reflect.Method.invoke(Method.java:483)
	at org.apache.catalina.startup.Bootstrap.start(Bootstrap.java:289)
	at org.apache.catalina.startup.Bootstrap.main(Bootstrap.java:414)

Dec 19, 2014 8:51:59 PM org.apache.catalina.core.StandardContext start
SEVERE: Error in resourceStart()
Dec 19, 2014 8:51:59 PM org.apache.catalina.core.StandardContext start
SEVERE: Error getConfigured
Dec 19, 2014 8:51:59 PM org.apache.catalina.core.StandardContext start
SEVERE: Context [/manager] startup failed due to previous errors
Dec 19, 2014 8:51:59 PM org.apache.catalina.core.StandardContext stop
INFO: Container org.apache.catalina.core.ContainerBase.[Catalina].[local.raiyaan.com].[/manager] has not been started
Dec 19, 2014 8:51:59 PM org.apache.catalina.startup.HostConfig deployDescriptor
INFO: Deploying configuration descriptor host-manager.xml
Dec 19, 2014 8:51:59 PM org.apache.catalina.core.StandardContext resourcesStart
SEVERE: Error starting static Resources
java.lang.IllegalArgumentException: Document base /opt/tomcat/webapps-demo/host-manager does not exist or is not a readable directory
	at org.apache.naming.resources.FileDirContext.setDocBase(FileDirContext.java:142)
	at org.apache.catalina.core.StandardContext.resourcesStart(StandardContext.java:4324)
	at org.apache.catalina.core.StandardContext.start(StandardContext.java:4493)
	at org.apache.catalina.core.ContainerBase.addChildInternal(ContainerBase.java:802)
	at org.apache.catalina.core.ContainerBase.addChild(ContainerBase.java:779)
	at org.apache.catalina.core.StandardHost.addChild(StandardHost.java:583)
	at org.apache.catalina.startup.HostConfig.deployDescriptor(HostConfig.java:675)
	at org.apache.catalina.startup.HostConfig.deployDescriptors(HostConfig.java:601)
	at org.apache.catalina.startup.HostConfig.deployApps(HostConfig.java:502)
	at org.apache.catalina.startup.HostConfig.start(HostConfig.java:1317)
	at org.apache.catalina.startup.HostConfig.lifecycleEvent(HostConfig.java:324)
	at org.apache.catalina.util.LifecycleSupport.fireLifecycleEvent(LifecycleSupport.java:142)
	at org.apache.catalina.core.ContainerBase.start(ContainerBase.java:1068)
	at org.apache.catalina.core.StandardHost.start(StandardHost.java:822)
	at org.apache.catalina.core.ContainerBase.start(ContainerBase.java:1060)
	at org.apache.catalina.core.StandardEngine.start(StandardEngine.java:463)
	at org.apache.catalina.core.StandardService.start(StandardService.java:525)
	at org.apache.catalina.core.StandardServer.start(StandardServer.java:759)
	at org.apache.catalina.startup.Catalina.start(Catalina.java:595)
	at sun.reflect.NativeMethodAccessorImpl.invoke0(Native Method)
	at sun.reflect.NativeMethodAccessorImpl.invoke(NativeMethodAccessorImpl.java:62)
	at sun.reflect.DelegatingMethodAccessorImpl.invoke(DelegatingMethodAccessorImpl.java:43)
	at java.lang.reflect.Method.invoke(Method.java:483)
	at org.apache.catalina.startup.Bootstrap.start(Bootstrap.java:289)
	at org.apache.catalina.startup.Bootstrap.main(Bootstrap.java:414)

Dec 19, 2014 8:51:59 PM org.apache.catalina.core.StandardContext start
SEVERE: Error in resourceStart()
Dec 19, 2014 8:51:59 PM org.apache.catalina.core.StandardContext start
SEVERE: Error getConfigured
Dec 19, 2014 8:51:59 PM org.apache.catalina.core.StandardContext start
SEVERE: Context [/host-manager] startup failed due to previous errors
Dec 19, 2014 8:51:59 PM org.apache.catalina.core.StandardContext stop
INFO: Container org.apache.catalina.core.ContainerBase.[Catalina].[local.raiyaan.com].[/host-manager] has not been started
Dec 19, 2014 8:51:59 PM org.apache.catalina.startup.HostConfig deployDirectory
INFO: Deploying web application directory demo
Dec 19, 2014 8:51:59 PM org.apache.catalina.core.ApplicationContext log
INFO: imageVersionFilter: init (oncePerRequest=false, attribRunOnce=imageVersionFilter.REQUEST_HANDLED)
Dec 19, 2014 8:51:59 PM org.apache.catalina.core.ApplicationContext log
INFO: cache: init (oncePerRequest=false, attribRunOnce=cache.REQUEST_HANDLED)
Dec 19, 2014 8:51:59 PM org.apache.catalina.core.ApplicationContext log
INFO: BootstrapFilter: init (oncePerRequest=false, attribRunOnce=BootstrapFilter.REQUEST_HANDLED)
Dec 19, 2014 8:51:59 PM org.apache.coyote.http11.Http11Protocol start
INFO: Starting Coyote HTTP/1.1 on http-8080
Dec 19, 2014 8:51:59 PM org.apache.coyote.http11.Http11Protocol start
INFO: Starting Coyote HTTP/1.1 on http-8443
Dec 19, 2014 8:51:59 PM org.apache.jk.common.ChannelSocket init
INFO: JK: ajp13 listening on /0.0.0.0:8009
Dec 19, 2014 8:51:59 PM org.apache.jk.server.JkMain start
INFO: Jk running ID=0 time=0/22  config=null
Dec 19, 2014 8:51:59 PM org.apache.catalina.startup.Catalina start
INFO: Server startup in 11108 ms
Dec 19, 2014 10:38:32 PM org.apache.catalina.core.AprLifecycleListener init
INFO: The APR based Apache Tomcat Native library which allows optimal performance in production environments was not found on the java.library.path: /usr/lib
Dec 19, 2014 10:38:32 PM org.apache.tomcat.util.digester.SetPropertiesRule begin
WARNING: [SetPropertiesRule]{Server/Service/Engine/Host} Setting property 'appBabe' to 'webapps' did not find a matching property.
Dec 19, 2014 10:38:32 PM org.apache.coyote.http11.Http11Protocol init
INFO: Initializing Coyote HTTP/1.1 on http-8080
Dec 19, 2014 10:38:32 PM org.apache.coyote.http11.Http11Protocol init
INFO: Initializing Coyote HTTP/1.1 on http-8443
Dec 19, 2014 10:38:32 PM org.apache.catalina.startup.Catalina load
INFO: Initialization processed in 1056 ms
Dec 19, 2014 10:38:32 PM org.apache.catalina.core.StandardService start
INFO: Starting service Catalina
Dec 19, 2014 10:38:32 PM org.apache.catalina.core.StandardEngine start
INFO: Starting Servlet Engine: Apache Tomcat/6.0.43
Dec 19, 2014 10:38:32 PM org.apache.catalina.startup.HostConfig deployDescriptor
INFO: Deploying configuration descriptor manager.xml
Dec 19, 2014 10:38:33 PM org.apache.catalina.startup.HostConfig deployDescriptor
INFO: Deploying configuration descriptor host-manager.xml
Dec 19, 2014 10:38:34 PM org.apache.catalina.startup.HostConfig deployDirectory
INFO: Deploying web application directory docs
Dec 19, 2014 10:38:34 PM org.apache.catalina.startup.HostConfig deployDirectory
INFO: Deploying web application directory indexer-webservice
Dec 19, 2014 10:38:39 PM org.apache.catalina.startup.HostConfig deployDirectory
INFO: Deploying web application directory escenic-admin
Dec 19, 2014 10:38:40 PM org.apache.catalina.startup.HostConfig deployDirectory
INFO: Deploying web application directory solr
Dec 19, 2014 10:38:44 PM org.apache.catalina.startup.HostConfig deployDirectory
INFO: Deploying web application directory studio
Dec 19, 2014 10:38:44 PM org.apache.catalina.startup.HostConfig deployDirectory
INFO: Deploying web application directory ROOT
Dec 19, 2014 10:38:44 PM org.apache.catalina.startup.HostConfig deployDirectory
INFO: Deploying web application directory escenic
Dec 19, 2014 10:38:45 PM org.apache.catalina.startup.HostConfig deployDirectory
INFO: Deploying web application directory webservice-extensions
Dec 19, 2014 10:38:45 PM org.apache.catalina.startup.HostConfig deployDirectory
INFO: Deploying web application directory webservice
Dec 19, 2014 10:38:45 PM com.sun.jersey.api.core.PackagesResourceConfig init
INFO: Scanning for root resource and provider classes in the packages:
  com.escenic.webservice.resource
  com.escenic.webservice.resource.classification
  com.escenic.webservice.integration.jersey
  com.escenic.webservice.integration.jersey.exception
Dec 19, 2014 10:38:46 PM com.sun.jersey.api.core.ScanningResourceConfig logClasses
INFO: Root resource classes found:
  class com.escenic.webservice.resource.ContentStateResource
  class com.escenic.webservice.resource.InboxFeed
  class com.escenic.webservice.resource.ScriptResource
  class com.escenic.webservice.resource.ListPoolResource
  class com.escenic.webservice.resource.ContentItemFeed
  class com.escenic.webservice.resource.classification.StructureResource
  class com.escenic.webservice.resource.LicenseResource
  class com.escenic.webservice.resource.LockResource
  class com.escenic.webservice.resource.ListFeed
  class com.escenic.webservice.resource.classification.TagResource
  class com.escenic.webservice.resource.classification.MergeTagsResource
  class com.escenic.webservice.resource.ModelResource
  class com.escenic.webservice.resource.classification.TagSearchResource
  class com.escenic.webservice.resource.ContentEntry
  class com.escenic.webservice.resource.classification.ClassificationResource
  class com.escenic.webservice.resource.URIExistsResource
  class com.escenic.webservice.resource.ProxyResource
  class com.escenic.webservice.resource.SubsectionFeed
  class com.escenic.webservice.resource.ChangelogFeed
  class com.escenic.webservice.resource.BinaryResource
  class com.escenic.webservice.resource.PublicationResource
  class com.escenic.webservice.resource.PageFeed
  class com.escenic.webservice.resource.SectionResource
  class com.escenic.webservice.resource.ContentBySourceResource
  class com.escenic.webservice.resource.PersonResource
Dec 19, 2014 10:38:46 PM com.sun.jersey.api.core.ScanningResourceConfig logClasses
INFO: Provider classes found:
  class com.escenic.webservice.integration.jersey.exception.AccessControlExceptionMapper
  class com.escenic.webservice.resource.PayloadReader
  class com.escenic.webservice.integration.jersey.exception.BadRequestForFilterExceptionMapper
  class com.escenic.webservice.integration.jersey.exception.InternalServerExceptionMapper
  class com.escenic.webservice.resource.XStreamContentReader
  class com.escenic.webservice.integration.jersey.exception.WebApplicationExceptionMapper
  class com.escenic.webservice.integration.jersey.exception.NoSuchObjectExceptionMapper
  class com.escenic.webservice.integration.jersey.exception.ConflictExceptionMapper
  class com.escenic.webservice.integration.jersey.RequestAttributeInjector
  class com.escenic.webservice.integration.jersey.ModelProvider
  class com.escenic.webservice.integration.jersey.exception.BadRequestExceptionMapper
Dec 19, 2014 10:38:46 PM com.sun.jersey.server.impl.application.WebApplicationImpl _initiate
INFO: Initiating Jersey application, version 'Jersey: 1.10 11/02/2011 03:53 PM'
Dec 19, 2014 10:38:48 PM org.apache.catalina.startup.HostConfig deployDirectory
INFO: Deploying web application directory indexer-webapp
Dec 19, 2014 10:38:48 PM org.apache.catalina.startup.HostConfig deployDirectory
INFO: Deploying web application directory examples
Dec 19, 2014 10:38:49 PM org.apache.catalina.core.ApplicationContext log
INFO: imageVersionFilter: init (oncePerRequest=false, attribRunOnce=imageVersionFilter.REQUEST_HANDLED)
Dec 19, 2014 10:38:49 PM org.apache.catalina.core.ApplicationContext log
INFO: cache: init (oncePerRequest=false, attribRunOnce=cache.REQUEST_HANDLED)
Dec 19, 2014 10:38:49 PM org.apache.catalina.core.ApplicationContext log
INFO: BootstrapFilter: init (oncePerRequest=false, attribRunOnce=BootstrapFilter.REQUEST_HANDLED)
Dec 19, 2014 10:38:49 PM org.apache.catalina.startup.HostConfig deployDescriptor
INFO: Deploying configuration descriptor manager.xml
Dec 19, 2014 10:38:49 PM org.apache.catalina.core.StandardContext resourcesStart
SEVERE: Error starting static Resources
java.lang.IllegalArgumentException: Document base /opt/tomcat/webapps-demo/manager does not exist or is not a readable directory
	at org.apache.naming.resources.FileDirContext.setDocBase(FileDirContext.java:142)
	at org.apache.catalina.core.StandardContext.resourcesStart(StandardContext.java:4324)
	at org.apache.catalina.core.StandardContext.start(StandardContext.java:4493)
	at org.apache.catalina.core.ContainerBase.addChildInternal(ContainerBase.java:802)
	at org.apache.catalina.core.ContainerBase.addChild(ContainerBase.java:779)
	at org.apache.catalina.core.StandardHost.addChild(StandardHost.java:583)
	at org.apache.catalina.startup.HostConfig.deployDescriptor(HostConfig.java:675)
	at org.apache.catalina.startup.HostConfig.deployDescriptors(HostConfig.java:601)
	at org.apache.catalina.startup.HostConfig.deployApps(HostConfig.java:502)
	at org.apache.catalina.startup.HostConfig.start(HostConfig.java:1317)
	at org.apache.catalina.startup.HostConfig.lifecycleEvent(HostConfig.java:324)
	at org.apache.catalina.util.LifecycleSupport.fireLifecycleEvent(LifecycleSupport.java:142)
	at org.apache.catalina.core.ContainerBase.start(ContainerBase.java:1068)
	at org.apache.catalina.core.StandardHost.start(StandardHost.java:822)
	at org.apache.catalina.core.ContainerBase.start(ContainerBase.java:1060)
	at org.apache.catalina.core.StandardEngine.start(StandardEngine.java:463)
	at org.apache.catalina.core.StandardService.start(StandardService.java:525)
	at org.apache.catalina.core.StandardServer.start(StandardServer.java:759)
	at org.apache.catalina.startup.Catalina.start(Catalina.java:595)
	at sun.reflect.NativeMethodAccessorImpl.invoke0(Native Method)
	at sun.reflect.NativeMethodAccessorImpl.invoke(NativeMethodAccessorImpl.java:62)
	at sun.reflect.DelegatingMethodAccessorImpl.invoke(DelegatingMethodAccessorImpl.java:43)
	at java.lang.reflect.Method.invoke(Method.java:483)
	at org.apache.catalina.startup.Bootstrap.start(Bootstrap.java:289)
	at org.apache.catalina.startup.Bootstrap.main(Bootstrap.java:414)

Dec 19, 2014 10:38:49 PM org.apache.catalina.core.StandardContext start
SEVERE: Error in resourceStart()
Dec 19, 2014 10:38:49 PM org.apache.catalina.core.StandardContext start
SEVERE: Error getConfigured
Dec 19, 2014 10:38:49 PM org.apache.catalina.core.StandardContext start
SEVERE: Context [/manager] startup failed due to previous errors
Dec 19, 2014 10:38:49 PM org.apache.catalina.core.StandardContext stop
INFO: Container org.apache.catalina.core.ContainerBase.[Catalina].[local.raiyaan.com].[/manager] has not been started
Dec 19, 2014 10:38:49 PM org.apache.catalina.startup.HostConfig deployDescriptor
INFO: Deploying configuration descriptor host-manager.xml
Dec 19, 2014 10:38:49 PM org.apache.catalina.core.StandardContext resourcesStart
SEVERE: Error starting static Resources
java.lang.IllegalArgumentException: Document base /opt/tomcat/webapps-demo/host-manager does not exist or is not a readable directory
	at org.apache.naming.resources.FileDirContext.setDocBase(FileDirContext.java:142)
	at org.apache.catalina.core.StandardContext.resourcesStart(StandardContext.java:4324)
	at org.apache.catalina.core.StandardContext.start(StandardContext.java:4493)
	at org.apache.catalina.core.ContainerBase.addChildInternal(ContainerBase.java:802)
	at org.apache.catalina.core.ContainerBase.addChild(ContainerBase.java:779)
	at org.apache.catalina.core.StandardHost.addChild(StandardHost.java:583)
	at org.apache.catalina.startup.HostConfig.deployDescriptor(HostConfig.java:675)
	at org.apache.catalina.startup.HostConfig.deployDescriptors(HostConfig.java:601)
	at org.apache.catalina.startup.HostConfig.deployApps(HostConfig.java:502)
	at org.apache.catalina.startup.HostConfig.start(HostConfig.java:1317)
	at org.apache.catalina.startup.HostConfig.lifecycleEvent(HostConfig.java:324)
	at org.apache.catalina.util.LifecycleSupport.fireLifecycleEvent(LifecycleSupport.java:142)
	at org.apache.catalina.core.ContainerBase.start(ContainerBase.java:1068)
	at org.apache.catalina.core.StandardHost.start(StandardHost.java:822)
	at org.apache.catalina.core.ContainerBase.start(ContainerBase.java:1060)
	at org.apache.catalina.core.StandardEngine.start(StandardEngine.java:463)
	at org.apache.catalina.core.StandardService.start(StandardService.java:525)
	at org.apache.catalina.core.StandardServer.start(StandardServer.java:759)
	at org.apache.catalina.startup.Catalina.start(Catalina.java:595)
	at sun.reflect.NativeMethodAccessorImpl.invoke0(Native Method)
	at sun.reflect.NativeMethodAccessorImpl.invoke(NativeMethodAccessorImpl.java:62)
	at sun.reflect.DelegatingMethodAccessorImpl.invoke(DelegatingMethodAccessorImpl.java:43)
	at java.lang.reflect.Method.invoke(Method.java:483)
	at org.apache.catalina.startup.Bootstrap.start(Bootstrap.java:289)
	at org.apache.catalina.startup.Bootstrap.main(Bootstrap.java:414)

Dec 19, 2014 10:38:49 PM org.apache.catalina.core.StandardContext start
SEVERE: Error in resourceStart()
Dec 19, 2014 10:38:49 PM org.apache.catalina.core.StandardContext start
SEVERE: Error getConfigured
Dec 19, 2014 10:38:49 PM org.apache.catalina.core.StandardContext start
SEVERE: Context [/host-manager] startup failed due to previous errors
Dec 19, 2014 10:38:49 PM org.apache.catalina.core.StandardContext stop
INFO: Container org.apache.catalina.core.ContainerBase.[Catalina].[local.raiyaan.com].[/host-manager] has not been started
Dec 19, 2014 10:38:49 PM org.apache.catalina.startup.HostConfig deployDirectory
INFO: Deploying web application directory demo
Dec 19, 2014 10:38:49 PM org.apache.catalina.core.ApplicationContext log
INFO: imageVersionFilter: init (oncePerRequest=false, attribRunOnce=imageVersionFilter.REQUEST_HANDLED)
Dec 19, 2014 10:38:49 PM org.apache.catalina.core.ApplicationContext log
INFO: cache: init (oncePerRequest=false, attribRunOnce=cache.REQUEST_HANDLED)
Dec 19, 2014 10:38:49 PM org.apache.catalina.core.ApplicationContext log
INFO: BootstrapFilter: init (oncePerRequest=false, attribRunOnce=BootstrapFilter.REQUEST_HANDLED)
Dec 19, 2014 10:38:49 PM org.apache.coyote.http11.Http11Protocol start
INFO: Starting Coyote HTTP/1.1 on http-8080
Dec 19, 2014 10:38:49 PM org.apache.coyote.http11.Http11Protocol start
INFO: Starting Coyote HTTP/1.1 on http-8443
Dec 19, 2014 10:38:49 PM org.apache.jk.common.ChannelSocket init
INFO: JK: ajp13 listening on /0.0.0.0:8009
Dec 19, 2014 10:38:49 PM org.apache.jk.server.JkMain start
INFO: Jk running ID=0 time=0/36  config=null
Dec 19, 2014 10:38:49 PM org.apache.catalina.startup.Catalina start
INFO: Server startup in 17007 ms
