Dec 20, 2014 3:53:23 PM org.apache.catalina.core.AprLifecycleListener init
INFO: The APR based Apache Tomcat Native library which allows optimal performance in production environments was not found on the java.library.path: /usr/lib
Dec 20, 2014 3:53:24 PM org.apache.tomcat.util.digester.SetPropertiesRule begin
WARNING: [SetPropertiesRule]{Server/Service/Engine/Host} Setting property 'appBabe' to 'webapps' did not find a matching property.
Dec 20, 2014 3:53:26 PM org.apache.coyote.http11.Http11Protocol init
INFO: Initializing Coyote HTTP/1.1 on http-8080
Dec 20, 2014 3:53:26 PM org.apache.coyote.http11.Http11Protocol init
INFO: Initializing Coyote HTTP/1.1 on http-8443
Dec 20, 2014 3:53:26 PM org.apache.catalina.startup.Catalina load
INFO: Initialization processed in 4753 ms
Dec 20, 2014 3:53:26 PM org.apache.catalina.core.StandardService start
INFO: Starting service Catalina
Dec 20, 2014 3:53:26 PM org.apache.catalina.core.StandardEngine start
INFO: Starting Servlet Engine: Apache Tomcat/6.0.43
Dec 20, 2014 3:53:26 PM org.apache.catalina.startup.HostConfig deployDescriptor
INFO: Deploying configuration descriptor manager.xml
Dec 20, 2014 3:53:27 PM org.apache.catalina.startup.HostConfig deployDescriptor
INFO: Deploying configuration descriptor host-manager.xml
Dec 20, 2014 3:53:27 PM org.apache.catalina.startup.HostConfig deployDirectory
INFO: Deploying web application directory docs
Dec 20, 2014 3:53:27 PM org.apache.catalina.startup.HostConfig deployDirectory
INFO: Deploying web application directory indexer-webservice
Dec 20, 2014 3:53:38 PM org.apache.catalina.startup.HostConfig deployDirectory
INFO: Deploying web application directory escenic-admin
Dec 20, 2014 3:53:40 PM org.apache.catalina.startup.HostConfig deployDirectory
INFO: Deploying web application directory solr
Dec 20, 2014 3:53:48 PM org.apache.catalina.startup.HostConfig deployDirectory
INFO: Deploying web application directory studio
Dec 20, 2014 3:53:49 PM org.apache.catalina.startup.HostConfig deployDirectory
INFO: Deploying web application directory ROOT
Dec 20, 2014 3:53:49 PM org.apache.catalina.startup.HostConfig deployDirectory
INFO: Deploying web application directory escenic
Dec 20, 2014 3:53:50 PM org.apache.catalina.startup.HostConfig deployDirectory
INFO: Deploying web application directory webservice-extensions
Dec 20, 2014 3:53:51 PM org.apache.catalina.startup.HostConfig deployDirectory
INFO: Deploying web application directory webservice
Dec 20, 2014 3:53:52 PM com.sun.jersey.api.core.PackagesResourceConfig init
INFO: Scanning for root resource and provider classes in the packages:
  com.escenic.webservice.resource
  com.escenic.webservice.resource.classification
  com.escenic.webservice.integration.jersey
  com.escenic.webservice.integration.jersey.exception
Dec 20, 2014 3:53:53 PM com.sun.jersey.api.core.ScanningResourceConfig logClasses
INFO: Root resource classes found:
  class com.escenic.webservice.resource.PageFeed
  class com.escenic.webservice.resource.classification.StructureResource
  class com.escenic.webservice.resource.URIExistsResource
  class com.escenic.webservice.resource.ListPoolResource
  class com.escenic.webservice.resource.ModelResource
  class com.escenic.webservice.resource.ListFeed
  class com.escenic.webservice.resource.SubsectionFeed
  class com.escenic.webservice.resource.ContentBySourceResource
  class com.escenic.webservice.resource.InboxFeed
  class com.escenic.webservice.resource.classification.TagResource
  class com.escenic.webservice.resource.ContentItemFeed
  class com.escenic.webservice.resource.PublicationResource
  class com.escenic.webservice.resource.ProxyResource
  class com.escenic.webservice.resource.SectionResource
  class com.escenic.webservice.resource.BinaryResource
  class com.escenic.webservice.resource.ContentStateResource
  class com.escenic.webservice.resource.classification.MergeTagsResource
  class com.escenic.webservice.resource.classification.TagSearchResource
  class com.escenic.webservice.resource.LicenseResource
  class com.escenic.webservice.resource.ContentEntry
  class com.escenic.webservice.resource.classification.ClassificationResource
  class com.escenic.webservice.resource.LockResource
  class com.escenic.webservice.resource.ScriptResource
  class com.escenic.webservice.resource.ChangelogFeed
  class com.escenic.webservice.resource.PersonResource
Dec 20, 2014 3:53:53 PM com.sun.jersey.api.core.ScanningResourceConfig logClasses
INFO: Provider classes found:
  class com.escenic.webservice.integration.jersey.exception.AccessControlExceptionMapper
  class com.escenic.webservice.resource.XStreamContentReader
  class com.escenic.webservice.integration.jersey.exception.ConflictExceptionMapper
  class com.escenic.webservice.integration.jersey.exception.WebApplicationExceptionMapper
  class com.escenic.webservice.integration.jersey.ModelProvider
  class com.escenic.webservice.resource.PayloadReader
  class com.escenic.webservice.integration.jersey.exception.BadRequestForFilterExceptionMapper
  class com.escenic.webservice.integration.jersey.exception.NoSuchObjectExceptionMapper
  class com.escenic.webservice.integration.jersey.exception.BadRequestExceptionMapper
  class com.escenic.webservice.integration.jersey.RequestAttributeInjector
  class com.escenic.webservice.integration.jersey.exception.InternalServerExceptionMapper
Dec 20, 2014 3:53:53 PM com.sun.jersey.server.impl.application.WebApplicationImpl _initiate
INFO: Initiating Jersey application, version 'Jersey: 1.10 11/02/2011 03:53 PM'
Dec 20, 2014 3:53:55 PM org.apache.catalina.startup.HostConfig deployDirectory
INFO: Deploying web application directory indexer-webapp
Dec 20, 2014 3:53:55 PM org.apache.catalina.startup.HostConfig deployDirectory
INFO: Deploying web application directory examples
Dec 20, 2014 3:53:56 PM org.apache.catalina.core.ApplicationContext log
INFO: imageVersionFilter: init (oncePerRequest=false, attribRunOnce=imageVersionFilter.REQUEST_HANDLED)
Dec 20, 2014 3:53:56 PM org.apache.catalina.core.ApplicationContext log
INFO: cache: init (oncePerRequest=false, attribRunOnce=cache.REQUEST_HANDLED)
Dec 20, 2014 3:53:57 PM org.apache.catalina.core.ApplicationContext log
INFO: BootstrapFilter: init (oncePerRequest=false, attribRunOnce=BootstrapFilter.REQUEST_HANDLED)
Dec 20, 2014 3:53:57 PM org.apache.catalina.startup.HostConfig deployDescriptor
INFO: Deploying configuration descriptor manager.xml
Dec 20, 2014 3:53:57 PM org.apache.catalina.core.StandardContext resourcesStart
SEVERE: Error starting static Resources
java.lang.IllegalArgumentException: Document base /opt/tomcat/webapps-demo/manager does not exist or is not a readable directory
	at org.apache.naming.resources.FileDirContext.setDocBase(FileDirContext.java:142)
	at org.apache.catalina.core.StandardContext.resourcesStart(StandardContext.java:4324)
	at org.apache.catalina.core.StandardContext.start(StandardContext.java:4493)
	at org.apache.catalina.core.ContainerBase.addChildInternal(ContainerBase.java:802)
	at org.apache.catalina.core.ContainerBase.addChild(ContainerBase.java:779)
	at org.apache.catalina.core.StandardHost.addChild(StandardHost.java:583)
	at org.apache.catalina.startup.HostConfig.deployDescriptor(HostConfig.java:675)
	at org.apache.catalina.startup.HostConfig.deployDescriptors(HostConfig.java:601)
	at org.apache.catalina.startup.HostConfig.deployApps(HostConfig.java:502)
	at org.apache.catalina.startup.HostConfig.start(HostConfig.java:1317)
	at org.apache.catalina.startup.HostConfig.lifecycleEvent(HostConfig.java:324)
	at org.apache.catalina.util.LifecycleSupport.fireLifecycleEvent(LifecycleSupport.java:142)
	at org.apache.catalina.core.ContainerBase.start(ContainerBase.java:1068)
	at org.apache.catalina.core.StandardHost.start(StandardHost.java:822)
	at org.apache.catalina.core.ContainerBase.start(ContainerBase.java:1060)
	at org.apache.catalina.core.StandardEngine.start(StandardEngine.java:463)
	at org.apache.catalina.core.StandardService.start(StandardService.java:525)
	at org.apache.catalina.core.StandardServer.start(StandardServer.java:759)
	at org.apache.catalina.startup.Catalina.start(Catalina.java:595)
	at sun.reflect.NativeMethodAccessorImpl.invoke0(Native Method)
	at sun.reflect.NativeMethodAccessorImpl.invoke(NativeMethodAccessorImpl.java:62)
	at sun.reflect.DelegatingMethodAccessorImpl.invoke(DelegatingMethodAccessorImpl.java:43)
	at java.lang.reflect.Method.invoke(Method.java:483)
	at org.apache.catalina.startup.Bootstrap.start(Bootstrap.java:289)
	at org.apache.catalina.startup.Bootstrap.main(Bootstrap.java:414)

Dec 20, 2014 3:53:57 PM org.apache.catalina.core.StandardContext start
SEVERE: Error in resourceStart()
Dec 20, 2014 3:53:57 PM org.apache.catalina.core.StandardContext start
SEVERE: Error getConfigured
Dec 20, 2014 3:53:57 PM org.apache.catalina.core.StandardContext start
SEVERE: Context [/manager] startup failed due to previous errors
Dec 20, 2014 3:53:57 PM org.apache.catalina.core.StandardContext stop
INFO: Container org.apache.catalina.core.ContainerBase.[Catalina].[local.raiyaan.com].[/manager] has not been started
Dec 20, 2014 3:53:57 PM org.apache.catalina.startup.HostConfig deployDescriptor
INFO: Deploying configuration descriptor host-manager.xml
Dec 20, 2014 3:53:57 PM org.apache.catalina.core.StandardContext resourcesStart
SEVERE: Error starting static Resources
java.lang.IllegalArgumentException: Document base /opt/tomcat/webapps-demo/host-manager does not exist or is not a readable directory
	at org.apache.naming.resources.FileDirContext.setDocBase(FileDirContext.java:142)
	at org.apache.catalina.core.StandardContext.resourcesStart(StandardContext.java:4324)
	at org.apache.catalina.core.StandardContext.start(StandardContext.java:4493)
	at org.apache.catalina.core.ContainerBase.addChildInternal(ContainerBase.java:802)
	at org.apache.catalina.core.ContainerBase.addChild(ContainerBase.java:779)
	at org.apache.catalina.core.StandardHost.addChild(StandardHost.java:583)
	at org.apache.catalina.startup.HostConfig.deployDescriptor(HostConfig.java:675)
	at org.apache.catalina.startup.HostConfig.deployDescriptors(HostConfig.java:601)
	at org.apache.catalina.startup.HostConfig.deployApps(HostConfig.java:502)
	at org.apache.catalina.startup.HostConfig.start(HostConfig.java:1317)
	at org.apache.catalina.startup.HostConfig.lifecycleEvent(HostConfig.java:324)
	at org.apache.catalina.util.LifecycleSupport.fireLifecycleEvent(LifecycleSupport.java:142)
	at org.apache.catalina.core.ContainerBase.start(ContainerBase.java:1068)
	at org.apache.catalina.core.StandardHost.start(StandardHost.java:822)
	at org.apache.catalina.core.ContainerBase.start(ContainerBase.java:1060)
	at org.apache.catalina.core.StandardEngine.start(StandardEngine.java:463)
	at org.apache.catalina.core.StandardService.start(StandardService.java:525)
	at org.apache.catalina.core.StandardServer.start(StandardServer.java:759)
	at org.apache.catalina.startup.Catalina.start(Catalina.java:595)
	at sun.reflect.NativeMethodAccessorImpl.invoke0(Native Method)
	at sun.reflect.NativeMethodAccessorImpl.invoke(NativeMethodAccessorImpl.java:62)
	at sun.reflect.DelegatingMethodAccessorImpl.invoke(DelegatingMethodAccessorImpl.java:43)
	at java.lang.reflect.Method.invoke(Method.java:483)
	at org.apache.catalina.startup.Bootstrap.start(Bootstrap.java:289)
	at org.apache.catalina.startup.Bootstrap.main(Bootstrap.java:414)

Dec 20, 2014 3:53:57 PM org.apache.catalina.core.StandardContext start
SEVERE: Error in resourceStart()
Dec 20, 2014 3:53:57 PM org.apache.catalina.core.StandardContext start
SEVERE: Error getConfigured
Dec 20, 2014 3:53:57 PM org.apache.catalina.core.StandardContext start
SEVERE: Context [/host-manager] startup failed due to previous errors
Dec 20, 2014 3:53:57 PM org.apache.catalina.core.StandardContext stop
INFO: Container org.apache.catalina.core.ContainerBase.[Catalina].[local.raiyaan.com].[/host-manager] has not been started
Dec 20, 2014 3:53:57 PM org.apache.catalina.startup.HostConfig deployDirectory
INFO: Deploying web application directory demo
Dec 20, 2014 3:53:58 PM org.apache.catalina.core.ApplicationContext log
INFO: imageVersionFilter: init (oncePerRequest=false, attribRunOnce=imageVersionFilter.REQUEST_HANDLED)
Dec 20, 2014 3:53:58 PM org.apache.catalina.core.ApplicationContext log
INFO: cache: init (oncePerRequest=false, attribRunOnce=cache.REQUEST_HANDLED)
Dec 20, 2014 3:53:58 PM org.apache.catalina.core.ApplicationContext log
INFO: BootstrapFilter: init (oncePerRequest=false, attribRunOnce=BootstrapFilter.REQUEST_HANDLED)
Dec 20, 2014 3:53:58 PM org.apache.coyote.http11.Http11Protocol start
INFO: Starting Coyote HTTP/1.1 on http-8080
Dec 20, 2014 3:53:58 PM org.apache.coyote.http11.Http11Protocol start
INFO: Starting Coyote HTTP/1.1 on http-8443
Dec 20, 2014 3:53:58 PM org.apache.jk.common.ChannelSocket init
INFO: JK: ajp13 listening on /0.0.0.0:8009
Dec 20, 2014 3:53:58 PM org.apache.jk.server.JkMain start
INFO: Jk running ID=0 time=0/86  config=null
Dec 20, 2014 3:53:58 PM org.apache.catalina.startup.Catalina start
INFO: Server startup in 32480 ms
Dec 20, 2014 4:01:36 PM org.apache.catalina.core.AprLifecycleListener init
INFO: The APR based Apache Tomcat Native library which allows optimal performance in production environments was not found on the java.library.path: /usr/lib
Dec 20, 2014 4:01:36 PM org.apache.tomcat.util.digester.SetPropertiesRule begin
WARNING: [SetPropertiesRule]{Server/Service/Engine/Host} Setting property 'appBabe' to 'webapps' did not find a matching property.
Dec 20, 2014 4:01:37 PM org.apache.coyote.http11.Http11Protocol init
INFO: Initializing Coyote HTTP/1.1 on http-8080
Dec 20, 2014 4:01:37 PM org.apache.coyote.http11.Http11Protocol init
INFO: Initializing Coyote HTTP/1.1 on http-8443
Dec 20, 2014 4:01:37 PM org.apache.catalina.startup.Catalina load
INFO: Initialization processed in 719 ms
Dec 20, 2014 4:01:37 PM org.apache.catalina.core.StandardService start
INFO: Starting service Catalina
Dec 20, 2014 4:01:37 PM org.apache.catalina.core.StandardEngine start
INFO: Starting Servlet Engine: Apache Tomcat/6.0.43
Dec 20, 2014 4:01:37 PM org.apache.catalina.startup.HostConfig deployDescriptor
INFO: Deploying configuration descriptor manager.xml
Dec 20, 2014 4:01:37 PM org.apache.catalina.startup.HostConfig deployDescriptor
INFO: Deploying configuration descriptor host-manager.xml
Dec 20, 2014 4:01:37 PM org.apache.catalina.startup.HostConfig deployDirectory
INFO: Deploying web application directory docs
Dec 20, 2014 4:01:37 PM org.apache.catalina.startup.HostConfig deployDirectory
INFO: Deploying web application directory indexer-webservice
Dec 20, 2014 4:01:40 PM org.apache.catalina.startup.HostConfig deployDirectory
INFO: Deploying web application directory escenic-admin
Dec 20, 2014 4:01:41 PM org.apache.catalina.startup.HostConfig deployDirectory
INFO: Deploying web application directory solr
Dec 20, 2014 4:01:43 PM org.apache.catalina.startup.HostConfig deployDirectory
INFO: Deploying web application directory studio
Dec 20, 2014 4:01:43 PM org.apache.catalina.startup.HostConfig deployDirectory
INFO: Deploying web application directory ROOT
Dec 20, 2014 4:01:43 PM org.apache.catalina.startup.HostConfig deployDirectory
INFO: Deploying web application directory escenic
Dec 20, 2014 4:01:44 PM org.apache.catalina.startup.HostConfig deployDirectory
INFO: Deploying web application directory webservice-extensions
Dec 20, 2014 4:01:44 PM org.apache.catalina.startup.HostConfig deployDirectory
INFO: Deploying web application directory webservice
Dec 20, 2014 4:01:44 PM com.sun.jersey.api.core.PackagesResourceConfig init
INFO: Scanning for root resource and provider classes in the packages:
  com.escenic.webservice.resource
  com.escenic.webservice.resource.classification
  com.escenic.webservice.integration.jersey
  com.escenic.webservice.integration.jersey.exception
Dec 20, 2014 4:01:44 PM com.sun.jersey.api.core.ScanningResourceConfig logClasses
INFO: Root resource classes found:
  class com.escenic.webservice.resource.PageFeed
  class com.escenic.webservice.resource.classification.StructureResource
  class com.escenic.webservice.resource.URIExistsResource
  class com.escenic.webservice.resource.ListPoolResource
  class com.escenic.webservice.resource.ModelResource
  class com.escenic.webservice.resource.ListFeed
  class com.escenic.webservice.resource.SubsectionFeed
  class com.escenic.webservice.resource.ContentBySourceResource
  class com.escenic.webservice.resource.InboxFeed
  class com.escenic.webservice.resource.classification.TagResource
  class com.escenic.webservice.resource.ContentItemFeed
  class com.escenic.webservice.resource.PublicationResource
  class com.escenic.webservice.resource.ProxyResource
  class com.escenic.webservice.resource.SectionResource
  class com.escenic.webservice.resource.BinaryResource
  class com.escenic.webservice.resource.ContentStateResource
  class com.escenic.webservice.resource.classification.MergeTagsResource
  class com.escenic.webservice.resource.classification.TagSearchResource
  class com.escenic.webservice.resource.LicenseResource
  class com.escenic.webservice.resource.ContentEntry
  class com.escenic.webservice.resource.classification.ClassificationResource
  class com.escenic.webservice.resource.LockResource
  class com.escenic.webservice.resource.ScriptResource
  class com.escenic.webservice.resource.ChangelogFeed
  class com.escenic.webservice.resource.PersonResource
Dec 20, 2014 4:01:44 PM com.sun.jersey.api.core.ScanningResourceConfig logClasses
INFO: Provider classes found:
  class com.escenic.webservice.integration.jersey.exception.AccessControlExceptionMapper
  class com.escenic.webservice.resource.XStreamContentReader
  class com.escenic.webservice.integration.jersey.exception.ConflictExceptionMapper
  class com.escenic.webservice.integration.jersey.exception.WebApplicationExceptionMapper
  class com.escenic.webservice.integration.jersey.ModelProvider
  class com.escenic.webservice.resource.PayloadReader
  class com.escenic.webservice.integration.jersey.exception.BadRequestForFilterExceptionMapper
  class com.escenic.webservice.integration.jersey.exception.NoSuchObjectExceptionMapper
  class com.escenic.webservice.integration.jersey.exception.BadRequestExceptionMapper
  class com.escenic.webservice.integration.jersey.RequestAttributeInjector
  class com.escenic.webservice.integration.jersey.exception.InternalServerExceptionMapper
Dec 20, 2014 4:01:44 PM com.sun.jersey.server.impl.application.WebApplicationImpl _initiate
INFO: Initiating Jersey application, version 'Jersey: 1.10 11/02/2011 03:53 PM'
Dec 20, 2014 4:01:46 PM org.apache.catalina.startup.HostConfig deployDirectory
INFO: Deploying web application directory indexer-webapp
Dec 20, 2014 4:01:46 PM org.apache.catalina.startup.HostConfig deployDirectory
INFO: Deploying web application directory examples
Dec 20, 2014 4:01:47 PM org.apache.catalina.core.ApplicationContext log
INFO: imageVersionFilter: init (oncePerRequest=false, attribRunOnce=imageVersionFilter.REQUEST_HANDLED)
Dec 20, 2014 4:01:47 PM org.apache.catalina.core.ApplicationContext log
INFO: cache: init (oncePerRequest=false, attribRunOnce=cache.REQUEST_HANDLED)
Dec 20, 2014 4:01:47 PM org.apache.catalina.core.ApplicationContext log
INFO: BootstrapFilter: init (oncePerRequest=false, attribRunOnce=BootstrapFilter.REQUEST_HANDLED)
Dec 20, 2014 4:01:47 PM org.apache.catalina.startup.HostConfig deployDescriptor
INFO: Deploying configuration descriptor manager.xml
Dec 20, 2014 4:01:47 PM org.apache.catalina.core.StandardContext resourcesStart
SEVERE: Error starting static Resources
java.lang.IllegalArgumentException: Document base /opt/tomcat/webapps-demo/manager does not exist or is not a readable directory
	at org.apache.naming.resources.FileDirContext.setDocBase(FileDirContext.java:142)
	at org.apache.catalina.core.StandardContext.resourcesStart(StandardContext.java:4324)
	at org.apache.catalina.core.StandardContext.start(StandardContext.java:4493)
	at org.apache.catalina.core.ContainerBase.addChildInternal(ContainerBase.java:802)
	at org.apache.catalina.core.ContainerBase.addChild(ContainerBase.java:779)
	at org.apache.catalina.core.StandardHost.addChild(StandardHost.java:583)
	at org.apache.catalina.startup.HostConfig.deployDescriptor(HostConfig.java:675)
	at org.apache.catalina.startup.HostConfig.deployDescriptors(HostConfig.java:601)
	at org.apache.catalina.startup.HostConfig.deployApps(HostConfig.java:502)
	at org.apache.catalina.startup.HostConfig.start(HostConfig.java:1317)
	at org.apache.catalina.startup.HostConfig.lifecycleEvent(HostConfig.java:324)
	at org.apache.catalina.util.LifecycleSupport.fireLifecycleEvent(LifecycleSupport.java:142)
	at org.apache.catalina.core.ContainerBase.start(ContainerBase.java:1068)
	at org.apache.catalina.core.StandardHost.start(StandardHost.java:822)
	at org.apache.catalina.core.ContainerBase.start(ContainerBase.java:1060)
	at org.apache.catalina.core.StandardEngine.start(StandardEngine.java:463)
	at org.apache.catalina.core.StandardService.start(StandardService.java:525)
	at org.apache.catalina.core.StandardServer.start(StandardServer.java:759)
	at org.apache.catalina.startup.Catalina.start(Catalina.java:595)
	at sun.reflect.NativeMethodAccessorImpl.invoke0(Native Method)
	at sun.reflect.NativeMethodAccessorImpl.invoke(NativeMethodAccessorImpl.java:62)
	at sun.reflect.DelegatingMethodAccessorImpl.invoke(DelegatingMethodAccessorImpl.java:43)
	at java.lang.reflect.Method.invoke(Method.java:483)
	at org.apache.catalina.startup.Bootstrap.start(Bootstrap.java:289)
	at org.apache.catalina.startup.Bootstrap.main(Bootstrap.java:414)

Dec 20, 2014 4:01:47 PM org.apache.catalina.core.StandardContext start
SEVERE: Error in resourceStart()
Dec 20, 2014 4:01:47 PM org.apache.catalina.core.StandardContext start
SEVERE: Error getConfigured
Dec 20, 2014 4:01:47 PM org.apache.catalina.core.StandardContext start
SEVERE: Context [/manager] startup failed due to previous errors
Dec 20, 2014 4:01:47 PM org.apache.catalina.core.StandardContext stop
INFO: Container org.apache.catalina.core.ContainerBase.[Catalina].[local.raiyaan.com].[/manager] has not been started
Dec 20, 2014 4:01:47 PM org.apache.catalina.startup.HostConfig deployDescriptor
INFO: Deploying configuration descriptor host-manager.xml
Dec 20, 2014 4:01:47 PM org.apache.catalina.core.StandardContext resourcesStart
SEVERE: Error starting static Resources
java.lang.IllegalArgumentException: Document base /opt/tomcat/webapps-demo/host-manager does not exist or is not a readable directory
	at org.apache.naming.resources.FileDirContext.setDocBase(FileDirContext.java:142)
	at org.apache.catalina.core.StandardContext.resourcesStart(StandardContext.java:4324)
	at org.apache.catalina.core.StandardContext.start(StandardContext.java:4493)
	at org.apache.catalina.core.ContainerBase.addChildInternal(ContainerBase.java:802)
	at org.apache.catalina.core.ContainerBase.addChild(ContainerBase.java:779)
	at org.apache.catalina.core.StandardHost.addChild(StandardHost.java:583)
	at org.apache.catalina.startup.HostConfig.deployDescriptor(HostConfig.java:675)
	at org.apache.catalina.startup.HostConfig.deployDescriptors(HostConfig.java:601)
	at org.apache.catalina.startup.HostConfig.deployApps(HostConfig.java:502)
	at org.apache.catalina.startup.HostConfig.start(HostConfig.java:1317)
	at org.apache.catalina.startup.HostConfig.lifecycleEvent(HostConfig.java:324)
	at org.apache.catalina.util.LifecycleSupport.fireLifecycleEvent(LifecycleSupport.java:142)
	at org.apache.catalina.core.ContainerBase.start(ContainerBase.java:1068)
	at org.apache.catalina.core.StandardHost.start(StandardHost.java:822)
	at org.apache.catalina.core.ContainerBase.start(ContainerBase.java:1060)
	at org.apache.catalina.core.StandardEngine.start(StandardEngine.java:463)
	at org.apache.catalina.core.StandardService.start(StandardService.java:525)
	at org.apache.catalina.core.StandardServer.start(StandardServer.java:759)
	at org.apache.catalina.startup.Catalina.start(Catalina.java:595)
	at sun.reflect.NativeMethodAccessorImpl.invoke0(Native Method)
	at sun.reflect.NativeMethodAccessorImpl.invoke(NativeMethodAccessorImpl.java:62)
	at sun.reflect.DelegatingMethodAccessorImpl.invoke(DelegatingMethodAccessorImpl.java:43)
	at java.lang.reflect.Method.invoke(Method.java:483)
	at org.apache.catalina.startup.Bootstrap.start(Bootstrap.java:289)
	at org.apache.catalina.startup.Bootstrap.main(Bootstrap.java:414)

Dec 20, 2014 4:01:47 PM org.apache.catalina.core.StandardContext start
SEVERE: Error in resourceStart()
Dec 20, 2014 4:01:47 PM org.apache.catalina.core.StandardContext start
SEVERE: Error getConfigured
Dec 20, 2014 4:01:47 PM org.apache.catalina.core.StandardContext start
SEVERE: Context [/host-manager] startup failed due to previous errors
Dec 20, 2014 4:01:47 PM org.apache.catalina.core.StandardContext stop
INFO: Container org.apache.catalina.core.ContainerBase.[Catalina].[local.raiyaan.com].[/host-manager] has not been started
Dec 20, 2014 4:01:47 PM org.apache.catalina.startup.HostConfig deployDirectory
INFO: Deploying web application directory demo
Dec 20, 2014 4:01:47 PM org.apache.catalina.core.ApplicationContext log
INFO: imageVersionFilter: init (oncePerRequest=false, attribRunOnce=imageVersionFilter.REQUEST_HANDLED)
Dec 20, 2014 4:01:47 PM org.apache.catalina.core.ApplicationContext log
INFO: cache: init (oncePerRequest=false, attribRunOnce=cache.REQUEST_HANDLED)
Dec 20, 2014 4:01:47 PM org.apache.catalina.core.ApplicationContext log
INFO: BootstrapFilter: init (oncePerRequest=false, attribRunOnce=BootstrapFilter.REQUEST_HANDLED)
Dec 20, 2014 4:01:47 PM org.apache.coyote.http11.Http11Protocol start
INFO: Starting Coyote HTTP/1.1 on http-8080
Dec 20, 2014 4:01:47 PM org.apache.coyote.http11.Http11Protocol start
INFO: Starting Coyote HTTP/1.1 on http-8443
Dec 20, 2014 4:01:47 PM org.apache.jk.common.ChannelSocket init
INFO: JK: ajp13 listening on /0.0.0.0:8009
Dec 20, 2014 4:01:47 PM org.apache.jk.server.JkMain start
INFO: Jk running ID=0 time=0/17  config=null
Dec 20, 2014 4:01:47 PM org.apache.catalina.startup.Catalina start
INFO: Server startup in 10587 ms
Dec 20, 2014 4:14:45 PM org.apache.coyote.http11.Http11Protocol pause
INFO: Pausing Coyote HTTP/1.1 on http-8080
Dec 20, 2014 4:14:45 PM org.apache.coyote.http11.Http11Protocol pause
INFO: Pausing Coyote HTTP/1.1 on http-8443
Dec 20, 2014 4:14:46 PM org.apache.catalina.core.StandardService stop
INFO: Stopping service Catalina
Dec 20, 2014 4:14:46 PM org.apache.catalina.loader.WebappClassLoader clearReferencesThreads
SEVERE: The web application [/escenic] appears to have started a thread named [ECE Article UpdatingThread[0]] but has failed to stop it. This is very likely to create a memory leak.
Dec 20, 2014 4:14:46 PM org.apache.catalina.loader.WebappClassLoader clearReferencesThreads
SEVERE: The web application [/escenic] appears to have started a thread named [ECE Article Event cumulator] but has failed to stop it. This is very likely to create a memory leak.
Dec 20, 2014 4:14:46 PM org.apache.catalina.loader.WebappClassLoader clearReferencesThreads
SEVERE: The web application [/escenic] appears to have started a thread named [ECE List UpdatingThread[0]] but has failed to stop it. This is very likely to create a memory leak.
Dec 20, 2014 4:14:46 PM org.apache.catalina.loader.WebappClassLoader clearReferencesThreads
SEVERE: The web application [/escenic] appears to have started a thread named [ECE List Event cumulator] but has failed to stop it. This is very likely to create a memory leak.
Dec 20, 2014 4:14:46 PM org.apache.catalina.loader.WebappClassLoader clearReferencesThreads
SEVERE: The web application [/escenic] appears to have started a thread named [ECE Pool UpdatingThread[0]] but has failed to stop it. This is very likely to create a memory leak.
Dec 20, 2014 4:14:46 PM org.apache.catalina.loader.WebappClassLoader clearReferencesThreads
SEVERE: The web application [/escenic] appears to have started a thread named [ECE Pool Event cumulator] but has failed to stop it. This is very likely to create a memory leak.
Dec 20, 2014 4:14:46 PM org.apache.catalina.loader.WebappClassLoader clearReferencesThreads
SEVERE: The web application [/escenic] appears to have started a thread named [ECE Section UpdatingThread[0]] but has failed to stop it. This is very likely to create a memory leak.
Dec 20, 2014 4:14:46 PM org.apache.catalina.loader.WebappClassLoader clearReferencesThreads
SEVERE: The web application [/escenic] appears to have started a thread named [ECE Section Event cumulator] but has failed to stop it. This is very likely to create a memory leak.
Dec 20, 2014 4:14:46 PM org.apache.catalina.loader.WebappClassLoader clearReferencesThreads
SEVERE: The web application [/indexer-webservice] appears to have started a thread named [neo.xredsys.api.DatabaseEventManager-Remote-0] but has failed to stop it. This is very likely to create a memory leak.
Dec 20, 2014 4:14:46 PM org.apache.catalina.loader.WebappClassLoader clearReferencesThreads
SEVERE: The web application [/indexer-webservice] appears to have started a thread named [neo.xredsys.api.DatabaseEventManager-Read-0] but has failed to stop it. This is very likely to create a memory leak.
Dec 20, 2014 4:14:46 PM org.apache.catalina.loader.WebappClassLoader clearReferencesThreads
SEVERE: The web application [/indexer-webservice] appears to have started a thread named [com.escenic.search.index.DatabaseIndexer-DatabaseIndexer-0] but has failed to stop it. This is very likely to create a memory leak.
Dec 20, 2014 4:14:46 PM org.apache.catalina.loader.WebappClassLoader clearReferencesThreads
SEVERE: The web application [/indexer-webservice] appears to have started a thread named [AlarmManager] but has failed to stop it. This is very likely to create a memory leak.
Dec 20, 2014 4:14:46 PM org.apache.catalina.loader.WebappClassLoader clearReferencesThreads
SEVERE: The web application [/indexer-webservice] appears to have started a thread named [com.escenic.service.user.UserSessionsService-ExpirationThread-0] but has failed to stop it. This is very likely to create a memory leak.
Dec 20, 2014 4:14:46 PM org.apache.catalina.loader.WebappClassLoader clearReferencesThreads
SEVERE: The web application [/indexer-webservice] appears to have started a thread named [neo.xredsys.api.DatabaseLockManagerPingService-AlarmListener-0] but has failed to stop it. This is very likely to create a memory leak.
Dec 20, 2014 4:14:46 PM org.apache.catalina.loader.WebappClassLoader clearReferencesThreads
SEVERE: The web application [/indexer-webservice] appears to have started a thread named [com.escenic.event.RemoteNotificationCleanupService-AlarmListener-0] but has failed to stop it. This is very likely to create a memory leak.
Dec 20, 2014 4:14:46 PM org.apache.catalina.loader.WebappClassLoader clearReferencesThreads
SEVERE: The web application [/indexer-webservice] appears to have started a thread named [com.escenic.search.index.IndexMissingEntriesMutexService-AlarmListener-0] but has failed to stop it. This is very likely to create a memory leak.
Dec 20, 2014 4:14:46 PM org.apache.catalina.loader.WebappClassLoader clearReferencesThreads
SEVERE: The web application [/indexer-webservice] appears to have started a thread named [neo.xredsys.services.externalcontent.ExternalContentManager-AlarmListener-0] but has failed to stop it. This is very likely to create a memory leak.
Dec 20, 2014 4:14:46 PM org.apache.catalina.loader.WebappClassLoader clearReferencesThreads
SEVERE: The web application [/indexer-webservice] appears to have started a thread named [neo.xredsys.config.ScheduledReport-AlarmListener-0] but has failed to stop it. This is very likely to create a memory leak.
Dec 20, 2014 4:14:46 PM org.apache.catalina.loader.WebappClassLoader clearReferencesThreads
SEVERE: The web application [/indexer-webservice] appears to have started a thread named [Global Bus Shutdown Hook] but has failed to stop it. This is very likely to create a memory leak.
Dec 20, 2014 4:14:46 PM org.apache.catalina.loader.WebappClassLoader clearReferencesThreads
SEVERE: The web application [/indexer-webapp] appears to have started a thread named [com.escenic.indexer.Indexer-IndexConsumer-0] but has failed to stop it. This is very likely to create a memory leak.
Dec 20, 2014 4:14:47 PM org.apache.catalina.core.ApplicationContext log
INFO: imageVersionFilter: destroy
Dec 20, 2014 4:14:47 PM org.apache.catalina.core.ApplicationContext log
INFO: BootstrapFilter: destroy
Dec 20, 2014 4:14:47 PM org.apache.catalina.core.ApplicationContext log
INFO: imageVersionFilter: destroy
Dec 20, 2014 4:14:47 PM org.apache.catalina.core.ApplicationContext log
INFO: BootstrapFilter: destroy
Dec 20, 2014 4:14:47 PM org.apache.coyote.http11.Http11Protocol destroy
INFO: Stopping Coyote HTTP/1.1 on http-8080
Dec 20, 2014 4:14:47 PM org.apache.coyote.http11.Http11Protocol destroy
INFO: Stopping Coyote HTTP/1.1 on http-8443
Dec 20, 2014 4:14:48 PM org.apache.catalina.core.AprLifecycleListener init
INFO: The APR based Apache Tomcat Native library which allows optimal performance in production environments was not found on the java.library.path: /usr/lib
Dec 20, 2014 4:14:48 PM org.apache.tomcat.util.digester.SetPropertiesRule begin
WARNING: [SetPropertiesRule]{Server/Service/Engine/Host} Setting property 'appBabe' to 'webapps' did not find a matching property.
Dec 20, 2014 4:14:49 PM org.apache.coyote.http11.Http11Protocol init
INFO: Initializing Coyote HTTP/1.1 on http-8080
Dec 20, 2014 4:14:49 PM org.apache.coyote.http11.Http11Protocol init
INFO: Initializing Coyote HTTP/1.1 on http-8443
Dec 20, 2014 4:14:49 PM org.apache.catalina.startup.Catalina load
INFO: Initialization processed in 599 ms
Dec 20, 2014 4:14:49 PM org.apache.catalina.core.StandardService start
INFO: Starting service Catalina
Dec 20, 2014 4:14:49 PM org.apache.catalina.core.StandardEngine start
INFO: Starting Servlet Engine: Apache Tomcat/6.0.43
Dec 20, 2014 4:14:49 PM org.apache.catalina.startup.HostConfig deployDescriptor
INFO: Deploying configuration descriptor manager.xml
Dec 20, 2014 4:14:49 PM org.apache.catalina.startup.HostConfig deployDescriptor
INFO: Deploying configuration descriptor host-manager.xml
Dec 20, 2014 4:14:49 PM org.apache.catalina.startup.HostConfig deployDirectory
INFO: Deploying web application directory docs
Dec 20, 2014 4:14:49 PM org.apache.catalina.startup.HostConfig deployDirectory
INFO: Deploying web application directory indexer-webservice
Dec 20, 2014 4:14:52 PM org.apache.catalina.startup.HostConfig deployDirectory
INFO: Deploying web application directory escenic-admin
Dec 20, 2014 4:14:52 PM org.apache.catalina.startup.HostConfig deployDirectory
INFO: Deploying web application directory solr
Dec 20, 2014 4:14:54 PM org.apache.catalina.startup.HostConfig deployDirectory
INFO: Deploying web application directory studio
Dec 20, 2014 4:14:54 PM org.apache.catalina.startup.HostConfig deployDirectory
INFO: Deploying web application directory ROOT
Dec 20, 2014 4:14:54 PM org.apache.catalina.startup.HostConfig deployDirectory
INFO: Deploying web application directory escenic
Dec 20, 2014 4:14:55 PM org.apache.catalina.startup.HostConfig deployDirectory
INFO: Deploying web application directory webservice-extensions
Dec 20, 2014 4:14:55 PM org.apache.catalina.startup.HostConfig deployDirectory
INFO: Deploying web application directory webservice
Dec 20, 2014 4:14:55 PM com.sun.jersey.api.core.PackagesResourceConfig init
INFO: Scanning for root resource and provider classes in the packages:
  com.escenic.webservice.resource
  com.escenic.webservice.resource.classification
  com.escenic.webservice.integration.jersey
  com.escenic.webservice.integration.jersey.exception
Dec 20, 2014 4:14:55 PM com.sun.jersey.api.core.ScanningResourceConfig logClasses
INFO: Root resource classes found:
  class com.escenic.webservice.resource.PageFeed
  class com.escenic.webservice.resource.classification.StructureResource
  class com.escenic.webservice.resource.URIExistsResource
  class com.escenic.webservice.resource.ListPoolResource
  class com.escenic.webservice.resource.ModelResource
  class com.escenic.webservice.resource.ListFeed
  class com.escenic.webservice.resource.SubsectionFeed
  class com.escenic.webservice.resource.ContentBySourceResource
  class com.escenic.webservice.resource.InboxFeed
  class com.escenic.webservice.resource.classification.TagResource
  class com.escenic.webservice.resource.ContentItemFeed
  class com.escenic.webservice.resource.PublicationResource
  class com.escenic.webservice.resource.ProxyResource
  class com.escenic.webservice.resource.SectionResource
  class com.escenic.webservice.resource.BinaryResource
  class com.escenic.webservice.resource.ContentStateResource
  class com.escenic.webservice.resource.classification.MergeTagsResource
  class com.escenic.webservice.resource.classification.TagSearchResource
  class com.escenic.webservice.resource.LicenseResource
  class com.escenic.webservice.resource.ContentEntry
  class com.escenic.webservice.resource.classification.ClassificationResource
  class com.escenic.webservice.resource.LockResource
  class com.escenic.webservice.resource.ScriptResource
  class com.escenic.webservice.resource.ChangelogFeed
  class com.escenic.webservice.resource.PersonResource
Dec 20, 2014 4:14:55 PM com.sun.jersey.api.core.ScanningResourceConfig logClasses
INFO: Provider classes found:
  class com.escenic.webservice.integration.jersey.exception.AccessControlExceptionMapper
  class com.escenic.webservice.resource.XStreamContentReader
  class com.escenic.webservice.integration.jersey.exception.ConflictExceptionMapper
  class com.escenic.webservice.integration.jersey.exception.WebApplicationExceptionMapper
  class com.escenic.webservice.integration.jersey.ModelProvider
  class com.escenic.webservice.resource.PayloadReader
  class com.escenic.webservice.integration.jersey.exception.BadRequestForFilterExceptionMapper
  class com.escenic.webservice.integration.jersey.exception.NoSuchObjectExceptionMapper
  class com.escenic.webservice.integration.jersey.exception.BadRequestExceptionMapper
  class com.escenic.webservice.integration.jersey.RequestAttributeInjector
  class com.escenic.webservice.integration.jersey.exception.InternalServerExceptionMapper
Dec 20, 2014 4:14:55 PM com.sun.jersey.server.impl.application.WebApplicationImpl _initiate
INFO: Initiating Jersey application, version 'Jersey: 1.10 11/02/2011 03:53 PM'
Dec 20, 2014 4:14:57 PM org.apache.catalina.startup.HostConfig deployDirectory
INFO: Deploying web application directory indexer-webapp
Dec 20, 2014 4:14:57 PM org.apache.catalina.startup.HostConfig deployDirectory
INFO: Deploying web application directory examples
Dec 20, 2014 4:14:57 PM org.apache.catalina.core.ApplicationContext log
INFO: imageVersionFilter: init (oncePerRequest=false, attribRunOnce=imageVersionFilter.REQUEST_HANDLED)
Dec 20, 2014 4:14:57 PM org.apache.catalina.core.ApplicationContext log
INFO: cache: init (oncePerRequest=false, attribRunOnce=cache.REQUEST_HANDLED)
Dec 20, 2014 4:14:57 PM org.apache.catalina.core.ApplicationContext log
INFO: BootstrapFilter: init (oncePerRequest=false, attribRunOnce=BootstrapFilter.REQUEST_HANDLED)
Dec 20, 2014 4:14:57 PM org.apache.catalina.startup.HostConfig deployDescriptor
INFO: Deploying configuration descriptor manager.xml
Dec 20, 2014 4:14:57 PM org.apache.catalina.core.StandardContext resourcesStart
SEVERE: Error starting static Resources
java.lang.IllegalArgumentException: Document base /opt/tomcat/webapps-demo/manager does not exist or is not a readable directory
	at org.apache.naming.resources.FileDirContext.setDocBase(FileDirContext.java:142)
	at org.apache.catalina.core.StandardContext.resourcesStart(StandardContext.java:4324)
	at org.apache.catalina.core.StandardContext.start(StandardContext.java:4493)
	at org.apache.catalina.core.ContainerBase.addChildInternal(ContainerBase.java:802)
	at org.apache.catalina.core.ContainerBase.addChild(ContainerBase.java:779)
	at org.apache.catalina.core.StandardHost.addChild(StandardHost.java:583)
	at org.apache.catalina.startup.HostConfig.deployDescriptor(HostConfig.java:675)
	at org.apache.catalina.startup.HostConfig.deployDescriptors(HostConfig.java:601)
	at org.apache.catalina.startup.HostConfig.deployApps(HostConfig.java:502)
	at org.apache.catalina.startup.HostConfig.start(HostConfig.java:1317)
	at org.apache.catalina.startup.HostConfig.lifecycleEvent(HostConfig.java:324)
	at org.apache.catalina.util.LifecycleSupport.fireLifecycleEvent(LifecycleSupport.java:142)
	at org.apache.catalina.core.ContainerBase.start(ContainerBase.java:1068)
	at org.apache.catalina.core.StandardHost.start(StandardHost.java:822)
	at org.apache.catalina.core.ContainerBase.start(ContainerBase.java:1060)
	at org.apache.catalina.core.StandardEngine.start(StandardEngine.java:463)
	at org.apache.catalina.core.StandardService.start(StandardService.java:525)
	at org.apache.catalina.core.StandardServer.start(StandardServer.java:759)
	at org.apache.catalina.startup.Catalina.start(Catalina.java:595)
	at sun.reflect.NativeMethodAccessorImpl.invoke0(Native Method)
	at sun.reflect.NativeMethodAccessorImpl.invoke(NativeMethodAccessorImpl.java:62)
	at sun.reflect.DelegatingMethodAccessorImpl.invoke(DelegatingMethodAccessorImpl.java:43)
	at java.lang.reflect.Method.invoke(Method.java:483)
	at org.apache.catalina.startup.Bootstrap.start(Bootstrap.java:289)
	at org.apache.catalina.startup.Bootstrap.main(Bootstrap.java:414)

Dec 20, 2014 4:14:57 PM org.apache.catalina.core.StandardContext start
SEVERE: Error in resourceStart()
Dec 20, 2014 4:14:57 PM org.apache.catalina.core.StandardContext start
SEVERE: Error getConfigured
Dec 20, 2014 4:14:57 PM org.apache.catalina.core.StandardContext start
SEVERE: Context [/manager] startup failed due to previous errors
Dec 20, 2014 4:14:57 PM org.apache.catalina.core.StandardContext stop
INFO: Container org.apache.catalina.core.ContainerBase.[Catalina].[www.raiyaan.com].[/manager] has not been started
Dec 20, 2014 4:14:57 PM org.apache.catalina.startup.HostConfig deployDescriptor
INFO: Deploying configuration descriptor host-manager.xml
Dec 20, 2014 4:14:57 PM org.apache.catalina.core.StandardContext resourcesStart
SEVERE: Error starting static Resources
java.lang.IllegalArgumentException: Document base /opt/tomcat/webapps-demo/host-manager does not exist or is not a readable directory
	at org.apache.naming.resources.FileDirContext.setDocBase(FileDirContext.java:142)
	at org.apache.catalina.core.StandardContext.resourcesStart(StandardContext.java:4324)
	at org.apache.catalina.core.StandardContext.start(StandardContext.java:4493)
	at org.apache.catalina.core.ContainerBase.addChildInternal(ContainerBase.java:802)
	at org.apache.catalina.core.ContainerBase.addChild(ContainerBase.java:779)
	at org.apache.catalina.core.StandardHost.addChild(StandardHost.java:583)
	at org.apache.catalina.startup.HostConfig.deployDescriptor(HostConfig.java:675)
	at org.apache.catalina.startup.HostConfig.deployDescriptors(HostConfig.java:601)
	at org.apache.catalina.startup.HostConfig.deployApps(HostConfig.java:502)
	at org.apache.catalina.startup.HostConfig.start(HostConfig.java:1317)
	at org.apache.catalina.startup.HostConfig.lifecycleEvent(HostConfig.java:324)
	at org.apache.catalina.util.LifecycleSupport.fireLifecycleEvent(LifecycleSupport.java:142)
	at org.apache.catalina.core.ContainerBase.start(ContainerBase.java:1068)
	at org.apache.catalina.core.StandardHost.start(StandardHost.java:822)
	at org.apache.catalina.core.ContainerBase.start(ContainerBase.java:1060)
	at org.apache.catalina.core.StandardEngine.start(StandardEngine.java:463)
	at org.apache.catalina.core.StandardService.start(StandardService.java:525)
	at org.apache.catalina.core.StandardServer.start(StandardServer.java:759)
	at org.apache.catalina.startup.Catalina.start(Catalina.java:595)
	at sun.reflect.NativeMethodAccessorImpl.invoke0(Native Method)
	at sun.reflect.NativeMethodAccessorImpl.invoke(NativeMethodAccessorImpl.java:62)
	at sun.reflect.DelegatingMethodAccessorImpl.invoke(DelegatingMethodAccessorImpl.java:43)
	at java.lang.reflect.Method.invoke(Method.java:483)
	at org.apache.catalina.startup.Bootstrap.start(Bootstrap.java:289)
	at org.apache.catalina.startup.Bootstrap.main(Bootstrap.java:414)

Dec 20, 2014 4:14:57 PM org.apache.catalina.core.StandardContext start
SEVERE: Error in resourceStart()
Dec 20, 2014 4:14:57 PM org.apache.catalina.core.StandardContext start
SEVERE: Error getConfigured
Dec 20, 2014 4:14:57 PM org.apache.catalina.core.StandardContext start
SEVERE: Context [/host-manager] startup failed due to previous errors
Dec 20, 2014 4:14:57 PM org.apache.catalina.core.StandardContext stop
INFO: Container org.apache.catalina.core.ContainerBase.[Catalina].[www.raiyaan.com].[/host-manager] has not been started
Dec 20, 2014 4:14:57 PM org.apache.catalina.startup.HostConfig deployDirectory
INFO: Deploying web application directory demo
Dec 20, 2014 4:14:58 PM org.apache.catalina.core.ApplicationContext log
INFO: imageVersionFilter: init (oncePerRequest=false, attribRunOnce=imageVersionFilter.REQUEST_HANDLED)
Dec 20, 2014 4:14:58 PM org.apache.catalina.core.ApplicationContext log
INFO: cache: init (oncePerRequest=false, attribRunOnce=cache.REQUEST_HANDLED)
Dec 20, 2014 4:14:58 PM org.apache.catalina.core.ApplicationContext log
INFO: BootstrapFilter: init (oncePerRequest=false, attribRunOnce=BootstrapFilter.REQUEST_HANDLED)
Dec 20, 2014 4:14:58 PM org.apache.coyote.http11.Http11Protocol start
INFO: Starting Coyote HTTP/1.1 on http-8080
Dec 20, 2014 4:14:58 PM org.apache.coyote.http11.Http11Protocol start
INFO: Starting Coyote HTTP/1.1 on http-8443
Dec 20, 2014 4:14:58 PM org.apache.jk.common.ChannelSocket init
INFO: JK: ajp13 listening on /0.0.0.0:8009
Dec 20, 2014 4:14:58 PM org.apache.jk.server.JkMain start
INFO: Jk running ID=0 time=0/28  config=null
Dec 20, 2014 4:14:58 PM org.apache.catalina.startup.Catalina start
INFO: Server startup in 9195 ms
Dec 20, 2014 4:52:21 PM org.apache.coyote.http11.Http11Protocol pause
INFO: Pausing Coyote HTTP/1.1 on http-8080
Dec 20, 2014 4:52:21 PM org.apache.coyote.http11.Http11Protocol pause
INFO: Pausing Coyote HTTP/1.1 on http-8443
Dec 20, 2014 4:52:22 PM org.apache.catalina.core.StandardService stop
INFO: Stopping service Catalina
Dec 20, 2014 4:52:22 PM org.apache.catalina.loader.WebappClassLoader clearReferencesThreads
SEVERE: The web application [/indexer-webservice] appears to have started a thread named [neo.xredsys.api.DatabaseEventManager-Remote-0] but has failed to stop it. This is very likely to create a memory leak.
Dec 20, 2014 4:52:22 PM org.apache.catalina.loader.WebappClassLoader clearReferencesThreads
SEVERE: The web application [/indexer-webservice] appears to have started a thread named [neo.xredsys.api.DatabaseEventManager-Read-0] but has failed to stop it. This is very likely to create a memory leak.
Dec 20, 2014 4:52:22 PM org.apache.catalina.loader.WebappClassLoader clearReferencesThreads
SEVERE: The web application [/indexer-webservice] appears to have started a thread named [com.escenic.search.index.DatabaseIndexer-DatabaseIndexer-0] but has failed to stop it. This is very likely to create a memory leak.
Dec 20, 2014 4:52:22 PM org.apache.catalina.loader.WebappClassLoader clearReferencesThreads
SEVERE: The web application [/indexer-webservice] appears to have started a thread named [AlarmManager] but has failed to stop it. This is very likely to create a memory leak.
Dec 20, 2014 4:52:22 PM org.apache.catalina.loader.WebappClassLoader clearReferencesThreads
SEVERE: The web application [/indexer-webservice] appears to have started a thread named [com.escenic.service.user.UserSessionsService-ExpirationThread-0] but has failed to stop it. This is very likely to create a memory leak.
Dec 20, 2014 4:52:22 PM org.apache.catalina.loader.WebappClassLoader clearReferencesThreads
SEVERE: The web application [/indexer-webservice] appears to have started a thread named [neo.xredsys.api.DatabaseLockManagerPingService-AlarmListener-0] but has failed to stop it. This is very likely to create a memory leak.
Dec 20, 2014 4:52:22 PM org.apache.catalina.loader.WebappClassLoader clearReferencesThreads
SEVERE: The web application [/indexer-webservice] appears to have started a thread named [com.escenic.event.RemoteNotificationCleanupService-AlarmListener-0] but has failed to stop it. This is very likely to create a memory leak.
Dec 20, 2014 4:52:22 PM org.apache.catalina.loader.WebappClassLoader clearReferencesThreads
SEVERE: The web application [/indexer-webservice] appears to have started a thread named [com.escenic.search.index.IndexMissingEntriesMutexService-AlarmListener-0] but has failed to stop it. This is very likely to create a memory leak.
Dec 20, 2014 4:52:22 PM org.apache.catalina.loader.WebappClassLoader clearReferencesThreads
SEVERE: The web application [/indexer-webservice] appears to have started a thread named [neo.services.log4j.NDCRemove-AlarmListener-0] but has failed to stop it. This is very likely to create a memory leak.
Dec 20, 2014 4:52:22 PM org.apache.catalina.loader.WebappClassLoader clearReferencesThreads
SEVERE: The web application [/indexer-webservice] appears to have started a thread named [neo.xredsys.config.ScheduledReport-AlarmListener-0] but has failed to stop it. This is very likely to create a memory leak.
Dec 20, 2014 4:52:22 PM org.apache.catalina.loader.WebappClassLoader clearReferencesThreads
SEVERE: The web application [/indexer-webservice] appears to have started a thread named [Global Bus Shutdown Hook] but has failed to stop it. This is very likely to create a memory leak.
Dec 20, 2014 4:52:22 PM org.apache.catalina.loader.WebappClassLoader clearReferencesThreads
SEVERE: The web application [/indexer-webapp] appears to have started a thread named [com.escenic.indexer.Indexer-IndexConsumer-0] but has failed to stop it. This is very likely to create a memory leak.
Dec 20, 2014 4:52:23 PM org.apache.catalina.core.ApplicationContext log
INFO: imageVersionFilter: destroy
Dec 20, 2014 4:52:23 PM org.apache.catalina.core.ApplicationContext log
INFO: BootstrapFilter: destroy
Dec 20, 2014 4:52:23 PM org.apache.catalina.core.ApplicationContext log
INFO: imageVersionFilter: destroy
Dec 20, 2014 4:52:23 PM org.apache.catalina.core.ApplicationContext log
INFO: BootstrapFilter: destroy
Dec 20, 2014 4:52:23 PM org.apache.coyote.http11.Http11Protocol destroy
INFO: Stopping Coyote HTTP/1.1 on http-8080
Dec 20, 2014 4:52:23 PM org.apache.coyote.http11.Http11Protocol destroy
INFO: Stopping Coyote HTTP/1.1 on http-8443
Dec 20, 2014 4:52:24 PM org.apache.catalina.core.AprLifecycleListener init
INFO: The APR based Apache Tomcat Native library which allows optimal performance in production environments was not found on the java.library.path: /usr/lib
Dec 20, 2014 4:52:25 PM org.apache.tomcat.util.digester.SetPropertiesRule begin
WARNING: [SetPropertiesRule]{Server/Service/Engine/Host} Setting property 'appBabe' to 'webapps' did not find a matching property.
Dec 20, 2014 4:52:25 PM org.apache.coyote.http11.Http11Protocol init
INFO: Initializing Coyote HTTP/1.1 on http-8080
Dec 20, 2014 4:52:25 PM org.apache.coyote.http11.Http11Protocol init
INFO: Initializing Coyote HTTP/1.1 on http-8443
Dec 20, 2014 4:52:25 PM org.apache.catalina.startup.Catalina load
INFO: Initialization processed in 746 ms
Dec 20, 2014 4:52:25 PM org.apache.catalina.core.StandardService start
INFO: Starting service Catalina
Dec 20, 2014 4:52:25 PM org.apache.catalina.core.StandardEngine start
INFO: Starting Servlet Engine: Apache Tomcat/6.0.43
Dec 20, 2014 4:52:25 PM org.apache.catalina.startup.HostConfig deployDescriptor
INFO: Deploying configuration descriptor manager.xml
Dec 20, 2014 4:52:25 PM org.apache.catalina.startup.HostConfig deployDescriptor
INFO: Deploying configuration descriptor host-manager.xml
Dec 20, 2014 4:52:25 PM org.apache.catalina.startup.HostConfig deployDirectory
INFO: Deploying web application directory docs
Dec 20, 2014 4:52:26 PM org.apache.catalina.startup.HostConfig deployDirectory
INFO: Deploying web application directory indexer-webservice
Dec 20, 2014 4:52:29 PM org.apache.catalina.startup.HostConfig deployDirectory
INFO: Deploying web application directory escenic-admin
Dec 20, 2014 4:52:30 PM org.apache.catalina.session.StandardManager doLoad
SEVERE: IOException while loading persisted sessions: java.io.WriteAbortedException: writing aborted; java.io.NotSerializableException: org.apache.log4j.Logger
java.io.WriteAbortedException: writing aborted; java.io.NotSerializableException: org.apache.log4j.Logger
	at java.io.ObjectInputStream.readObject0(ObjectInputStream.java:1355)
	at java.io.ObjectInputStream.defaultReadFields(ObjectInputStream.java:1993)
	at java.io.ObjectInputStream.readSerialData(ObjectInputStream.java:1918)
	at java.io.ObjectInputStream.readOrdinaryObject(ObjectInputStream.java:1801)
	at java.io.ObjectInputStream.readObject0(ObjectInputStream.java:1351)
	at java.io.ObjectInputStream.readObject(ObjectInputStream.java:371)
	at org.apache.catalina.session.StandardSession.readObject(StandardSession.java:1510)
	at org.apache.catalina.session.StandardSession.readObjectData(StandardSession.java:999)
	at org.apache.catalina.session.StandardManager.doLoad(StandardManager.java:395)
	at org.apache.catalina.session.StandardManager.load(StandardManager.java:322)
	at org.apache.catalina.session.StandardManager.start(StandardManager.java:649)
	at org.apache.catalina.core.ContainerBase.setManager(ContainerBase.java:446)
	at org.apache.catalina.core.StandardContext.start(StandardContext.java:4635)
	at org.apache.catalina.core.ContainerBase.addChildInternal(ContainerBase.java:802)
	at org.apache.catalina.core.ContainerBase.addChild(ContainerBase.java:779)
	at org.apache.catalina.core.StandardHost.addChild(StandardHost.java:583)
	at org.apache.catalina.startup.HostConfig.deployDirectory(HostConfig.java:1079)
	at org.apache.catalina.startup.HostConfig.deployDirectories(HostConfig.java:1002)
	at org.apache.catalina.startup.HostConfig.deployApps(HostConfig.java:506)
	at org.apache.catalina.startup.HostConfig.start(HostConfig.java:1317)
	at org.apache.catalina.startup.HostConfig.lifecycleEvent(HostConfig.java:324)
	at org.apache.catalina.util.LifecycleSupport.fireLifecycleEvent(LifecycleSupport.java:142)
	at org.apache.catalina.core.ContainerBase.start(ContainerBase.java:1068)
	at org.apache.catalina.core.StandardHost.start(StandardHost.java:822)
	at org.apache.catalina.core.ContainerBase.start(ContainerBase.java:1060)
	at org.apache.catalina.core.StandardEngine.start(StandardEngine.java:463)
	at org.apache.catalina.core.StandardService.start(StandardService.java:525)
	at org.apache.catalina.core.StandardServer.start(StandardServer.java:759)
	at org.apache.catalina.startup.Catalina.start(Catalina.java:595)
	at sun.reflect.NativeMethodAccessorImpl.invoke0(Native Method)
	at sun.reflect.NativeMethodAccessorImpl.invoke(NativeMethodAccessorImpl.java:62)
	at sun.reflect.DelegatingMethodAccessorImpl.invoke(DelegatingMethodAccessorImpl.java:43)
	at java.lang.reflect.Method.invoke(Method.java:483)
	at org.apache.catalina.startup.Bootstrap.start(Bootstrap.java:289)
	at org.apache.catalina.startup.Bootstrap.main(Bootstrap.java:414)
Caused by: java.io.NotSerializableException: org.apache.log4j.Logger
	at java.io.ObjectOutputStream.writeObject0(ObjectOutputStream.java:1184)
	at java.io.ObjectOutputStream.defaultWriteFields(ObjectOutputStream.java:1548)
	at java.io.ObjectOutputStream.writeSerialData(ObjectOutputStream.java:1509)
	at java.io.ObjectOutputStream.writeOrdinaryObject(ObjectOutputStream.java:1432)
	at java.io.ObjectOutputStream.writeObject0(ObjectOutputStream.java:1178)
	at java.io.ObjectOutputStream.writeObject(ObjectOutputStream.java:348)
	at org.apache.catalina.session.StandardSession.writeObject(StandardSession.java:1586)
	at org.apache.catalina.session.StandardSession.writeObjectData(StandardSession.java:1016)
	at org.apache.catalina.session.StandardManager.doUnload(StandardManager.java:529)
	at org.apache.catalina.session.StandardManager.unload(StandardManager.java:470)
	at org.apache.catalina.session.StandardManager.stop(StandardManager.java:679)
	at org.apache.catalina.core.StandardContext.stop(StandardContext.java:4886)
	at org.apache.catalina.core.ContainerBase.removeChild(ContainerBase.java:939)
	at org.apache.catalina.startup.HostConfig.undeployApps(HostConfig.java:1359)
	at org.apache.catalina.startup.HostConfig.stop(HostConfig.java:1330)
	at org.apache.catalina.startup.HostConfig.lifecycleEvent(HostConfig.java:326)
	at org.apache.catalina.util.LifecycleSupport.fireLifecycleEvent(LifecycleSupport.java:142)
	at org.apache.catalina.core.ContainerBase.stop(ContainerBase.java:1101)
	at org.apache.catalina.core.ContainerBase.stop(ContainerBase.java:1113)
	at org.apache.catalina.core.StandardEngine.stop(StandardEngine.java:468)
	at org.apache.catalina.core.StandardService.stop(StandardService.java:604)
	at org.apache.catalina.core.StandardServer.stop(StandardServer.java:793)
	at org.apache.catalina.startup.Catalina.stop(Catalina.java:662)
	at org.apache.catalina.startup.Catalina$CatalinaShutdownHook.run(Catalina.java:706)

Dec 20, 2014 4:52:30 PM org.apache.catalina.session.StandardManager start
SEVERE: Exception loading sessions from persistent storage
java.io.WriteAbortedException: writing aborted; java.io.NotSerializableException: org.apache.log4j.Logger
	at java.io.ObjectInputStream.readObject0(ObjectInputStream.java:1355)
	at java.io.ObjectInputStream.defaultReadFields(ObjectInputStream.java:1993)
	at java.io.ObjectInputStream.readSerialData(ObjectInputStream.java:1918)
	at java.io.ObjectInputStream.readOrdinaryObject(ObjectInputStream.java:1801)
	at java.io.ObjectInputStream.readObject0(ObjectInputStream.java:1351)
	at java.io.ObjectInputStream.readObject(ObjectInputStream.java:371)
	at org.apache.catalina.session.StandardSession.readObject(StandardSession.java:1510)
	at org.apache.catalina.session.StandardSession.readObjectData(StandardSession.java:999)
	at org.apache.catalina.session.StandardManager.doLoad(StandardManager.java:395)
	at org.apache.catalina.session.StandardManager.load(StandardManager.java:322)
	at org.apache.catalina.session.StandardManager.start(StandardManager.java:649)
	at org.apache.catalina.core.ContainerBase.setManager(ContainerBase.java:446)
	at org.apache.catalina.core.StandardContext.start(StandardContext.java:4635)
	at org.apache.catalina.core.ContainerBase.addChildInternal(ContainerBase.java:802)
	at org.apache.catalina.core.ContainerBase.addChild(ContainerBase.java:779)
	at org.apache.catalina.core.StandardHost.addChild(StandardHost.java:583)
	at org.apache.catalina.startup.HostConfig.deployDirectory(HostConfig.java:1079)
	at org.apache.catalina.startup.HostConfig.deployDirectories(HostConfig.java:1002)
	at org.apache.catalina.startup.HostConfig.deployApps(HostConfig.java:506)
	at org.apache.catalina.startup.HostConfig.start(HostConfig.java:1317)
	at org.apache.catalina.startup.HostConfig.lifecycleEvent(HostConfig.java:324)
	at org.apache.catalina.util.LifecycleSupport.fireLifecycleEvent(LifecycleSupport.java:142)
	at org.apache.catalina.core.ContainerBase.start(ContainerBase.java:1068)
	at org.apache.catalina.core.StandardHost.start(StandardHost.java:822)
	at org.apache.catalina.core.ContainerBase.start(ContainerBase.java:1060)
	at org.apache.catalina.core.StandardEngine.start(StandardEngine.java:463)
	at org.apache.catalina.core.StandardService.start(StandardService.java:525)
	at org.apache.catalina.core.StandardServer.start(StandardServer.java:759)
	at org.apache.catalina.startup.Catalina.start(Catalina.java:595)
	at sun.reflect.NativeMethodAccessorImpl.invoke0(Native Method)
	at sun.reflect.NativeMethodAccessorImpl.invoke(NativeMethodAccessorImpl.java:62)
	at sun.reflect.DelegatingMethodAccessorImpl.invoke(DelegatingMethodAccessorImpl.java:43)
	at java.lang.reflect.Method.invoke(Method.java:483)
	at org.apache.catalina.startup.Bootstrap.start(Bootstrap.java:289)
	at org.apache.catalina.startup.Bootstrap.main(Bootstrap.java:414)
Caused by: java.io.NotSerializableException: org.apache.log4j.Logger
	at java.io.ObjectOutputStream.writeObject0(ObjectOutputStream.java:1184)
	at java.io.ObjectOutputStream.defaultWriteFields(ObjectOutputStream.java:1548)
	at java.io.ObjectOutputStream.writeSerialData(ObjectOutputStream.java:1509)
	at java.io.ObjectOutputStream.writeOrdinaryObject(ObjectOutputStream.java:1432)
	at java.io.ObjectOutputStream.writeObject0(ObjectOutputStream.java:1178)
	at java.io.ObjectOutputStream.writeObject(ObjectOutputStream.java:348)
	at org.apache.catalina.session.StandardSession.writeObject(StandardSession.java:1586)
	at org.apache.catalina.session.StandardSession.writeObjectData(StandardSession.java:1016)
	at org.apache.catalina.session.StandardManager.doUnload(StandardManager.java:529)
	at org.apache.catalina.session.StandardManager.unload(StandardManager.java:470)
	at org.apache.catalina.session.StandardManager.stop(StandardManager.java:679)
	at org.apache.catalina.core.StandardContext.stop(StandardContext.java:4886)
	at org.apache.catalina.core.ContainerBase.removeChild(ContainerBase.java:939)
	at org.apache.catalina.startup.HostConfig.undeployApps(HostConfig.java:1359)
	at org.apache.catalina.startup.HostConfig.stop(HostConfig.java:1330)
	at org.apache.catalina.startup.HostConfig.lifecycleEvent(HostConfig.java:326)
	at org.apache.catalina.util.LifecycleSupport.fireLifecycleEvent(LifecycleSupport.java:142)
	at org.apache.catalina.core.ContainerBase.stop(ContainerBase.java:1101)
	at org.apache.catalina.core.ContainerBase.stop(ContainerBase.java:1113)
	at org.apache.catalina.core.StandardEngine.stop(StandardEngine.java:468)
	at org.apache.catalina.core.StandardService.stop(StandardService.java:604)
	at org.apache.catalina.core.StandardServer.stop(StandardServer.java:793)
	at org.apache.catalina.startup.Catalina.stop(Catalina.java:662)
	at org.apache.catalina.startup.Catalina$CatalinaShutdownHook.run(Catalina.java:706)

Dec 20, 2014 4:52:30 PM org.apache.catalina.startup.HostConfig deployDirectory
INFO: Deploying web application directory solr
Dec 20, 2014 4:52:33 PM org.apache.catalina.startup.HostConfig deployDirectory
INFO: Deploying web application directory studio
Dec 20, 2014 4:52:33 PM org.apache.catalina.startup.HostConfig deployDirectory
INFO: Deploying web application directory ROOT
Dec 20, 2014 4:52:33 PM org.apache.catalina.startup.HostConfig deployDirectory
INFO: Deploying web application directory escenic
Dec 20, 2014 4:52:34 PM org.apache.catalina.startup.HostConfig deployDirectory
INFO: Deploying web application directory webservice-extensions
Dec 20, 2014 4:52:34 PM org.apache.catalina.startup.HostConfig deployDirectory
INFO: Deploying web application directory webservice
Dec 20, 2014 4:52:34 PM com.sun.jersey.api.core.PackagesResourceConfig init
INFO: Scanning for root resource and provider classes in the packages:
  com.escenic.webservice.resource
  com.escenic.webservice.resource.classification
  com.escenic.webservice.integration.jersey
  com.escenic.webservice.integration.jersey.exception
Dec 20, 2014 4:52:35 PM com.sun.jersey.api.core.ScanningResourceConfig logClasses
INFO: Root resource classes found:
  class com.escenic.webservice.resource.ContentStateResource
  class com.escenic.webservice.resource.InboxFeed
  class com.escenic.webservice.resource.ScriptResource
  class com.escenic.webservice.resource.ListPoolResource
  class com.escenic.webservice.resource.ContentItemFeed
  class com.escenic.webservice.resource.classification.StructureResource
  class com.escenic.webservice.resource.LicenseResource
  class com.escenic.webservice.resource.LockResource
  class com.escenic.webservice.resource.ListFeed
  class com.escenic.webservice.resource.classification.TagResource
  class com.escenic.webservice.resource.classification.MergeTagsResource
  class com.escenic.webservice.resource.ModelResource
  class com.escenic.webservice.resource.classification.TagSearchResource
  class com.escenic.webservice.resource.ContentEntry
  class com.escenic.webservice.resource.classification.ClassificationResource
  class com.escenic.webservice.resource.URIExistsResource
  class com.escenic.webservice.resource.ProxyResource
  class com.escenic.webservice.resource.SubsectionFeed
  class com.escenic.webservice.resource.ChangelogFeed
  class com.escenic.webservice.resource.BinaryResource
  class com.escenic.webservice.resource.PublicationResource
  class com.escenic.webservice.resource.PageFeed
  class com.escenic.webservice.resource.SectionResource
  class com.escenic.webservice.resource.ContentBySourceResource
  class com.escenic.webservice.resource.PersonResource
Dec 20, 2014 4:52:35 PM com.sun.jersey.api.core.ScanningResourceConfig logClasses
INFO: Provider classes found:
  class com.escenic.webservice.integration.jersey.exception.AccessControlExceptionMapper
  class com.escenic.webservice.resource.PayloadReader
  class com.escenic.webservice.integration.jersey.exception.BadRequestForFilterExceptionMapper
  class com.escenic.webservice.integration.jersey.exception.InternalServerExceptionMapper
  class com.escenic.webservice.resource.XStreamContentReader
  class com.escenic.webservice.integration.jersey.exception.WebApplicationExceptionMapper
  class com.escenic.webservice.integration.jersey.exception.NoSuchObjectExceptionMapper
  class com.escenic.webservice.integration.jersey.exception.ConflictExceptionMapper
  class com.escenic.webservice.integration.jersey.RequestAttributeInjector
  class com.escenic.webservice.integration.jersey.ModelProvider
  class com.escenic.webservice.integration.jersey.exception.BadRequestExceptionMapper
Dec 20, 2014 4:52:35 PM com.sun.jersey.server.impl.application.WebApplicationImpl _initiate
INFO: Initiating Jersey application, version 'Jersey: 1.10 11/02/2011 03:53 PM'
Dec 20, 2014 4:52:38 PM org.apache.catalina.startup.HostConfig deployDirectory
INFO: Deploying web application directory indexer-webapp
Dec 20, 2014 4:52:38 PM org.apache.catalina.startup.HostConfig deployDirectory
INFO: Deploying web application directory examples
Dec 20, 2014 4:52:39 PM org.apache.catalina.core.ApplicationContext log
INFO: imageVersionFilter: init (oncePerRequest=false, attribRunOnce=imageVersionFilter.REQUEST_HANDLED)
Dec 20, 2014 4:52:39 PM org.apache.catalina.core.ApplicationContext log
INFO: cache: init (oncePerRequest=false, attribRunOnce=cache.REQUEST_HANDLED)
Dec 20, 2014 4:52:39 PM org.apache.catalina.core.ApplicationContext log
INFO: BootstrapFilter: init (oncePerRequest=false, attribRunOnce=BootstrapFilter.REQUEST_HANDLED)
Dec 20, 2014 4:52:39 PM org.apache.catalina.startup.HostConfig deployDescriptor
INFO: Deploying configuration descriptor manager.xml
Dec 20, 2014 4:52:39 PM org.apache.catalina.core.StandardContext resourcesStart
SEVERE: Error starting static Resources
java.lang.IllegalArgumentException: Document base /opt/tomcat/webapps-demo/manager does not exist or is not a readable directory
	at org.apache.naming.resources.FileDirContext.setDocBase(FileDirContext.java:142)
	at org.apache.catalina.core.StandardContext.resourcesStart(StandardContext.java:4324)
	at org.apache.catalina.core.StandardContext.start(StandardContext.java:4493)
	at org.apache.catalina.core.ContainerBase.addChildInternal(ContainerBase.java:802)
	at org.apache.catalina.core.ContainerBase.addChild(ContainerBase.java:779)
	at org.apache.catalina.core.StandardHost.addChild(StandardHost.java:583)
	at org.apache.catalina.startup.HostConfig.deployDescriptor(HostConfig.java:675)
	at org.apache.catalina.startup.HostConfig.deployDescriptors(HostConfig.java:601)
	at org.apache.catalina.startup.HostConfig.deployApps(HostConfig.java:502)
	at org.apache.catalina.startup.HostConfig.start(HostConfig.java:1317)
	at org.apache.catalina.startup.HostConfig.lifecycleEvent(HostConfig.java:324)
	at org.apache.catalina.util.LifecycleSupport.fireLifecycleEvent(LifecycleSupport.java:142)
	at org.apache.catalina.core.ContainerBase.start(ContainerBase.java:1068)
	at org.apache.catalina.core.StandardHost.start(StandardHost.java:822)
	at org.apache.catalina.core.ContainerBase.start(ContainerBase.java:1060)
	at org.apache.catalina.core.StandardEngine.start(StandardEngine.java:463)
	at org.apache.catalina.core.StandardService.start(StandardService.java:525)
	at org.apache.catalina.core.StandardServer.start(StandardServer.java:759)
	at org.apache.catalina.startup.Catalina.start(Catalina.java:595)
	at sun.reflect.NativeMethodAccessorImpl.invoke0(Native Method)
	at sun.reflect.NativeMethodAccessorImpl.invoke(NativeMethodAccessorImpl.java:62)
	at sun.reflect.DelegatingMethodAccessorImpl.invoke(DelegatingMethodAccessorImpl.java:43)
	at java.lang.reflect.Method.invoke(Method.java:483)
	at org.apache.catalina.startup.Bootstrap.start(Bootstrap.java:289)
	at org.apache.catalina.startup.Bootstrap.main(Bootstrap.java:414)

Dec 20, 2014 4:52:39 PM org.apache.catalina.core.StandardContext start
SEVERE: Error in resourceStart()
Dec 20, 2014 4:52:39 PM org.apache.catalina.core.StandardContext start
SEVERE: Error getConfigured
Dec 20, 2014 4:52:39 PM org.apache.catalina.core.StandardContext start
SEVERE: Context [/manager] startup failed due to previous errors
Dec 20, 2014 4:52:39 PM org.apache.catalina.core.StandardContext stop
INFO: Container org.apache.catalina.core.ContainerBase.[Catalina].[www.raiyaan.com].[/manager] has not been started
Dec 20, 2014 4:52:39 PM org.apache.catalina.startup.HostConfig deployDescriptor
INFO: Deploying configuration descriptor host-manager.xml
Dec 20, 2014 4:52:39 PM org.apache.catalina.core.StandardContext resourcesStart
SEVERE: Error starting static Resources
java.lang.IllegalArgumentException: Document base /opt/tomcat/webapps-demo/host-manager does not exist or is not a readable directory
	at org.apache.naming.resources.FileDirContext.setDocBase(FileDirContext.java:142)
	at org.apache.catalina.core.StandardContext.resourcesStart(StandardContext.java:4324)
	at org.apache.catalina.core.StandardContext.start(StandardContext.java:4493)
	at org.apache.catalina.core.ContainerBase.addChildInternal(ContainerBase.java:802)
	at org.apache.catalina.core.ContainerBase.addChild(ContainerBase.java:779)
	at org.apache.catalina.core.StandardHost.addChild(StandardHost.java:583)
	at org.apache.catalina.startup.HostConfig.deployDescriptor(HostConfig.java:675)
	at org.apache.catalina.startup.HostConfig.deployDescriptors(HostConfig.java:601)
	at org.apache.catalina.startup.HostConfig.deployApps(HostConfig.java:502)
	at org.apache.catalina.startup.HostConfig.start(HostConfig.java:1317)
	at org.apache.catalina.startup.HostConfig.lifecycleEvent(HostConfig.java:324)
	at org.apache.catalina.util.LifecycleSupport.fireLifecycleEvent(LifecycleSupport.java:142)
	at org.apache.catalina.core.ContainerBase.start(ContainerBase.java:1068)
	at org.apache.catalina.core.StandardHost.start(StandardHost.java:822)
	at org.apache.catalina.core.ContainerBase.start(ContainerBase.java:1060)
	at org.apache.catalina.core.StandardEngine.start(StandardEngine.java:463)
	at org.apache.catalina.core.StandardService.start(StandardService.java:525)
	at org.apache.catalina.core.StandardServer.start(StandardServer.java:759)
	at org.apache.catalina.startup.Catalina.start(Catalina.java:595)
	at sun.reflect.NativeMethodAccessorImpl.invoke0(Native Method)
	at sun.reflect.NativeMethodAccessorImpl.invoke(NativeMethodAccessorImpl.java:62)
	at sun.reflect.DelegatingMethodAccessorImpl.invoke(DelegatingMethodAccessorImpl.java:43)
	at java.lang.reflect.Method.invoke(Method.java:483)
	at org.apache.catalina.startup.Bootstrap.start(Bootstrap.java:289)
	at org.apache.catalina.startup.Bootstrap.main(Bootstrap.java:414)

Dec 20, 2014 4:52:39 PM org.apache.catalina.core.StandardContext start
SEVERE: Error in resourceStart()
Dec 20, 2014 4:52:39 PM org.apache.catalina.core.StandardContext start
SEVERE: Error getConfigured
Dec 20, 2014 4:52:39 PM org.apache.catalina.core.StandardContext start
SEVERE: Context [/host-manager] startup failed due to previous errors
Dec 20, 2014 4:52:39 PM org.apache.catalina.core.StandardContext stop
INFO: Container org.apache.catalina.core.ContainerBase.[Catalina].[www.raiyaan.com].[/host-manager] has not been started
Dec 20, 2014 4:52:39 PM org.apache.catalina.startup.HostConfig deployDirectory
INFO: Deploying web application directory demo
Dec 20, 2014 4:52:39 PM org.apache.catalina.core.ApplicationContext log
INFO: imageVersionFilter: init (oncePerRequest=false, attribRunOnce=imageVersionFilter.REQUEST_HANDLED)
Dec 20, 2014 4:52:39 PM org.apache.catalina.core.ApplicationContext log
INFO: cache: init (oncePerRequest=false, attribRunOnce=cache.REQUEST_HANDLED)
Dec 20, 2014 4:52:39 PM org.apache.catalina.core.ApplicationContext log
INFO: BootstrapFilter: init (oncePerRequest=false, attribRunOnce=BootstrapFilter.REQUEST_HANDLED)
Dec 20, 2014 4:52:40 PM org.apache.coyote.http11.Http11Protocol start
INFO: Starting Coyote HTTP/1.1 on http-8080
Dec 20, 2014 4:52:40 PM org.apache.coyote.http11.Http11Protocol start
INFO: Starting Coyote HTTP/1.1 on http-8443
Dec 20, 2014 4:52:40 PM org.apache.jk.common.ChannelSocket init
INFO: JK: ajp13 listening on /0.0.0.0:8009
Dec 20, 2014 4:52:40 PM org.apache.jk.server.JkMain start
INFO: Jk running ID=0 time=0/35  config=null
Dec 20, 2014 4:52:40 PM org.apache.catalina.startup.Catalina start
INFO: Server startup in 14700 ms
