Dec 20, 2014 3:53:52 PM org.apache.catalina.core.ApplicationContext log
INFO: cache: init (oncePerRequest=true, attribRunOnce=cache.REQUEST_HANDLED)
Dec 20, 2014 3:53:55 PM org.apache.catalina.core.ApplicationContext log
INFO: ContextListener: contextInitialized()
Dec 20, 2014 3:53:55 PM org.apache.catalina.core.ApplicationContext log
INFO: SessionListener: contextInitialized()
Dec 20, 2014 4:01:44 PM org.apache.catalina.core.ApplicationContext log
INFO: cache: init (oncePerRequest=true, attribRunOnce=cache.REQUEST_HANDLED)
Dec 20, 2014 4:01:46 PM org.apache.catalina.core.ApplicationContext log
INFO: ContextListener: contextInitialized()
Dec 20, 2014 4:01:46 PM org.apache.catalina.core.ApplicationContext log
INFO: SessionListener: contextInitialized()
Dec 20, 2014 4:14:46 PM org.apache.catalina.core.ApplicationContext log
INFO: SessionListener: contextDestroyed()
Dec 20, 2014 4:14:46 PM org.apache.catalina.core.ApplicationContext log
INFO: ContextListener: contextDestroyed()
Dec 20, 2014 4:14:55 PM org.apache.catalina.core.ApplicationContext log
INFO: cache: init (oncePerRequest=true, attribRunOnce=cache.REQUEST_HANDLED)
Dec 20, 2014 4:14:57 PM org.apache.catalina.core.ApplicationContext log
INFO: ContextListener: contextInitialized()
Dec 20, 2014 4:14:57 PM org.apache.catalina.core.ApplicationContext log
INFO: SessionListener: contextInitialized()
Dec 20, 2014 4:52:22 PM org.apache.catalina.core.ApplicationContext log
INFO: SessionListener: contextDestroyed()
Dec 20, 2014 4:52:22 PM org.apache.catalina.core.ApplicationContext log
INFO: ContextListener: contextDestroyed()
Dec 20, 2014 4:52:22 PM org.apache.catalina.session.StandardSession writeObject
WARNING: Cannot serialize session attribute neo.phoenix.publication.PublicationSelectionForm for session D38387E08A92C640804AADF77A1F3485.jvm1
java.io.NotSerializableException: org.apache.log4j.Logger
	at java.io.ObjectOutputStream.writeObject0(ObjectOutputStream.java:1184)
	at java.io.ObjectOutputStream.defaultWriteFields(ObjectOutputStream.java:1548)
	at java.io.ObjectOutputStream.writeSerialData(ObjectOutputStream.java:1509)
	at java.io.ObjectOutputStream.writeOrdinaryObject(ObjectOutputStream.java:1432)
	at java.io.ObjectOutputStream.writeObject0(ObjectOutputStream.java:1178)
	at java.io.ObjectOutputStream.writeObject(ObjectOutputStream.java:348)
	at org.apache.catalina.session.StandardSession.writeObject(StandardSession.java:1586)
	at org.apache.catalina.session.StandardSession.writeObjectData(StandardSession.java:1016)
	at org.apache.catalina.session.StandardManager.doUnload(StandardManager.java:529)
	at org.apache.catalina.session.StandardManager.unload(StandardManager.java:470)
	at org.apache.catalina.session.StandardManager.stop(StandardManager.java:679)
	at org.apache.catalina.core.StandardContext.stop(StandardContext.java:4886)
	at org.apache.catalina.core.ContainerBase.removeChild(ContainerBase.java:939)
	at org.apache.catalina.startup.HostConfig.undeployApps(HostConfig.java:1359)
	at org.apache.catalina.startup.HostConfig.stop(HostConfig.java:1330)
	at org.apache.catalina.startup.HostConfig.lifecycleEvent(HostConfig.java:326)
	at org.apache.catalina.util.LifecycleSupport.fireLifecycleEvent(LifecycleSupport.java:142)
	at org.apache.catalina.core.ContainerBase.stop(ContainerBase.java:1101)
	at org.apache.catalina.core.ContainerBase.stop(ContainerBase.java:1113)
	at org.apache.catalina.core.StandardEngine.stop(StandardEngine.java:468)
	at org.apache.catalina.core.StandardService.stop(StandardService.java:604)
	at org.apache.catalina.core.StandardServer.stop(StandardServer.java:793)
	at org.apache.catalina.startup.Catalina.stop(Catalina.java:662)
	at org.apache.catalina.startup.Catalina$CatalinaShutdownHook.run(Catalina.java:706)

Dec 20, 2014 4:52:34 PM org.apache.catalina.core.ApplicationContext log
INFO: cache: init (oncePerRequest=true, attribRunOnce=cache.REQUEST_HANDLED)
Dec 20, 2014 4:52:38 PM org.apache.catalina.core.ApplicationContext log
INFO: ContextListener: contextInitialized()
Dec 20, 2014 4:52:38 PM org.apache.catalina.core.ApplicationContext log
INFO: SessionListener: contextInitialized()
