Dec 19, 2014 4:58:35 PM org.apache.catalina.core.ApplicationContext log
INFO: cache: init (oncePerRequest=true, attribRunOnce=cache.REQUEST_HANDLED)
Dec 19, 2014 4:58:39 PM org.apache.catalina.core.ApplicationContext log
INFO: ContextListener: contextInitialized()
Dec 19, 2014 4:58:39 PM org.apache.catalina.core.ApplicationContext log
INFO: SessionListener: contextInitialized()
Dec 19, 2014 6:56:02 PM org.apache.catalina.core.ApplicationContext log
INFO: cache: init (oncePerRequest=true, attribRunOnce=cache.REQUEST_HANDLED)
Dec 19, 2014 6:56:04 PM org.apache.catalina.core.ApplicationContext log
INFO: ContextListener: contextInitialized()
Dec 19, 2014 6:56:04 PM org.apache.catalina.core.ApplicationContext log
INFO: SessionListener: contextInitialized()
Dec 19, 2014 6:56:33 PM org.apache.catalina.core.ApplicationContext log
INFO: SessionListener: contextDestroyed()
Dec 19, 2014 6:56:33 PM org.apache.catalina.core.ApplicationContext log
INFO: ContextListener: contextDestroyed()
Dec 19, 2014 8:50:24 PM org.apache.catalina.core.ApplicationContext log
INFO: cache: init (oncePerRequest=true, attribRunOnce=cache.REQUEST_HANDLED)
Dec 19, 2014 8:50:26 PM org.apache.catalina.core.ApplicationContext log
INFO: ContextListener: contextInitialized()
Dec 19, 2014 8:50:26 PM org.apache.catalina.core.ApplicationContext log
INFO: SessionListener: contextInitialized()
Dec 19, 2014 8:51:56 PM org.apache.catalina.core.ApplicationContext log
INFO: cache: init (oncePerRequest=true, attribRunOnce=cache.REQUEST_HANDLED)
Dec 19, 2014 8:51:58 PM org.apache.catalina.core.ApplicationContext log
INFO: ContextListener: contextInitialized()
Dec 19, 2014 8:51:58 PM org.apache.catalina.core.ApplicationContext log
INFO: SessionListener: contextInitialized()
Dec 19, 2014 10:38:45 PM org.apache.catalina.core.ApplicationContext log
INFO: cache: init (oncePerRequest=true, attribRunOnce=cache.REQUEST_HANDLED)
Dec 19, 2014 10:38:48 PM org.apache.catalina.core.ApplicationContext log
INFO: ContextListener: contextInitialized()
Dec 19, 2014 10:38:48 PM org.apache.catalina.core.ApplicationContext log
INFO: SessionListener: contextInitialized()
