Dec 24, 2014 5:33:20 PM org.apache.catalina.core.ApplicationContext log
INFO: imageVersionFilter: init (oncePerRequest=false, attribRunOnce=imageVersionFilter.REQUEST_HANDLED)
Dec 24, 2014 5:33:20 PM org.apache.catalina.core.ApplicationContext log
INFO: cache: init (oncePerRequest=true, attribRunOnce=cache.REQUEST_HANDLED)
Dec 24, 2014 5:33:20 PM org.apache.catalina.core.ApplicationContext log
INFO: BootstrapFilter: init (oncePerRequest=true, attribRunOnce=BootstrapFilter.REQUEST_HANDLED)
Dec 24, 2014 5:33:30 PM org.apache.catalina.core.ApplicationContext log
INFO: cache: init (oncePerRequest=true, attribRunOnce=cache.REQUEST_HANDLED)
Dec 24, 2014 5:33:40 PM org.apache.catalina.core.ApplicationContext log
INFO: imageVersionFilter: init (oncePerRequest=false, attribRunOnce=imageVersionFilter.REQUEST_HANDLED)
Dec 24, 2014 5:33:40 PM org.apache.catalina.core.ApplicationContext log
INFO: cache: init (oncePerRequest=false, attribRunOnce=cache.REQUEST_HANDLED)
Dec 24, 2014 5:33:40 PM org.apache.catalina.core.ApplicationContext log
INFO: BootstrapFilter: init (oncePerRequest=false, attribRunOnce=BootstrapFilter.REQUEST_HANDLED)
Dec 24, 2014 5:33:42 PM org.apache.catalina.core.ApplicationContext log
INFO: ContextListener: contextInitialized()
Dec 24, 2014 5:33:42 PM org.apache.catalina.core.ApplicationContext log
INFO: SessionListener: contextInitialized()
Dec 24, 2014 6:06:48 PM org.apache.catalina.core.ApplicationContext log
INFO: imageVersionFilter: destroy
Dec 24, 2014 6:06:48 PM org.apache.catalina.core.ApplicationContext log
INFO: BootstrapFilter: destroy
Dec 24, 2014 6:06:49 PM org.apache.catalina.core.ApplicationContext log
INFO: SessionListener: contextDestroyed()
Dec 24, 2014 6:06:49 PM org.apache.catalina.core.ApplicationContext log
INFO: ContextListener: contextDestroyed()
Dec 24, 2014 6:06:49 PM org.apache.catalina.session.StandardSession writeObject
WARNING: Cannot serialize session attribute neo.phoenix.publication.PublicationSelectionForm for session 69EAA8E38F67DC2B1BA0E98EC48F656D.jvm1
java.io.NotSerializableException: org.apache.log4j.Logger
	at java.io.ObjectOutputStream.writeObject0(ObjectOutputStream.java:1184)
	at java.io.ObjectOutputStream.defaultWriteFields(ObjectOutputStream.java:1548)
	at java.io.ObjectOutputStream.writeSerialData(ObjectOutputStream.java:1509)
	at java.io.ObjectOutputStream.writeOrdinaryObject(ObjectOutputStream.java:1432)
	at java.io.ObjectOutputStream.writeObject0(ObjectOutputStream.java:1178)
	at java.io.ObjectOutputStream.writeObject(ObjectOutputStream.java:348)
	at org.apache.catalina.session.StandardSession.writeObject(StandardSession.java:1586)
	at org.apache.catalina.session.StandardSession.writeObjectData(StandardSession.java:1016)
	at org.apache.catalina.session.StandardManager.doUnload(StandardManager.java:529)
	at org.apache.catalina.session.StandardManager.unload(StandardManager.java:470)
	at org.apache.catalina.session.StandardManager.stop(StandardManager.java:679)
	at org.apache.catalina.core.StandardContext.stop(StandardContext.java:4886)
	at org.apache.catalina.core.ContainerBase.removeChild(ContainerBase.java:939)
	at org.apache.catalina.startup.HostConfig.undeployApps(HostConfig.java:1359)
	at org.apache.catalina.startup.HostConfig.stop(HostConfig.java:1330)
	at org.apache.catalina.startup.HostConfig.lifecycleEvent(HostConfig.java:326)
	at org.apache.catalina.util.LifecycleSupport.fireLifecycleEvent(LifecycleSupport.java:142)
	at org.apache.catalina.core.ContainerBase.stop(ContainerBase.java:1101)
	at org.apache.catalina.core.ContainerBase.stop(ContainerBase.java:1113)
	at org.apache.catalina.core.StandardEngine.stop(StandardEngine.java:468)
	at org.apache.catalina.core.StandardService.stop(StandardService.java:604)
	at org.apache.catalina.core.StandardServer.stop(StandardServer.java:793)
	at org.apache.catalina.startup.Catalina.stop(Catalina.java:662)
	at org.apache.catalina.startup.Catalina$CatalinaShutdownHook.run(Catalina.java:706)

Dec 24, 2014 6:06:49 PM org.apache.catalina.core.ApplicationContext log
INFO: imageVersionFilter: destroy
Dec 24, 2014 6:06:49 PM org.apache.catalina.core.ApplicationContext log
INFO: BootstrapFilter: destroy
Dec 24, 2014 6:06:56 PM org.apache.catalina.core.ApplicationContext log
INFO: imageVersionFilter: init (oncePerRequest=false, attribRunOnce=imageVersionFilter.REQUEST_HANDLED)
Dec 24, 2014 6:06:56 PM org.apache.catalina.core.ApplicationContext log
INFO: cache: init (oncePerRequest=true, attribRunOnce=cache.REQUEST_HANDLED)
Dec 24, 2014 6:06:56 PM org.apache.catalina.core.ApplicationContext log
INFO: BootstrapFilter: init (oncePerRequest=true, attribRunOnce=BootstrapFilter.REQUEST_HANDLED)
Dec 24, 2014 6:07:01 PM org.apache.catalina.core.ApplicationContext log
INFO: cache: init (oncePerRequest=true, attribRunOnce=cache.REQUEST_HANDLED)
Dec 24, 2014 6:07:03 PM org.apache.catalina.core.ApplicationContext log
INFO: imageVersionFilter: init (oncePerRequest=false, attribRunOnce=imageVersionFilter.REQUEST_HANDLED)
Dec 24, 2014 6:07:03 PM org.apache.catalina.core.ApplicationContext log
INFO: cache: init (oncePerRequest=false, attribRunOnce=cache.REQUEST_HANDLED)
Dec 24, 2014 6:07:03 PM org.apache.catalina.core.ApplicationContext log
INFO: BootstrapFilter: init (oncePerRequest=false, attribRunOnce=BootstrapFilter.REQUEST_HANDLED)
Dec 24, 2014 6:07:03 PM org.apache.catalina.core.ApplicationContext log
INFO: ContextListener: contextInitialized()
Dec 24, 2014 6:07:03 PM org.apache.catalina.core.ApplicationContext log
INFO: SessionListener: contextInitialized()
Dec 24, 2014 6:10:40 PM org.apache.catalina.core.ApplicationContext log
INFO: imageVersionFilter: destroy
Dec 24, 2014 6:10:40 PM org.apache.catalina.core.ApplicationContext log
INFO: BootstrapFilter: destroy
Dec 24, 2014 6:10:41 PM org.apache.catalina.core.ApplicationContext log
INFO: SessionListener: contextDestroyed()
Dec 24, 2014 6:10:41 PM org.apache.catalina.core.ApplicationContext log
INFO: ContextListener: contextDestroyed()
Dec 24, 2014 6:10:41 PM org.apache.catalina.session.StandardSession writeObject
WARNING: Cannot serialize session attribute neo.phoenix.publication.PublicationSelectionForm for session FCF674170C3976350E89CD99562D70A5.jvm1
java.io.NotSerializableException: org.apache.log4j.Logger
	at java.io.ObjectOutputStream.writeObject0(ObjectOutputStream.java:1184)
	at java.io.ObjectOutputStream.defaultWriteFields(ObjectOutputStream.java:1548)
	at java.io.ObjectOutputStream.writeSerialData(ObjectOutputStream.java:1509)
	at java.io.ObjectOutputStream.writeOrdinaryObject(ObjectOutputStream.java:1432)
	at java.io.ObjectOutputStream.writeObject0(ObjectOutputStream.java:1178)
	at java.io.ObjectOutputStream.writeObject(ObjectOutputStream.java:348)
	at org.apache.catalina.session.StandardSession.writeObject(StandardSession.java:1586)
	at org.apache.catalina.session.StandardSession.writeObjectData(StandardSession.java:1016)
	at org.apache.catalina.session.StandardManager.doUnload(StandardManager.java:529)
	at org.apache.catalina.session.StandardManager.unload(StandardManager.java:470)
	at org.apache.catalina.session.StandardManager.stop(StandardManager.java:679)
	at org.apache.catalina.core.StandardContext.stop(StandardContext.java:4886)
	at org.apache.catalina.core.ContainerBase.removeChild(ContainerBase.java:939)
	at org.apache.catalina.startup.HostConfig.undeployApps(HostConfig.java:1359)
	at org.apache.catalina.startup.HostConfig.stop(HostConfig.java:1330)
	at org.apache.catalina.startup.HostConfig.lifecycleEvent(HostConfig.java:326)
	at org.apache.catalina.util.LifecycleSupport.fireLifecycleEvent(LifecycleSupport.java:142)
	at org.apache.catalina.core.ContainerBase.stop(ContainerBase.java:1101)
	at org.apache.catalina.core.ContainerBase.stop(ContainerBase.java:1113)
	at org.apache.catalina.core.StandardEngine.stop(StandardEngine.java:468)
	at org.apache.catalina.core.StandardService.stop(StandardService.java:604)
	at org.apache.catalina.core.StandardServer.stop(StandardServer.java:793)
	at org.apache.catalina.startup.Catalina.stop(Catalina.java:662)
	at org.apache.catalina.startup.Catalina$CatalinaShutdownHook.run(Catalina.java:706)

Dec 24, 2014 6:10:41 PM org.apache.catalina.core.ApplicationContext log
INFO: imageVersionFilter: destroy
Dec 24, 2014 6:10:41 PM org.apache.catalina.core.ApplicationContext log
INFO: BootstrapFilter: destroy
Dec 24, 2014 6:10:48 PM org.apache.catalina.core.ApplicationContext log
INFO: imageVersionFilter: init (oncePerRequest=false, attribRunOnce=imageVersionFilter.REQUEST_HANDLED)
Dec 24, 2014 6:10:48 PM org.apache.catalina.core.ApplicationContext log
INFO: cache: init (oncePerRequest=true, attribRunOnce=cache.REQUEST_HANDLED)
Dec 24, 2014 6:10:48 PM org.apache.catalina.core.ApplicationContext log
INFO: BootstrapFilter: init (oncePerRequest=true, attribRunOnce=BootstrapFilter.REQUEST_HANDLED)
Dec 24, 2014 6:10:53 PM org.apache.catalina.core.ApplicationContext log
INFO: cache: init (oncePerRequest=true, attribRunOnce=cache.REQUEST_HANDLED)
Dec 24, 2014 6:10:55 PM org.apache.catalina.core.ApplicationContext log
INFO: imageVersionFilter: init (oncePerRequest=false, attribRunOnce=imageVersionFilter.REQUEST_HANDLED)
Dec 24, 2014 6:10:55 PM org.apache.catalina.core.ApplicationContext log
INFO: cache: init (oncePerRequest=false, attribRunOnce=cache.REQUEST_HANDLED)
Dec 24, 2014 6:10:55 PM org.apache.catalina.core.ApplicationContext log
INFO: BootstrapFilter: init (oncePerRequest=false, attribRunOnce=BootstrapFilter.REQUEST_HANDLED)
Dec 24, 2014 6:10:56 PM org.apache.catalina.core.ApplicationContext log
INFO: ContextListener: contextInitialized()
Dec 24, 2014 6:10:56 PM org.apache.catalina.core.ApplicationContext log
INFO: SessionListener: contextInitialized()
Dec 24, 2014 1:01:35 PM org.apache.catalina.core.ApplicationContext log
INFO: imageVersionFilter: init (oncePerRequest=false, attribRunOnce=imageVersionFilter.REQUEST_HANDLED)
Dec 24, 2014 1:01:35 PM org.apache.catalina.core.ApplicationContext log
INFO: cache: init (oncePerRequest=true, attribRunOnce=cache.REQUEST_HANDLED)
Dec 24, 2014 1:01:35 PM org.apache.catalina.core.ApplicationContext log
INFO: BootstrapFilter: init (oncePerRequest=true, attribRunOnce=BootstrapFilter.REQUEST_HANDLED)
Dec 24, 2014 1:01:43 PM org.apache.catalina.core.ApplicationContext log
INFO: cache: init (oncePerRequest=true, attribRunOnce=cache.REQUEST_HANDLED)
Dec 24, 2014 1:01:45 PM org.apache.catalina.core.ApplicationContext log
INFO: imageVersionFilter: init (oncePerRequest=false, attribRunOnce=imageVersionFilter.REQUEST_HANDLED)
Dec 24, 2014 1:01:45 PM org.apache.catalina.core.ApplicationContext log
INFO: cache: init (oncePerRequest=false, attribRunOnce=cache.REQUEST_HANDLED)
Dec 24, 2014 1:01:45 PM org.apache.catalina.core.ApplicationContext log
INFO: BootstrapFilter: init (oncePerRequest=false, attribRunOnce=BootstrapFilter.REQUEST_HANDLED)
Dec 24, 2014 1:01:47 PM org.apache.catalina.core.ApplicationContext log
INFO: ContextListener: contextInitialized()
Dec 24, 2014 1:01:47 PM org.apache.catalina.core.ApplicationContext log
INFO: SessionListener: contextInitialized()
Dec 24, 2014 1:22:26 PM org.apache.catalina.core.ApplicationContext log
INFO: imageVersionFilter: destroy
Dec 24, 2014 1:22:26 PM org.apache.catalina.core.ApplicationContext log
INFO: BootstrapFilter: destroy
Dec 24, 2014 1:22:26 PM org.apache.catalina.core.ApplicationContext log
INFO: SessionListener: contextDestroyed()
Dec 24, 2014 1:22:26 PM org.apache.catalina.core.ApplicationContext log
INFO: ContextListener: contextDestroyed()
Dec 24, 2014 1:22:26 PM org.apache.catalina.core.ApplicationContext log
INFO: imageVersionFilter: destroy
Dec 24, 2014 1:22:26 PM org.apache.catalina.core.ApplicationContext log
INFO: BootstrapFilter: destroy
Dec 24, 2014 1:24:08 PM org.apache.catalina.core.ApplicationContext log
INFO: imageVersionFilter: init (oncePerRequest=false, attribRunOnce=imageVersionFilter.REQUEST_HANDLED)
Dec 24, 2014 1:24:08 PM org.apache.catalina.core.ApplicationContext log
INFO: cache: init (oncePerRequest=true, attribRunOnce=cache.REQUEST_HANDLED)
Dec 24, 2014 1:24:08 PM org.apache.catalina.core.ApplicationContext log
INFO: BootstrapFilter: init (oncePerRequest=true, attribRunOnce=BootstrapFilter.REQUEST_HANDLED)
Dec 24, 2014 1:24:12 PM org.apache.catalina.core.ApplicationContext log
INFO: cache: init (oncePerRequest=true, attribRunOnce=cache.REQUEST_HANDLED)
Dec 24, 2014 1:24:15 PM org.apache.catalina.core.ApplicationContext log
INFO: imageVersionFilter: init (oncePerRequest=false, attribRunOnce=imageVersionFilter.REQUEST_HANDLED)
Dec 24, 2014 1:24:15 PM org.apache.catalina.core.ApplicationContext log
INFO: cache: init (oncePerRequest=false, attribRunOnce=cache.REQUEST_HANDLED)
Dec 24, 2014 1:24:15 PM org.apache.catalina.core.ApplicationContext log
INFO: BootstrapFilter: init (oncePerRequest=false, attribRunOnce=BootstrapFilter.REQUEST_HANDLED)
Dec 24, 2014 1:24:15 PM org.apache.catalina.core.ApplicationContext log
INFO: ContextListener: contextInitialized()
Dec 24, 2014 1:24:15 PM org.apache.catalina.core.ApplicationContext log
INFO: SessionListener: contextInitialized()
Dec 24, 2014 9:03:39 PM org.apache.catalina.core.ApplicationContext log
INFO: imageVersionFilter: init (oncePerRequest=false, attribRunOnce=imageVersionFilter.REQUEST_HANDLED)
Dec 24, 2014 9:03:39 PM org.apache.catalina.core.ApplicationContext log
INFO: cache: init (oncePerRequest=true, attribRunOnce=cache.REQUEST_HANDLED)
Dec 24, 2014 9:03:39 PM org.apache.catalina.core.ApplicationContext log
INFO: BootstrapFilter: init (oncePerRequest=true, attribRunOnce=BootstrapFilter.REQUEST_HANDLED)
Dec 24, 2014 9:03:44 PM org.apache.catalina.core.ApplicationContext log
INFO: cache: init (oncePerRequest=true, attribRunOnce=cache.REQUEST_HANDLED)
Dec 24, 2014 9:03:47 PM org.apache.catalina.core.ApplicationContext log
INFO: imageVersionFilter: init (oncePerRequest=false, attribRunOnce=imageVersionFilter.REQUEST_HANDLED)
Dec 24, 2014 9:03:47 PM org.apache.catalina.core.ApplicationContext log
INFO: cache: init (oncePerRequest=false, attribRunOnce=cache.REQUEST_HANDLED)
Dec 24, 2014 9:03:47 PM org.apache.catalina.core.ApplicationContext log
INFO: BootstrapFilter: init (oncePerRequest=false, attribRunOnce=BootstrapFilter.REQUEST_HANDLED)
Dec 24, 2014 9:03:48 PM org.apache.catalina.core.ApplicationContext log
INFO: ContextListener: contextInitialized()
Dec 24, 2014 9:03:48 PM org.apache.catalina.core.ApplicationContext log
INFO: SessionListener: contextInitialized()
Dec 24, 2014 9:07:25 PM org.apache.catalina.core.ApplicationContext log
INFO: imageVersionFilter: init (oncePerRequest=false, attribRunOnce=imageVersionFilter.REQUEST_HANDLED)
Dec 24, 2014 9:07:25 PM org.apache.catalina.core.ApplicationContext log
INFO: cache: init (oncePerRequest=true, attribRunOnce=cache.REQUEST_HANDLED)
Dec 24, 2014 9:07:25 PM org.apache.catalina.core.ApplicationContext log
INFO: BootstrapFilter: init (oncePerRequest=true, attribRunOnce=BootstrapFilter.REQUEST_HANDLED)
Dec 24, 2014 9:07:30 PM org.apache.catalina.core.ApplicationContext log
INFO: cache: init (oncePerRequest=true, attribRunOnce=cache.REQUEST_HANDLED)
Dec 24, 2014 9:07:33 PM org.apache.catalina.core.ApplicationContext log
INFO: imageVersionFilter: init (oncePerRequest=false, attribRunOnce=imageVersionFilter.REQUEST_HANDLED)
Dec 24, 2014 9:07:33 PM org.apache.catalina.core.ApplicationContext log
INFO: cache: init (oncePerRequest=false, attribRunOnce=cache.REQUEST_HANDLED)
Dec 24, 2014 9:07:33 PM org.apache.catalina.core.ApplicationContext log
INFO: BootstrapFilter: init (oncePerRequest=false, attribRunOnce=BootstrapFilter.REQUEST_HANDLED)
Dec 24, 2014 9:07:33 PM org.apache.catalina.core.ApplicationContext log
INFO: ContextListener: contextInitialized()
Dec 24, 2014 9:07:33 PM org.apache.catalina.core.ApplicationContext log
INFO: SessionListener: contextInitialized()
Dec 24, 2014 9:09:20 PM org.apache.catalina.core.ApplicationContext log
INFO: imageVersionFilter: init (oncePerRequest=false, attribRunOnce=imageVersionFilter.REQUEST_HANDLED)
Dec 24, 2014 9:09:20 PM org.apache.catalina.core.ApplicationContext log
INFO: cache: init (oncePerRequest=true, attribRunOnce=cache.REQUEST_HANDLED)
Dec 24, 2014 9:09:20 PM org.apache.catalina.core.ApplicationContext log
INFO: BootstrapFilter: init (oncePerRequest=true, attribRunOnce=BootstrapFilter.REQUEST_HANDLED)
Dec 24, 2014 9:09:27 PM org.apache.catalina.core.ApplicationContext log
INFO: cache: init (oncePerRequest=true, attribRunOnce=cache.REQUEST_HANDLED)
Dec 24, 2014 9:09:29 PM org.apache.catalina.core.ApplicationContext log
INFO: imageVersionFilter: init (oncePerRequest=false, attribRunOnce=imageVersionFilter.REQUEST_HANDLED)
Dec 24, 2014 9:09:29 PM org.apache.catalina.core.ApplicationContext log
INFO: cache: init (oncePerRequest=false, attribRunOnce=cache.REQUEST_HANDLED)
Dec 24, 2014 9:09:29 PM org.apache.catalina.core.ApplicationContext log
INFO: BootstrapFilter: init (oncePerRequest=false, attribRunOnce=BootstrapFilter.REQUEST_HANDLED)
Dec 24, 2014 9:09:29 PM org.apache.catalina.core.ApplicationContext log
INFO: ContextListener: contextInitialized()
Dec 24, 2014 9:09:29 PM org.apache.catalina.core.ApplicationContext log
INFO: SessionListener: contextInitialized()
Dec 24, 2014 9:09:32 PM org.apache.catalina.core.ApplicationContext log
INFO: imageVersionFilter: destroy
Dec 24, 2014 9:09:32 PM org.apache.catalina.core.ApplicationContext log
INFO: BootstrapFilter: destroy
Dec 24, 2014 9:09:32 PM org.apache.catalina.core.ApplicationContext log
INFO: SessionListener: contextDestroyed()
Dec 24, 2014 9:09:32 PM org.apache.catalina.core.ApplicationContext log
INFO: ContextListener: contextDestroyed()
Dec 24, 2014 9:09:32 PM org.apache.catalina.core.ApplicationContext log
INFO: imageVersionFilter: destroy
Dec 24, 2014 9:09:32 PM org.apache.catalina.core.ApplicationContext log
INFO: BootstrapFilter: destroy
Dec 24, 2014 9:14:27 PM org.apache.catalina.core.ApplicationContext log
INFO: imageVersionFilter: init (oncePerRequest=false, attribRunOnce=imageVersionFilter.REQUEST_HANDLED)
Dec 24, 2014 9:14:27 PM org.apache.catalina.core.ApplicationContext log
INFO: cache: init (oncePerRequest=true, attribRunOnce=cache.REQUEST_HANDLED)
Dec 24, 2014 9:14:28 PM org.apache.catalina.core.ApplicationContext log
INFO: BootstrapFilter: init (oncePerRequest=true, attribRunOnce=BootstrapFilter.REQUEST_HANDLED)
Dec 24, 2014 9:14:34 PM org.apache.catalina.core.ApplicationContext log
INFO: cache: init (oncePerRequest=true, attribRunOnce=cache.REQUEST_HANDLED)
Dec 24, 2014 9:14:37 PM org.apache.catalina.core.ApplicationContext log
INFO: imageVersionFilter: init (oncePerRequest=false, attribRunOnce=imageVersionFilter.REQUEST_HANDLED)
Dec 24, 2014 9:14:37 PM org.apache.catalina.core.ApplicationContext log
INFO: cache: init (oncePerRequest=false, attribRunOnce=cache.REQUEST_HANDLED)
Dec 24, 2014 9:14:37 PM org.apache.catalina.core.ApplicationContext log
INFO: BootstrapFilter: init (oncePerRequest=false, attribRunOnce=BootstrapFilter.REQUEST_HANDLED)
Dec 24, 2014 9:14:37 PM org.apache.catalina.core.ApplicationContext log
INFO: ContextListener: contextInitialized()
Dec 24, 2014 9:14:37 PM org.apache.catalina.core.ApplicationContext log
INFO: SessionListener: contextInitialized()
Dec 24, 2014 9:16:23 PM org.apache.catalina.core.ApplicationContext log
INFO: imageVersionFilter: init (oncePerRequest=false, attribRunOnce=imageVersionFilter.REQUEST_HANDLED)
Dec 24, 2014 9:16:23 PM org.apache.catalina.core.ApplicationContext log
INFO: cache: init (oncePerRequest=true, attribRunOnce=cache.REQUEST_HANDLED)
Dec 24, 2014 9:16:24 PM org.apache.catalina.core.ApplicationContext log
INFO: BootstrapFilter: init (oncePerRequest=true, attribRunOnce=BootstrapFilter.REQUEST_HANDLED)
Dec 24, 2014 9:16:29 PM org.apache.catalina.core.ApplicationContext log
INFO: cache: init (oncePerRequest=true, attribRunOnce=cache.REQUEST_HANDLED)
Dec 24, 2014 9:16:31 PM org.apache.catalina.core.ApplicationContext log
INFO: imageVersionFilter: init (oncePerRequest=false, attribRunOnce=imageVersionFilter.REQUEST_HANDLED)
Dec 24, 2014 9:16:31 PM org.apache.catalina.core.ApplicationContext log
INFO: cache: init (oncePerRequest=false, attribRunOnce=cache.REQUEST_HANDLED)
Dec 24, 2014 9:16:32 PM org.apache.catalina.core.ApplicationContext log
INFO: BootstrapFilter: init (oncePerRequest=false, attribRunOnce=BootstrapFilter.REQUEST_HANDLED)
Dec 24, 2014 9:16:32 PM org.apache.catalina.core.ApplicationContext log
INFO: ContextListener: contextInitialized()
Dec 24, 2014 9:16:32 PM org.apache.catalina.core.ApplicationContext log
INFO: SessionListener: contextInitialized()
Dec 24, 2014 9:16:34 PM org.apache.catalina.core.ApplicationContext log
INFO: imageVersionFilter: destroy
Dec 24, 2014 9:16:34 PM org.apache.catalina.core.ApplicationContext log
INFO: BootstrapFilter: destroy
Dec 24, 2014 9:16:34 PM org.apache.catalina.core.ApplicationContext log
INFO: SessionListener: contextDestroyed()
Dec 24, 2014 9:16:34 PM org.apache.catalina.core.ApplicationContext log
INFO: ContextListener: contextDestroyed()
Dec 24, 2014 9:16:35 PM org.apache.catalina.core.ApplicationContext log
INFO: imageVersionFilter: destroy
Dec 24, 2014 9:16:35 PM org.apache.catalina.core.ApplicationContext log
INFO: BootstrapFilter: destroy
Dec 24, 2014 9:20:47 PM org.apache.catalina.core.ApplicationContext log
INFO: imageVersionFilter: init (oncePerRequest=false, attribRunOnce=imageVersionFilter.REQUEST_HANDLED)
Dec 24, 2014 9:20:47 PM org.apache.catalina.core.ApplicationContext log
INFO: cache: init (oncePerRequest=true, attribRunOnce=cache.REQUEST_HANDLED)
Dec 24, 2014 9:20:47 PM org.apache.catalina.core.ApplicationContext log
INFO: BootstrapFilter: init (oncePerRequest=true, attribRunOnce=BootstrapFilter.REQUEST_HANDLED)
Dec 24, 2014 9:20:52 PM org.apache.catalina.core.ApplicationContext log
INFO: cache: init (oncePerRequest=true, attribRunOnce=cache.REQUEST_HANDLED)
Dec 24, 2014 9:20:56 PM org.apache.catalina.core.ApplicationContext log
INFO: imageVersionFilter: init (oncePerRequest=false, attribRunOnce=imageVersionFilter.REQUEST_HANDLED)
Dec 24, 2014 9:20:56 PM org.apache.catalina.core.ApplicationContext log
INFO: cache: init (oncePerRequest=false, attribRunOnce=cache.REQUEST_HANDLED)
Dec 24, 2014 9:20:56 PM org.apache.catalina.core.ApplicationContext log
INFO: BootstrapFilter: init (oncePerRequest=false, attribRunOnce=BootstrapFilter.REQUEST_HANDLED)
Dec 24, 2014 9:20:56 PM org.apache.catalina.core.ApplicationContext log
INFO: ContextListener: contextInitialized()
Dec 24, 2014 9:20:56 PM org.apache.catalina.core.ApplicationContext log
INFO: SessionListener: contextInitialized()
Dec 24, 2014 9:22:42 PM org.apache.catalina.core.ApplicationContext log
INFO: imageVersionFilter: init (oncePerRequest=false, attribRunOnce=imageVersionFilter.REQUEST_HANDLED)
Dec 24, 2014 9:22:42 PM org.apache.catalina.core.ApplicationContext log
INFO: cache: init (oncePerRequest=true, attribRunOnce=cache.REQUEST_HANDLED)
Dec 24, 2014 9:22:42 PM org.apache.catalina.core.ApplicationContext log
INFO: BootstrapFilter: init (oncePerRequest=true, attribRunOnce=BootstrapFilter.REQUEST_HANDLED)
Dec 24, 2014 9:22:47 PM org.apache.catalina.core.ApplicationContext log
INFO: cache: init (oncePerRequest=true, attribRunOnce=cache.REQUEST_HANDLED)
Dec 24, 2014 9:22:49 PM org.apache.catalina.core.ApplicationContext log
INFO: imageVersionFilter: init (oncePerRequest=false, attribRunOnce=imageVersionFilter.REQUEST_HANDLED)
Dec 24, 2014 9:22:49 PM org.apache.catalina.core.ApplicationContext log
INFO: cache: init (oncePerRequest=false, attribRunOnce=cache.REQUEST_HANDLED)
Dec 24, 2014 9:22:50 PM org.apache.catalina.core.ApplicationContext log
INFO: BootstrapFilter: init (oncePerRequest=false, attribRunOnce=BootstrapFilter.REQUEST_HANDLED)
Dec 24, 2014 9:22:50 PM org.apache.catalina.core.ApplicationContext log
INFO: ContextListener: contextInitialized()
Dec 24, 2014 9:22:50 PM org.apache.catalina.core.ApplicationContext log
INFO: SessionListener: contextInitialized()
Dec 24, 2014 9:22:52 PM org.apache.catalina.core.ApplicationContext log
INFO: imageVersionFilter: destroy
Dec 24, 2014 9:22:52 PM org.apache.catalina.core.ApplicationContext log
INFO: BootstrapFilter: destroy
Dec 24, 2014 9:22:52 PM org.apache.catalina.core.ApplicationContext log
INFO: SessionListener: contextDestroyed()
Dec 24, 2014 9:22:52 PM org.apache.catalina.core.ApplicationContext log
INFO: ContextListener: contextDestroyed()
Dec 24, 2014 9:22:52 PM org.apache.catalina.core.ApplicationContext log
INFO: imageVersionFilter: destroy
Dec 24, 2014 9:22:52 PM org.apache.catalina.core.ApplicationContext log
INFO: BootstrapFilter: destroy
Dec 24, 2014 4:02:42 PM org.apache.catalina.core.ApplicationContext log
INFO: imageVersionFilter: init (oncePerRequest=false, attribRunOnce=imageVersionFilter.REQUEST_HANDLED)
Dec 24, 2014 4:02:42 PM org.apache.catalina.core.ApplicationContext log
INFO: cache: init (oncePerRequest=true, attribRunOnce=cache.REQUEST_HANDLED)
Dec 24, 2014 4:02:42 PM org.apache.catalina.core.ApplicationContext log
INFO: BootstrapFilter: init (oncePerRequest=true, attribRunOnce=BootstrapFilter.REQUEST_HANDLED)
Dec 24, 2014 4:02:50 PM org.apache.catalina.core.ApplicationContext log
INFO: cache: init (oncePerRequest=true, attribRunOnce=cache.REQUEST_HANDLED)
Dec 24, 2014 4:02:52 PM org.apache.catalina.core.ApplicationContext log
INFO: imageVersionFilter: init (oncePerRequest=false, attribRunOnce=imageVersionFilter.REQUEST_HANDLED)
Dec 24, 2014 4:02:52 PM org.apache.catalina.core.ApplicationContext log
INFO: cache: init (oncePerRequest=false, attribRunOnce=cache.REQUEST_HANDLED)
Dec 24, 2014 4:02:53 PM org.apache.catalina.core.ApplicationContext log
INFO: BootstrapFilter: init (oncePerRequest=false, attribRunOnce=BootstrapFilter.REQUEST_HANDLED)
Dec 24, 2014 4:02:53 PM org.apache.catalina.core.ApplicationContext log
INFO: ContextListener: contextInitialized()
Dec 24, 2014 4:02:53 PM org.apache.catalina.core.ApplicationContext log
INFO: SessionListener: contextInitialized()
