Dec 23, 2014 5:40:56 PM org.apache.catalina.core.ApplicationContext log
INFO: imageVersionFilter: init (oncePerRequest=false, attribRunOnce=imageVersionFilter.REQUEST_HANDLED)
Dec 23, 2014 5:40:56 PM org.apache.catalina.core.ApplicationContext log
INFO: cache: init (oncePerRequest=true, attribRunOnce=cache.REQUEST_HANDLED)
Dec 23, 2014 5:40:56 PM org.apache.catalina.core.ApplicationContext log
INFO: BootstrapFilter: init (oncePerRequest=true, attribRunOnce=BootstrapFilter.REQUEST_HANDLED)
Dec 23, 2014 5:41:00 PM org.apache.catalina.core.ApplicationContext log
INFO: cache: init (oncePerRequest=true, attribRunOnce=cache.REQUEST_HANDLED)
Dec 23, 2014 5:41:02 PM org.apache.catalina.core.ApplicationContext log
INFO: imageVersionFilter: init (oncePerRequest=false, attribRunOnce=imageVersionFilter.REQUEST_HANDLED)
Dec 23, 2014 5:41:02 PM org.apache.catalina.core.ApplicationContext log
INFO: cache: init (oncePerRequest=false, attribRunOnce=cache.REQUEST_HANDLED)
Dec 23, 2014 5:41:02 PM org.apache.catalina.core.ApplicationContext log
INFO: BootstrapFilter: init (oncePerRequest=false, attribRunOnce=BootstrapFilter.REQUEST_HANDLED)
Dec 23, 2014 5:41:03 PM org.apache.catalina.core.ApplicationContext log
INFO: ContextListener: contextInitialized()
Dec 23, 2014 5:41:03 PM org.apache.catalina.core.ApplicationContext log
INFO: SessionListener: contextInitialized()
Dec 23, 2014 6:00:15 PM org.apache.catalina.core.ApplicationContext log
INFO: imageVersionFilter: destroy
Dec 23, 2014 6:00:15 PM org.apache.catalina.core.ApplicationContext log
INFO: BootstrapFilter: destroy
Dec 23, 2014 6:00:16 PM org.apache.catalina.core.ApplicationContext log
INFO: SessionListener: contextDestroyed()
Dec 23, 2014 6:00:16 PM org.apache.catalina.core.ApplicationContext log
INFO: ContextListener: contextDestroyed()
Dec 23, 2014 6:00:16 PM org.apache.catalina.session.StandardSession writeObject
WARNING: Cannot serialize session attribute neo.phoenix.publication.PublicationSelectionForm for session 7D2EE38F9FF2B367DBE979ECB74E5BB7.jvm1
java.io.NotSerializableException: org.apache.log4j.Logger
	at java.io.ObjectOutputStream.writeObject0(ObjectOutputStream.java:1184)
	at java.io.ObjectOutputStream.defaultWriteFields(ObjectOutputStream.java:1548)
	at java.io.ObjectOutputStream.writeSerialData(ObjectOutputStream.java:1509)
	at java.io.ObjectOutputStream.writeOrdinaryObject(ObjectOutputStream.java:1432)
	at java.io.ObjectOutputStream.writeObject0(ObjectOutputStream.java:1178)
	at java.io.ObjectOutputStream.writeObject(ObjectOutputStream.java:348)
	at org.apache.catalina.session.StandardSession.writeObject(StandardSession.java:1586)
	at org.apache.catalina.session.StandardSession.writeObjectData(StandardSession.java:1016)
	at org.apache.catalina.session.StandardManager.doUnload(StandardManager.java:529)
	at org.apache.catalina.session.StandardManager.unload(StandardManager.java:470)
	at org.apache.catalina.session.StandardManager.stop(StandardManager.java:679)
	at org.apache.catalina.core.StandardContext.stop(StandardContext.java:4886)
	at org.apache.catalina.core.ContainerBase.removeChild(ContainerBase.java:939)
	at org.apache.catalina.startup.HostConfig.undeployApps(HostConfig.java:1359)
	at org.apache.catalina.startup.HostConfig.stop(HostConfig.java:1330)
	at org.apache.catalina.startup.HostConfig.lifecycleEvent(HostConfig.java:326)
	at org.apache.catalina.util.LifecycleSupport.fireLifecycleEvent(LifecycleSupport.java:142)
	at org.apache.catalina.core.ContainerBase.stop(ContainerBase.java:1101)
	at org.apache.catalina.core.ContainerBase.stop(ContainerBase.java:1113)
	at org.apache.catalina.core.StandardEngine.stop(StandardEngine.java:468)
	at org.apache.catalina.core.StandardService.stop(StandardService.java:604)
	at org.apache.catalina.core.StandardServer.stop(StandardServer.java:793)
	at org.apache.catalina.startup.Catalina.stop(Catalina.java:662)
	at org.apache.catalina.startup.Catalina$CatalinaShutdownHook.run(Catalina.java:706)

Dec 23, 2014 6:00:16 PM org.apache.catalina.core.ApplicationContext log
INFO: imageVersionFilter: destroy
Dec 23, 2014 6:00:16 PM org.apache.catalina.core.ApplicationContext log
INFO: BootstrapFilter: destroy
Dec 23, 2014 6:00:22 PM org.apache.catalina.core.ApplicationContext log
INFO: imageVersionFilter: init (oncePerRequest=false, attribRunOnce=imageVersionFilter.REQUEST_HANDLED)
Dec 23, 2014 6:00:22 PM org.apache.catalina.core.ApplicationContext log
INFO: cache: init (oncePerRequest=true, attribRunOnce=cache.REQUEST_HANDLED)
Dec 23, 2014 6:00:22 PM org.apache.catalina.core.ApplicationContext log
INFO: BootstrapFilter: init (oncePerRequest=true, attribRunOnce=BootstrapFilter.REQUEST_HANDLED)
Dec 23, 2014 6:00:25 PM org.apache.catalina.core.ApplicationContext log
INFO: cache: init (oncePerRequest=true, attribRunOnce=cache.REQUEST_HANDLED)
Dec 23, 2014 6:00:27 PM org.apache.catalina.core.ApplicationContext log
INFO: imageVersionFilter: init (oncePerRequest=false, attribRunOnce=imageVersionFilter.REQUEST_HANDLED)
Dec 23, 2014 6:00:27 PM org.apache.catalina.core.ApplicationContext log
INFO: cache: init (oncePerRequest=false, attribRunOnce=cache.REQUEST_HANDLED)
Dec 23, 2014 6:00:27 PM org.apache.catalina.core.ApplicationContext log
INFO: BootstrapFilter: init (oncePerRequest=false, attribRunOnce=BootstrapFilter.REQUEST_HANDLED)
Dec 23, 2014 6:00:27 PM org.apache.catalina.core.ApplicationContext log
INFO: ContextListener: contextInitialized()
Dec 23, 2014 6:00:27 PM org.apache.catalina.core.ApplicationContext log
INFO: SessionListener: contextInitialized()
Dec 23, 2014 9:16:13 PM org.apache.catalina.core.ApplicationContext log
INFO: imageVersionFilter: destroy
Dec 23, 2014 9:16:13 PM org.apache.catalina.core.ApplicationContext log
INFO: BootstrapFilter: destroy
Dec 23, 2014 9:16:13 PM org.apache.catalina.core.ApplicationContext log
INFO: SessionListener: contextDestroyed()
Dec 23, 2014 9:16:13 PM org.apache.catalina.core.ApplicationContext log
INFO: ContextListener: contextDestroyed()
Dec 23, 2014 9:16:13 PM org.apache.catalina.core.ApplicationContext log
INFO: imageVersionFilter: destroy
Dec 23, 2014 9:16:13 PM org.apache.catalina.core.ApplicationContext log
INFO: BootstrapFilter: destroy
Dec 23, 2014 9:31:49 PM org.apache.catalina.core.ApplicationContext log
INFO: imageVersionFilter: init (oncePerRequest=false, attribRunOnce=imageVersionFilter.REQUEST_HANDLED)
Dec 23, 2014 9:31:49 PM org.apache.catalina.core.ApplicationContext log
INFO: cache: init (oncePerRequest=true, attribRunOnce=cache.REQUEST_HANDLED)
Dec 23, 2014 9:31:49 PM org.apache.catalina.core.ApplicationContext log
INFO: BootstrapFilter: init (oncePerRequest=true, attribRunOnce=BootstrapFilter.REQUEST_HANDLED)
Dec 23, 2014 9:31:52 PM org.apache.catalina.core.ApplicationContext log
INFO: cache: init (oncePerRequest=true, attribRunOnce=cache.REQUEST_HANDLED)
Dec 23, 2014 9:31:54 PM org.apache.catalina.core.ApplicationContext log
INFO: imageVersionFilter: init (oncePerRequest=false, attribRunOnce=imageVersionFilter.REQUEST_HANDLED)
Dec 23, 2014 9:31:54 PM org.apache.catalina.core.ApplicationContext log
INFO: cache: init (oncePerRequest=false, attribRunOnce=cache.REQUEST_HANDLED)
Dec 23, 2014 9:31:54 PM org.apache.catalina.core.ApplicationContext log
INFO: BootstrapFilter: init (oncePerRequest=false, attribRunOnce=BootstrapFilter.REQUEST_HANDLED)
Dec 23, 2014 9:31:54 PM org.apache.catalina.core.ApplicationContext log
INFO: ContextListener: contextInitialized()
Dec 23, 2014 9:31:54 PM org.apache.catalina.core.ApplicationContext log
INFO: SessionListener: contextInitialized()
Dec 23, 2014 10:10:13 PM org.apache.catalina.core.ApplicationContext log
INFO: imageVersionFilter: destroy
Dec 23, 2014 10:10:13 PM org.apache.catalina.core.ApplicationContext log
INFO: BootstrapFilter: destroy
Dec 23, 2014 10:10:13 PM org.apache.catalina.core.ApplicationContext log
INFO: SessionListener: contextDestroyed()
Dec 23, 2014 10:10:13 PM org.apache.catalina.core.ApplicationContext log
INFO: ContextListener: contextDestroyed()
Dec 23, 2014 10:10:13 PM org.apache.catalina.core.ApplicationContext log
INFO: imageVersionFilter: destroy
Dec 23, 2014 10:10:13 PM org.apache.catalina.core.ApplicationContext log
INFO: BootstrapFilter: destroy
Dec 23, 2014 10:10:19 PM org.apache.catalina.core.ApplicationContext log
INFO: imageVersionFilter: init (oncePerRequest=false, attribRunOnce=imageVersionFilter.REQUEST_HANDLED)
Dec 23, 2014 10:10:19 PM org.apache.catalina.core.ApplicationContext log
INFO: cache: init (oncePerRequest=true, attribRunOnce=cache.REQUEST_HANDLED)
Dec 23, 2014 10:10:19 PM org.apache.catalina.core.ApplicationContext log
INFO: BootstrapFilter: init (oncePerRequest=true, attribRunOnce=BootstrapFilter.REQUEST_HANDLED)
Dec 23, 2014 10:10:22 PM org.apache.catalina.core.ApplicationContext log
INFO: cache: init (oncePerRequest=true, attribRunOnce=cache.REQUEST_HANDLED)
Dec 23, 2014 10:10:24 PM org.apache.catalina.core.ApplicationContext log
INFO: imageVersionFilter: init (oncePerRequest=false, attribRunOnce=imageVersionFilter.REQUEST_HANDLED)
Dec 23, 2014 10:10:24 PM org.apache.catalina.core.ApplicationContext log
INFO: cache: init (oncePerRequest=false, attribRunOnce=cache.REQUEST_HANDLED)
Dec 23, 2014 10:10:24 PM org.apache.catalina.core.ApplicationContext log
INFO: BootstrapFilter: init (oncePerRequest=false, attribRunOnce=BootstrapFilter.REQUEST_HANDLED)
Dec 23, 2014 10:10:24 PM org.apache.catalina.core.ApplicationContext log
INFO: ContextListener: contextInitialized()
Dec 23, 2014 10:10:24 PM org.apache.catalina.core.ApplicationContext log
INFO: SessionListener: contextInitialized()
Dec 23, 2014 10:17:42 PM org.apache.catalina.core.ApplicationContext log
INFO: imageVersionFilter: destroy
Dec 23, 2014 10:17:42 PM org.apache.catalina.core.ApplicationContext log
INFO: BootstrapFilter: destroy
Dec 23, 2014 10:17:43 PM org.apache.catalina.core.ApplicationContext log
INFO: SessionListener: contextDestroyed()
Dec 23, 2014 10:17:43 PM org.apache.catalina.core.ApplicationContext log
INFO: ContextListener: contextDestroyed()
Dec 23, 2014 10:17:43 PM org.apache.catalina.core.ApplicationContext log
INFO: imageVersionFilter: destroy
Dec 23, 2014 10:17:43 PM org.apache.catalina.core.ApplicationContext log
INFO: BootstrapFilter: destroy
Dec 23, 2014 10:17:49 PM org.apache.catalina.core.ApplicationContext log
INFO: imageVersionFilter: init (oncePerRequest=false, attribRunOnce=imageVersionFilter.REQUEST_HANDLED)
Dec 23, 2014 10:17:49 PM org.apache.catalina.core.ApplicationContext log
INFO: cache: init (oncePerRequest=true, attribRunOnce=cache.REQUEST_HANDLED)
Dec 23, 2014 10:17:49 PM org.apache.catalina.core.ApplicationContext log
INFO: BootstrapFilter: init (oncePerRequest=true, attribRunOnce=BootstrapFilter.REQUEST_HANDLED)
Dec 23, 2014 10:17:52 PM org.apache.catalina.core.ApplicationContext log
INFO: cache: init (oncePerRequest=true, attribRunOnce=cache.REQUEST_HANDLED)
Dec 23, 2014 10:17:54 PM org.apache.catalina.core.ApplicationContext log
INFO: imageVersionFilter: init (oncePerRequest=false, attribRunOnce=imageVersionFilter.REQUEST_HANDLED)
Dec 23, 2014 10:17:54 PM org.apache.catalina.core.ApplicationContext log
INFO: cache: init (oncePerRequest=false, attribRunOnce=cache.REQUEST_HANDLED)
Dec 23, 2014 10:17:54 PM org.apache.catalina.core.ApplicationContext log
INFO: BootstrapFilter: init (oncePerRequest=false, attribRunOnce=BootstrapFilter.REQUEST_HANDLED)
Dec 23, 2014 10:17:54 PM org.apache.catalina.core.ApplicationContext log
INFO: ContextListener: contextInitialized()
Dec 23, 2014 10:17:54 PM org.apache.catalina.core.ApplicationContext log
INFO: SessionListener: contextInitialized()
Dec 23, 2014 10:32:16 PM org.apache.catalina.core.ApplicationContext log
INFO: imageVersionFilter: destroy
Dec 23, 2014 10:32:16 PM org.apache.catalina.core.ApplicationContext log
INFO: BootstrapFilter: destroy
Dec 23, 2014 10:32:16 PM org.apache.catalina.core.ApplicationContext log
INFO: SessionListener: contextDestroyed()
Dec 23, 2014 10:32:16 PM org.apache.catalina.core.ApplicationContext log
INFO: ContextListener: contextDestroyed()
Dec 23, 2014 10:32:16 PM org.apache.catalina.session.StandardSession writeObject
WARNING: Cannot serialize session attribute neo.phoenix.publication.PublicationSelectionForm for session 1B89B00DF453B98D1BE4A3B0DEA01A04.jvm1
java.io.NotSerializableException: org.apache.log4j.Logger
	at java.io.ObjectOutputStream.writeObject0(ObjectOutputStream.java:1184)
	at java.io.ObjectOutputStream.defaultWriteFields(ObjectOutputStream.java:1548)
	at java.io.ObjectOutputStream.writeSerialData(ObjectOutputStream.java:1509)
	at java.io.ObjectOutputStream.writeOrdinaryObject(ObjectOutputStream.java:1432)
	at java.io.ObjectOutputStream.writeObject0(ObjectOutputStream.java:1178)
	at java.io.ObjectOutputStream.writeObject(ObjectOutputStream.java:348)
	at org.apache.catalina.session.StandardSession.writeObject(StandardSession.java:1586)
	at org.apache.catalina.session.StandardSession.writeObjectData(StandardSession.java:1016)
	at org.apache.catalina.session.StandardManager.doUnload(StandardManager.java:529)
	at org.apache.catalina.session.StandardManager.unload(StandardManager.java:470)
	at org.apache.catalina.session.StandardManager.stop(StandardManager.java:679)
	at org.apache.catalina.core.StandardContext.stop(StandardContext.java:4886)
	at org.apache.catalina.core.ContainerBase.removeChild(ContainerBase.java:939)
	at org.apache.catalina.startup.HostConfig.undeployApps(HostConfig.java:1359)
	at org.apache.catalina.startup.HostConfig.stop(HostConfig.java:1330)
	at org.apache.catalina.startup.HostConfig.lifecycleEvent(HostConfig.java:326)
	at org.apache.catalina.util.LifecycleSupport.fireLifecycleEvent(LifecycleSupport.java:142)
	at org.apache.catalina.core.ContainerBase.stop(ContainerBase.java:1101)
	at org.apache.catalina.core.ContainerBase.stop(ContainerBase.java:1113)
	at org.apache.catalina.core.StandardEngine.stop(StandardEngine.java:468)
	at org.apache.catalina.core.StandardService.stop(StandardService.java:604)
	at org.apache.catalina.core.StandardServer.stop(StandardServer.java:793)
	at org.apache.catalina.startup.Catalina.stop(Catalina.java:662)
	at org.apache.catalina.startup.Catalina$CatalinaShutdownHook.run(Catalina.java:706)

Dec 23, 2014 10:32:16 PM org.apache.catalina.session.StandardSession writeObject
WARNING: Cannot serialize session attribute neo.phoenix.publication.PublicationSelectionForm for session 8278998CFAAF0F1196D1D70A17CDBA0B.jvm1
java.io.NotSerializableException: org.apache.log4j.Logger
	at java.io.ObjectOutputStream.writeObject0(ObjectOutputStream.java:1184)
	at java.io.ObjectOutputStream.defaultWriteFields(ObjectOutputStream.java:1548)
	at java.io.ObjectOutputStream.writeSerialData(ObjectOutputStream.java:1509)
	at java.io.ObjectOutputStream.writeOrdinaryObject(ObjectOutputStream.java:1432)
	at java.io.ObjectOutputStream.writeObject0(ObjectOutputStream.java:1178)
	at java.io.ObjectOutputStream.writeObject(ObjectOutputStream.java:348)
	at org.apache.catalina.session.StandardSession.writeObject(StandardSession.java:1586)
	at org.apache.catalina.session.StandardSession.writeObjectData(StandardSession.java:1016)
	at org.apache.catalina.session.StandardManager.doUnload(StandardManager.java:529)
	at org.apache.catalina.session.StandardManager.unload(StandardManager.java:470)
	at org.apache.catalina.session.StandardManager.stop(StandardManager.java:679)
	at org.apache.catalina.core.StandardContext.stop(StandardContext.java:4886)
	at org.apache.catalina.core.ContainerBase.removeChild(ContainerBase.java:939)
	at org.apache.catalina.startup.HostConfig.undeployApps(HostConfig.java:1359)
	at org.apache.catalina.startup.HostConfig.stop(HostConfig.java:1330)
	at org.apache.catalina.startup.HostConfig.lifecycleEvent(HostConfig.java:326)
	at org.apache.catalina.util.LifecycleSupport.fireLifecycleEvent(LifecycleSupport.java:142)
	at org.apache.catalina.core.ContainerBase.stop(ContainerBase.java:1101)
	at org.apache.catalina.core.ContainerBase.stop(ContainerBase.java:1113)
	at org.apache.catalina.core.StandardEngine.stop(StandardEngine.java:468)
	at org.apache.catalina.core.StandardService.stop(StandardService.java:604)
	at org.apache.catalina.core.StandardServer.stop(StandardServer.java:793)
	at org.apache.catalina.startup.Catalina.stop(Catalina.java:662)
	at org.apache.catalina.startup.Catalina$CatalinaShutdownHook.run(Catalina.java:706)

Dec 23, 2014 10:32:16 PM org.apache.catalina.core.ApplicationContext log
INFO: imageVersionFilter: destroy
Dec 23, 2014 10:32:16 PM org.apache.catalina.core.ApplicationContext log
INFO: BootstrapFilter: destroy
Dec 23, 2014 10:32:22 PM org.apache.catalina.core.ApplicationContext log
INFO: imageVersionFilter: init (oncePerRequest=false, attribRunOnce=imageVersionFilter.REQUEST_HANDLED)
Dec 23, 2014 10:32:22 PM org.apache.catalina.core.ApplicationContext log
INFO: cache: init (oncePerRequest=true, attribRunOnce=cache.REQUEST_HANDLED)
Dec 23, 2014 10:32:22 PM org.apache.catalina.core.ApplicationContext log
INFO: BootstrapFilter: init (oncePerRequest=true, attribRunOnce=BootstrapFilter.REQUEST_HANDLED)
Dec 23, 2014 10:32:26 PM org.apache.catalina.core.ApplicationContext log
INFO: cache: init (oncePerRequest=true, attribRunOnce=cache.REQUEST_HANDLED)
Dec 23, 2014 10:32:28 PM org.apache.catalina.core.ApplicationContext log
INFO: imageVersionFilter: init (oncePerRequest=false, attribRunOnce=imageVersionFilter.REQUEST_HANDLED)
Dec 23, 2014 10:32:28 PM org.apache.catalina.core.ApplicationContext log
INFO: cache: init (oncePerRequest=false, attribRunOnce=cache.REQUEST_HANDLED)
Dec 23, 2014 10:32:28 PM org.apache.catalina.core.ApplicationContext log
INFO: BootstrapFilter: init (oncePerRequest=false, attribRunOnce=BootstrapFilter.REQUEST_HANDLED)
Dec 23, 2014 10:32:28 PM org.apache.catalina.core.ApplicationContext log
INFO: ContextListener: contextInitialized()
Dec 23, 2014 10:32:28 PM org.apache.catalina.core.ApplicationContext log
INFO: SessionListener: contextInitialized()
